C51 COMPILER V9.59.0.0   BYD_LED                                                           01/15/2021 17:11:11 PAGE 1   


C51 COMPILER V9.59.0.0, COMPILATION OF MODULE BYD_LED
OBJECT MODULE PLACED IN .\output\byd_led.obj
COMPILER INVOKED BY: C:\Keil_v5\C51\BIN\C51.EXE source\byd_led.c LARGE OMF2 OPTIMIZE(8,SPEED) BROWSE INCDIR(.\include;.\
                    -Library\byd_standard_peripheral\include;.\byd_api\byd_key\include;.\byd_api\byd_mifare\include;.\byd_tool_comm;.\byd_rfi
                    -d;.\mmi_inc) DEBUG PRINT(.\list\byd_led.lst) TABS(2) OBJECT(.\output\byd_led.obj)

line level    source

   1          /*!
   2              \file  byd_led.c
   3              \brief led app
   4          */
   5          
   6          /*
   7              Copyright (C) 2020 BYD
   8          
   9              2020-07-13, V1.0.0, app for byd
  10          */
  11          
  12          #include "byd_led.h"
  13          
  14          /*!
  15              \brief      led config
  16              \param[in]  none
  17              \param[out] none
  18              \retval     none
  19          */
  20          void led_init(void)
  21          {
  22   1            
  23   1        LED_LCD_FUN_SET(1);
  24   1        LED_ARR_FUN_SET(1);
  25   1        LED_ARR_COM_SET(0);
  26   1        LED_ARR_SEG_SET(0x00);
  27   1        LED_ARR_COM_EN(0xff);//LED行列矩阵COM及SEG口选择,COM口PB0~PB3,SEG口PB4~PB7,对应位1为使能,0为关闭
  28   1        LED_ARR_MODE_SET(0);
  29   1      
  30   1      #if LED_SCAN_INT_EN   
                LED_ARR_SCAN_SET(0);//LED行列矩阵扫描模式选择，0为中断模式，1为循环模式
                LED_IP_SET;       //设置LED中断优先级为高，根据实际应用设置优先级
                LED_INT_FLAG_CLR; //清除LED中断标志位
                LED_IE_SET;     //开LED中断 
              #else
  36   1        LED_ARR_SCAN_SET(1);
  37   1      #endif
  38   1      
  39   1        LED_ARR_DUTY_SET(4);//LED行列矩阵COM通道占空比选择(0~7) (x+1)/8
  40   1        
  41   1        LED_MATRIX_MODE_SET(1);
  42   1        LED_TRI_COM_INV_SET(1);//LED行列矩阵COM口反向选择,1 亮灯时输出高电平; 0 亮灯时输出低电平  
  43   1      
  44   1      }
  45          
  46          /*!
  47              \brief      led work example
  48              \param[in]  none
  49              \param[out] none
  50              \retval     none
  51          */
  52          void led_work(void)
  53          {
C51 COMPILER V9.59.0.0   BYD_LED                                                           01/15/2021 17:11:11 PAGE 2   

  54   1      
  55   1        led_arr_data(0,0x0f); 
  56   1        led_arr_data(1,0x0f); 
  57   1        led_arr_data(2,0x0f);
  58   1        led_arr_data(3,0x0f);     
  59   1        LED_START();//LED扫描开始
  60   1      
  61   1      }


MODULE INFORMATION:   STATIC OVERLAYABLE
   CODE SIZE        =     90    ----
   CONSTANT SIZE    =   ----    ----
   XDATA SIZE       =   ----    ----
   PDATA SIZE       =   ----    ----
   DATA SIZE        =   ----    ----
   IDATA SIZE       =   ----    ----
   BIT SIZE         =   ----    ----
   EDATA SIZE       =   ----    ----
   HDATA SIZE       =   ----    ----
   XDATA CONST SIZE =   ----    ----
   FAR CONST SIZE   =   ----    ----
END OF MODULE INFORMATION.


C51 COMPILATION COMPLETE.  0 WARNING(S),  0 ERROR(S)
