C51 COMPILER V9.59.0.0   BYD_SM4                                                           01/15/2021 17:11:11 PAGE 1   


C51 COMPILER V9.59.0.0, COMPILATION OF MODULE BYD_SM4
OBJECT MODULE PLACED IN .\output\byd_sm4.obj
COMPILER INVOKED BY: C:\Keil_v5\C51\BIN\C51.EXE source\byd_sm4.c LARGE OMF2 OPTIMIZE(8,SPEED) BROWSE INCDIR(.\include;.\
                    -Library\byd_standard_peripheral\include;.\byd_api\byd_key\include;.\byd_api\byd_mifare\include;.\byd_tool_comm;.\byd_rfi
                    -d;.\mmi_inc) DEBUG PRINT(.\list\byd_sm4.lst) TABS(2) OBJECT(.\output\byd_sm4.obj)

line level    source

   1          /*!
   2              \file  byd_sm4.c
   3              \brief sm4 app
   4          */
   5          
   6          /*
   7              Copyright (C) 2020 BYD
   8          
   9              2020-07-13, V1.0.0, app for byd
  10          */
  11          
  12          #include "byd_sm4.h"
  13          #include "mcu02_system.h"
  14          
  15          #if SM4_INT_EN
  16          volatile bit g_bSm4IntFlag = 0;
  17          #endif
  18          
  19          /*!
  20              \brief      sm4 init
  21              \param[in]  none
  22              \param[out] none
  23              \retval     none
  24          */
  25          void byd_sm4_init(void)
  26          {
  27   1         uint8_t SM4_KEY_VALUE[16]={1,2,3,4,5,6,7,8,9,10,11,12,13,14,15,16};
  28   1      
  29   1         write_sm4_key((uint8_t *)SM4_KEY_VALUE);
  30   1         
  31   1         INT_TIMER3_SM4_CLR();
  32   1      
  33   1      #if SM4_INT_EN
  34   1         SM4_IPL_SET(LOW);  
  35   1         SM4_INT_ENABLE();   
  36   1      #endif
  37   1      
  38   1      }
  39          
  40          /*!
  41              \brief      sm4 work example
  42              \param[in]  mode:ENCRYPT_MODE or DECRYPT_MODE
  43                  pbuf:16bytes
  44              \param[out] none
  45              \retval     none
  46          */
  47          void byd_sm4_work(uint8_t mode,uint8_t *pbuf)
  48          {
  49   1      
  50   1          sm4_mode_config(mode); 
  51   1        
  52   1        write_sm4_data(pbuf);
  53   1          
C51 COMPILER V9.59.0.0   BYD_SM4                                                           01/15/2021 17:11:11 PAGE 2   

  54   1      #if SM4_INT_EN
  55   1      
  56   1          g_bSm4IntFlag = 0;
  57   1        START_SM4();
  58   1        while(!g_bSm4IntFlag)
  59   1        {
  60   2           WDT_CTRL = 7;
  61   2        }
  62   1      
  63   1      #else
              
                  START_SM4();
                while(1)
                {
                   WDT_CTRL = 7;
                   if((IRCON2 & 0x10) && GET_INT_SM4_FLAG_STATE())
                   {
                      break;
                   } 
                }
                INT_TIMER3_SM4_CLR();
              
              #endif
  77   1          
  78   1         read_sm4_data(pbuf);
  79   1      }


MODULE INFORMATION:   STATIC OVERLAYABLE
   CODE SIZE        =     96    ----
   CONSTANT SIZE    =     16    ----
   XDATA SIZE       =   ----      19
   PDATA SIZE       =   ----    ----
   DATA SIZE        =   ----    ----
   IDATA SIZE       =   ----    ----
   BIT SIZE         =      1    ----
   EDATA SIZE       =   ----    ----
   HDATA SIZE       =   ----    ----
   XDATA CONST SIZE =   ----    ----
   FAR CONST SIZE   =   ----    ----
END OF MODULE INFORMATION.


C51 COMPILATION COMPLETE.  0 WARNING(S),  0 ERROR(S)
