C51 COMPILER V9.59.0.0   BYD_TRACEMODE                                                     04/19/2021 10:41:14 PAGE 1   


C51 COMPILER V9.59.0.0, COMPILATION OF MODULE BYD_TRACEMODE
OBJECT MODULE PLACED IN .\output\byd_tracemode.obj
COMPILER INVOKED BY: D:\Keil_v5\C51\BIN\C51.EXE byd_tool_comm\byd_tracemode.c LARGE OMF2 OPTIMIZE(8,SPEED) BROWSE INCDIR
                    -(.\include;.\Library\byd_standard_peripheral\include;.\byd_api\byd_key\include;.\byd_api\byd_mifare\include;.\byd_tool_c
                    -omm;.\byd_rfid;.\mmi_inc) DEBUG PRINT(.\list\byd_tracemode.lst) TABS(2) OBJECT(.\output\byd_tracemode.obj)

line level    source

   1          /*!
   2              \file  byd_tracemode.c
   3              \brief tracemode api
   4          */
   5          
   6          /*
   7              Copyright (C) 2020 BYD
   8          
   9              2020-07-28, V1.0.0, api for tracemode
  10          */
  11          
  12          #include "byd_tracemode.h"
  13          #include "mcu02_system.h"
  14          #include "mcu02_iic.h"
  15          #include "mcu02_gpio.h"
  16          #include "byd_ctk.h"
  17          #include "byd_init.h"
  18          
  19          #if TRACEMODE_EN
              
              volatile bit g_bNeedCheckOdd = 0;
              volatile bit g_ucOddCheck = 0;
              
              uint8_t xdata g_ucTraceModeReadCnt = 0;
              uint8_t xdata g_ucTraceModeDateCnt = 0;
              uint8_t xdata g_ucTraceModeCmd = 0;
              uint32_t xdata g_ulKeyTouchFlag = 0;
              //-----------------------------------------------------------------//
              //函数名称： void byd_tracemode_init(void)
              //函数功能： iic初始化
              //输入参数： 无
              //输出参数： 无
              //返 回 值： 无
              //-----------------------------------------------------------------//
              void byd_tracemode_init(uint8_t iic_slaveaddr,uint8_t iic_port)
              {
                iic_port_select(iic_port);
              
                if(iic_port==GPIO_PC4_PC5)
                {
                   SET_PC4_PU_ON;//开启上拉
                   SET_PC5_PU_ON;//开启上拉
                   SET_PC4_IO_IN;
                   SET_PC5_IO_IN; 
                }
                else
                {
                   SET_PE4_PU_ON;//开启上拉
                   SET_PE5_PU_ON;//开启上拉
                   SET_PE4_IO_IN;
                   SET_PE5_IO_IN; 
                }
              
C51 COMPILER V9.59.0.0   BYD_TRACEMODE                                                     04/19/2021 10:41:14 PAGE 2   

                IIC_ADDR_SET(iic_slaveaddr);
                IICSTAT = 0;
                IICCON |= IIC_SCLEN;
              
              #if IIC_RD_SCL_SEL
                IIC_RD_SCL_SET(SCL_LOCK_RD_DISABLE);
              #else
                IIC_RD_SCL_SET(SCL_LOCK_RD_ENABLE);
              #endif
              
                IIC_WR_SCL_SET(SCL_LOCK_WR_DISABLE);
                IIC_SR_SET(IIC_100K);
              
                INT_IIC_CLR();
                IIC_IPL_SET(HIGH);
                IIC_INT_ENABLE();
                
                IIC_ENABLE();
              }
              //-----------------------------------------------------------------//
              //函数名称： void byd_tracemode_read(void)
              //函数功能： 读数据
              //输入参数： 无
              //输出参数： 无
              //返 回 值： 无
              //-----------------------------------------------------------------//
              void byd_tracemode_read(void)
              {
                  uint8_t tmp;
                
                if(g_ucTraceModeCmd == 0xb3)
                {
                  if(g_ucTraceModeReadCnt<1)
                    {
                    tmp = 0xae;
                  }
                  else if(g_ucTraceModeReadCnt < ((SENSOR_NUM<<1) + 1)) //rawdata
                  {
                      g_bNeedCheckOdd = 1;
                    
                    if(g_ucTraceModeReadCnt & 0x01) 
                    { 
                      tmp = (rawdata[g_ucTraceModeDateCnt] >> 8);
                    }
                    else
                    {
                      tmp = rawdata[g_ucTraceModeDateCnt];
                      g_ucTraceModeDateCnt ++;  
                    }
                  }
                  else if(g_ucTraceModeReadCnt==((SENSOR_NUM<<1)+1)) //baseline
                  {
                      g_bNeedCheckOdd = 1;
                    g_ucTraceModeDateCnt = 0;
                    tmp = (baseline[0] >> 8);
                  }
                  else if(g_ucTraceModeReadCnt < ((SENSOR_NUM << 2) + 1))   //发送BASELINE
                  {     
                    g_bNeedCheckOdd = 1;      
                    if(g_ucTraceModeReadCnt & 0x01) 
                    {
                      tmp = baseline[g_ucTraceModeDateCnt]>>8;
C51 COMPILER V9.59.0.0   BYD_TRACEMODE                                                     04/19/2021 10:41:14 PAGE 3   

                    }
                    else
                    {
                      tmp = baseline[g_ucTraceModeDateCnt]; 
                      g_ucTraceModeDateCnt++; 
                    } 
                  } 
                  else if(g_ucTraceModeReadCnt == ((SENSOR_NUM << 2) + 1))    //发送奇偶校验位
                  {
                    tmp = g_ucOddCheck;     
                  }
                  else if(g_ucTraceModeReadCnt == ((SENSOR_NUM << 2) + 2))    //发送有效数据长度
                  {
                    tmp = SENSOR_NUM << 2;
                  }
                  else if(g_ucTraceModeReadCnt == ((SENSOR_NUM << 2) + 3))    //触摸标志位bit31:24
                  {             
                    tmp = (g_ulKeyTouchFlag >> 24);
                  }
                  else if(g_ucTraceModeReadCnt == ((SENSOR_NUM << 2) + 4))    //触摸标志位bit23:16
                  {            
                    tmp = (g_ulKeyTouchFlag >> 16);   
                  }
                  else if(g_ucTraceModeReadCnt == ((SENSOR_NUM << 2) + 5))    //触摸标志位bit15:8
                  {           
                    tmp = (g_ulKeyTouchFlag >> 8);
                  }         
                  else if(g_ucTraceModeReadCnt == ((SENSOR_NUM << 2) + 6))    //触摸标志位bit7:0
                  {           
                    tmp = g_ulKeyTouchFlag; 
                  }
                  else if(g_ucTraceModeReadCnt <= ((SENSOR_NUM << 2) + 10))   //预留
                  {           
                    tmp = 0x00; 
                  }     
                  else //发送结束码0xff、0xff
                  {     
              //      g_ucTraceModeReadCnt = 0;
                    tmp = 0xff;     
                  }
              #if IIC_RD_SCL_SEL
                    IICBUFFER = tmp;
                  if(g_ucTraceModeReadCnt > ((SENSOR_NUM << 2) + 10))
                  {
                    IICBUFFER = 0xae;
                  }
              #endif      
                }
                else if(g_ucTraceModeCmd == 0xb2)
                {
                   if(g_ucTraceModeReadCnt==0)
                   {
                       tmp = 0xae;
                   }
                   else
                   {
                       tmp = SENSOR_NUM;
                   }
              #if IIC_RD_SCL_SEL
                   IICBUFFER = tmp;   
              #endif
                }
C51 COMPILER V9.59.0.0   BYD_TRACEMODE                                                     04/19/2021 10:41:14 PAGE 4   

              
              #if IIC_RD_SCL_SEL==0
                IICBUF = tmp;
              #endif
              
                if(g_bNeedCheckOdd)   //当前数据是否需要进行奇偶校验
                {
                  g_bNeedCheckOdd = 0;
                  
                  ACC = tmp;
                  if((PSW & 0x01))
                    g_ucOddCheck = !g_ucOddCheck;
                }
              
                g_ucTraceModeReadCnt++;
                 
              }
              //-----------------------------------------------------------------//
              //函数名称： void byd_tracemode_write(void)
              //函数功能： 写数据
              //输入参数： 无
              //输出参数： 无
              //返 回 值： 无
              //-----------------------------------------------------------------//
              void byd_tracemode_write(void)
              {
                 g_ucTraceModeCmd = IICBUF;
              
              #if IIC_RD_SCL_SEL
              //   if(g_ucTraceModeCmd == 0xb2)
              //   {
              //      IICBUFFER = 0xff;
              //   }
              //   else
              //   {
              //      IICBUFFER = 0xae;
              //   }
                 IICBUFFER = 0xae;
              #endif    
              }
              //-----------------------------------------------------------------//
              //函数名称： void byd_tracemode_isr(void)
              //函数功能： 中断处理
              //输入参数： 无
              //输出参数： 无
              //返 回 值： 无
              //-----------------------------------------------------------------//
              void byd_tracemode_isr(void)// interrupt 10
              {
                  uint8_t tmp;
              
                INT_IIC_CLR();
                  
                if(IIC_AD == 0)
                {  
                  if(IIC_RW)
                  {       
                    g_ucOddCheck = 0;       
                    g_ucTraceModeDateCnt = 0;
              
              #if IIC_RD_SCL_SEL
                    g_ucTraceModeReadCnt = 1;
C51 COMPILER V9.59.0.0   BYD_TRACEMODE                                                     04/19/2021 10:41:14 PAGE 5   

              #else
                    g_ucTraceModeReadCnt = 0;
              #endif      
                    byd_tracemode_read();             
                  }
                  else
                  {
                    tmp = IICBUF;
                  }   
                }
                else 
                {
                  if(IIC_RW)
                  {     
                    byd_tracemode_read();         
                  }
                  else 
                  {
                      if(IIC_BF)    
                         byd_tracemode_write();
                  }
                }
                IICCON |= IIC_SCLEN;/* release scl */
                
                if(IIC_WCOL)
                {
                  IICSTAT &= ~0x02;
                }
                if(IIC_RECOV)
                {     
                  IICSTAT &= ~0x01;
                  tmp = IICBUF;
                }
                 
              }
              #endif


MODULE INFORMATION:   STATIC OVERLAYABLE
   CODE SIZE        =   ----    ----
   CONSTANT SIZE    =   ----    ----
   XDATA SIZE       =   ----    ----
   PDATA SIZE       =   ----    ----
   DATA SIZE        =   ----    ----
   IDATA SIZE       =   ----    ----
   BIT SIZE         =   ----    ----
   EDATA SIZE       =   ----    ----
   HDATA SIZE       =   ----    ----
   XDATA CONST SIZE =   ----    ----
   FAR CONST SIZE   =   ----    ----
END OF MODULE INFORMATION.


C51 COMPILATION COMPLETE.  0 WARNING(S),  0 ERROR(S)
