C51 COMPILER V9.59.0.0   BYD_IDLE                                                          01/20/2021 15:01:18 PAGE 1   


C51 COMPILER V9.59.0.0, COMPILATION OF MODULE BYD_IDLE
OBJECT MODULE PLACED IN .\output\byd_idle.obj
COMPILER INVOKED BY: C:\Keil_v5\C51\BIN\C51.EXE source\byd_idle.c LARGE OMF2 OPTIMIZE(8,SPEED) BROWSE INCDIR(.\include;.
                    -\Library\byd_standard_peripheral\include;.\byd_api\byd_key\include;.\byd_api\byd_mifare\include;.\byd_tool_comm;.\byd_rf
                    -id;.\mmi_inc) DEBUG PRINT(.\list\byd_idle.lst) TABS(2) OBJECT(.\output\byd_idle.obj)

line level    source

   1          /*!
   2              \file  byd_idle.c
   3              \brief idle app
   4          */
   5          
   6          /*
   7              Copyright (C) 2020 BYD
   8          
   9              2020-07-20, V1.0.0, app for byd
  10          */
  11          
  12          #include "byd_idle.h"
  13          #include "byd_init.h"
  14          #include "delay.h"
  15          #include "bydmcu_libopt.h"
  16          
  17          /*!
  18              \brief      enter idlemode example
  19                  wake-up interrupt sources:
  20                  exti0-4/wdt/timer2/iic/lcd
  21              \param[in]  none
  22              \param[out] none
  23              \retval     none
  24          */
  25          void byd_idlemode(void)
  26          {
  27   1          
  28   1      /*-----------------------------------------------------------------------------------
  29   1          close other wake-up interrupt sources that you already use
  30   1      -------------------------------------------------------------------------------------*/ 
  31   1        
  32   1        WDT_DISABLE();//close wdt      
  33   1      
  34   1      //关闭相应使用模块节约功耗
  35   1      
  36   1          TIMER2_INT_ENABLE();//使能中断
  37   1        TIMER2_ENABLE();
  38   1      
  39   1        lowpower_idle();//enter idlemode
  40   1          
  41   1      //  delay_us(1);  
  42   1        
  43   1        TIMER2_DISABLE();
  44   1        TIMER2_INT_DISABLE();//关闭中断
  45   1          
  46   1        WDT_ENABLE();//open wdt
  47   1      
  48   1      //恢复使用模块配置
  49   1      
  50   1      }
  51          


C51 COMPILER V9.59.0.0   BYD_IDLE                                                          01/20/2021 15:01:18 PAGE 2   

MODULE INFORMATION:   STATIC OVERLAYABLE
   CODE SIZE        =     22    ----
   CONSTANT SIZE    =   ----    ----
   XDATA SIZE       =   ----    ----
   PDATA SIZE       =   ----    ----
   DATA SIZE        =   ----    ----
   IDATA SIZE       =   ----    ----
   BIT SIZE         =   ----    ----
   EDATA SIZE       =   ----    ----
   HDATA SIZE       =   ----    ----
   XDATA CONST SIZE =   ----    ----
   FAR CONST SIZE   =   ----    ----
END OF MODULE INFORMATION.


C51 COMPILATION COMPLETE.  0 WARNING(S),  0 ERROR(S)
