C51 COMPILER V9.59.0.0   DQIOT_DRV_LED                                                     02/19/2021 17:29:46 PAGE 1   


C51 COMPILER V9.59.0.0, COMPILATION OF MODULE DQIOT_DRV_LED
OBJECT MODULE PLACED IN .\output\dqiot_drv_led.obj
COMPILER INVOKED BY: D:\Keil_v5\C51\BIN\C51.EXE source\dqiot_drv_led.c LARGE OMF2 OPTIMIZE(8,SPEED) BROWSE INCDIR(.\incl
                    -ude;.\Library\byd_standard_peripheral\include;.\byd_api\byd_key\include;.\byd_api\byd_mifare\include;.\byd_tool_comm;.\b
                    -yd_rfid;.\mmi_inc) DEBUG PRINT(.\list\dqiot_drv_led.lst) TABS(2) OBJECT(.\output\dqiot_drv_led.obj)

line level    source

   1          #ifndef __DQIOT_DRV_LED_C__
   2          #define __DQIOT_DRV_LED_C__
   3          
   4          #include "dqiot_drv.h"
   5          #include "dqiot_drv_led.h"
   6          
   7          /*
   8          parameter: 
   9            none
  10          return :
  11            none
  12          */
  13          void dqiot_drv_key_led_gpio_init(void)
  14          {
  15   1        gpio_init(KEY_LED_1_PORT,KEY_LED_1_PIN,GPIO_MODE_OUT);
  16   1        gpio_init(KEY_LED_2_PORT,KEY_LED_2_PIN,GPIO_MODE_OUT);
  17   1        gpio_init(KEY_LED_3_PORT,KEY_LED_3_PIN,GPIO_MODE_OUT);
  18   1        gpio_bit_set(KEY_LED_1_PORT,KEY_LED_1_PIN);
  19   1        gpio_bit_set(KEY_LED_2_PORT,KEY_LED_2_PIN);
  20   1        gpio_bit_set(KEY_LED_3_PORT,KEY_LED_3_PIN);
  21   1      
  22   1        return;
  23   1      }
  24          
  25          /*
  26          parameter: 
  27            none
  28          return :
  29            none
  30          */
  31          void dqiot_drv_key_led_on(void)
  32          {
  33   1        gpio_bit_reset(KEY_LED_1_PORT,KEY_LED_1_PIN);
  34   1        gpio_bit_reset(KEY_LED_2_PORT,KEY_LED_2_PIN);
  35   1        gpio_bit_reset(KEY_LED_3_PORT,KEY_LED_3_PIN);
  36   1      
  37   1        return;
  38   1      }
  39          
  40          /*
  41          parameter: 
  42            none
  43          return :
  44            none
  45          */
  46          void dqiot_drv_key_led_off(void)
  47          {
  48   1        gpio_bit_set(KEY_LED_1_PORT,KEY_LED_1_PIN);
  49   1        gpio_bit_set(KEY_LED_2_PORT,KEY_LED_2_PIN);
  50   1        gpio_bit_set(KEY_LED_3_PORT,KEY_LED_3_PIN);
  51   1      
  52   1        return;
  53   1      }
C51 COMPILER V9.59.0.0   DQIOT_DRV_LED                                                     02/19/2021 17:29:46 PAGE 2   

  54          
  55          /*
  56          parameter: 
  57            none
  58          return :
  59            none
  60          */
  61          void dqiot_drv_rgb_led_gpio_init(void)
  62          {
  63   1        gpio_init(RGB_LED_R_PORT,RGB_LED_R_PIN,GPIO_MODE_OUT);
  64   1        gpio_init(RGB_LED_G_PORT,RGB_LED_G_PIN,GPIO_MODE_OUT);
  65   1        gpio_init(RGB_LED_B_PORT,RGB_LED_B_PIN,GPIO_MODE_OUT);
  66   1        gpio_bit_reset(RGB_LED_R_PORT,RGB_LED_R_PIN);
  67   1        gpio_bit_reset(RGB_LED_G_PORT,RGB_LED_G_PIN);
  68   1        gpio_bit_reset(RGB_LED_B_PORT,RGB_LED_B_PIN);
  69   1      
  70   1        return;
  71   1      }
  72          
  73          /*
  74          parameter: 
  75            none
  76          return :
  77            none
  78          */
  79          void dqiot_drv_rgb_led_on(void)
  80          {
  81   1        gpio_bit_reset(KEY_LED_1_PORT,KEY_LED_1_PIN);
  82   1        gpio_bit_reset(KEY_LED_2_PORT,KEY_LED_2_PIN);
  83   1        gpio_bit_reset(KEY_LED_3_PORT,KEY_LED_3_PIN);
  84   1      
  85   1        return;
  86   1      }
  87          
  88          /*
  89          parameter: 
  90            none
  91          return :
  92            none
  93          */
  94          void dqiot_drv_rgb_led_off(void)
  95          {
  96   1        gpio_bit_set(KEY_LED_1_PORT,KEY_LED_1_PIN);
  97   1        gpio_bit_set(KEY_LED_2_PORT,KEY_LED_2_PIN);
  98   1        gpio_bit_set(KEY_LED_3_PORT,KEY_LED_3_PIN);
  99   1      
 100   1        return;
 101   1      }
 102          
 103          #endif


MODULE INFORMATION:   STATIC OVERLAYABLE
   CODE SIZE        =    180    ----
   CONSTANT SIZE    =   ----    ----
   XDATA SIZE       =   ----    ----
   PDATA SIZE       =   ----    ----
   DATA SIZE        =   ----    ----
   IDATA SIZE       =   ----    ----
   BIT SIZE         =   ----    ----
   EDATA SIZE       =   ----    ----
   HDATA SIZE       =   ----    ----
C51 COMPILER V9.59.0.0   DQIOT_DRV_LED                                                     02/19/2021 17:29:46 PAGE 3   

   XDATA CONST SIZE =   ----    ----
   FAR CONST SIZE   =   ----    ----
END OF MODULE INFORMATION.


C51 COMPILATION COMPLETE.  0 WARNING(S),  0 ERROR(S)
