<<<<<<< HEAD
C51 COMPILER V9.59.0.0   DQIOT_FP_SY                                                       02/24/2021 17:18:59 PAGE 1   
=======
C51 COMPILER V9.59.0.0   DQIOT_FP_SY                                                       02/25/2021 17:42:54 PAGE 1   
>>>>>>> six commit


C51 COMPILER V9.59.0.0, COMPILATION OF MODULE DQIOT_FP_SY
OBJECT MODULE PLACED IN .\output\dqiot_fp_sy.obj
COMPILER INVOKED BY: D:\Keil_v5\C51\BIN\C51.EXE source\dqiot_fp_sy.c LARGE OMF2 OPTIMIZE(8,SPEED) BROWSE INCDIR(.\includ
                    -e;.\Library\byd_standard_peripheral\include;.\byd_api\byd_key\include;.\byd_api\byd_mifare\include;.\byd_tool_comm;.\byd
                    -_rfid;.\mmi_inc) DEBUG PRINT(.\list\dqiot_fp_sy.lst) TABS(2) OBJECT(.\output\dqiot_fp_sy.obj)

line level    source

   1          
   2          //#if defined (__PREIPHERAL_FP_SY_SUPPORT__)
   3          //#include "string.h"
   4          #include "dqiot_fp_sy.h"
   5          #include "delay.h"
   6          #include "dqiot_drv.h"
   7          #include "mcu02_uart.h"
   8          
   9          //unsigned long fp_pin_irq_mask;
  10          
  11          //fp_irq_handle_callback fp_callback_handle;
  12          //fp_uart_handle_callback fp_uart_handle = 0;
  13          //unsigned char fp_Mode = 0;
  14          //static unsigned char fp_temp_mode = 0;
  15          
  16          static unsigned char uart_rec_buff[20];
  17          
  18          //static FP_TYPE fp_flag = FP_NONE;
  19          static FP_COLOR_E Light_Color = FP_NONE_COLOR;
  20          //static unsigned char ps_start_flag = 0;
  21          
  22          extern unsigned char uart_get_buf[];
  23          extern unsigned char uart_getbuflen;
  24          
  25          //unsigned short  ReceiveInfo( unsigned char *rec_data);
  26          //void AS608_log(void);
  27          
  28          //void fp_set_irq_handle(fp_irq_handle_callback cb)
  29          //{
  30          //  fp_callback_handle = cb;
  31          //}
  32          
  33          //void fp_set_uart_handle(fp_uart_handle_callback cb)
  34          //{
  35          //  fp_uart_handle = cb;
  36          //}
  37          
  38          ///FP_TYPE fp_get_type(void)
  39          //{
  40          //  return fp_flag;
  41          
  42          //}
  43          
  44          //--------------------------------------------------------------------------------
  45          
  46          //static unsigned char uart_len=0;
  47          //static unsigned short uart_maxlen = 0;
  48          //static unsigned char uart_buff[25]={0};
  49          
  50          //static void UART_Callback(unsigned char send_data)
  51          //{
  52          //  send_data = 0;
  53          //}
<<<<<<< HEAD
C51 COMPILER V9.59.0.0   DQIOT_FP_SY                                                       02/24/2021 17:18:59 PAGE 2   
=======
C51 COMPILER V9.59.0.0   DQIOT_FP_SY                                                       02/25/2021 17:42:54 PAGE 2   
>>>>>>> six commit

  54          
  55          //unsigned char fp_GetModeState(void)
  56          //{
  57          //  return fp_Mode;
  58          //}
  59          
  60          //void fp_SetModeState(unsigned char s)
  61          //{
  62          //  fp_Mode = s;
  63          
  64          //  if(s == 0)
  65          //    Light_Color = FP_NONE_COLOR;
  66          //}
  67          
  68          //static void PS_UART_Callback(unsigned char send_data)
  69          //{
  70          //  if(send_data == 0x55 )
  71          //  {
  72          //    ps_start_flag = 1;
  73          //  }
  74          //}
  75          
  76          //void FP_PowerOn(void)
  77          //{
  78          
  79          //}
  80          
  81          /**
<<<<<<< HEAD
  82            * @brief  AS608_USART串口向指纹模块传递数据 
  83            * @param  data;传输的数据
=======
  82            * @brief  AS608_USART涓插ｅ绾规ā浼版? 
  83            * @param  data;浼杈版?
>>>>>>> six commit
  84            */
  85          void AS608_SendData(unsigned char send_data)
  86          {
  87   1        uart_tx_byte(UART0, send_data);
  88   1      }
  89          
  90          /**
<<<<<<< HEAD
  91            * @brief  AS608_USART串口向指纹模块命令包头格式 
  92            * @param  无
=======
  91            * @brief  AS608_USART涓插ｅ绾规ā戒护澶存煎? 
  92            * @param  ?
>>>>>>> six commit
  93            */
  94          unsigned char AS608_PackHead(void)
  95          {
  96   1      
  97   1        //unsigned char delay_times = 30;
  98   1      
  99   1        //while(ps_start_flag==0&&delay_times>0)
 100   1        //{
 101   1        //  delay_times--;
 102   1        //}
 103   1        //if(ps_start_flag == 0)
 104   1        //{
 105   1        //  return 1;
 106   1        //}
 107   1        //else if(ps_start_flag == 1)
 108   1        //{
 109   1        //  uart_init_block();
 110   1        //  ps_start_flag = 2;
 111   1        //}
 112   1      
<<<<<<< HEAD
 113   1        /*包头 SendHead*/
 114   1        AS608_SendData(0xEF);
 115   1        AS608_SendData(0x01);
C51 COMPILER V9.59.0.0   DQIOT_FP_SY                                                       02/24/2021 17:18:59 PAGE 3   

 116   1      
 117   1        /*指纹模块地址 SendAddr*/
=======
 113   1        /*澶*/
 114   1        AS608_SendData(0xEF);
 115   1        AS608_SendData(0x01);
C51 COMPILER V9.59.0.0   DQIOT_FP_SY                                                       02/25/2021 17:42:54 PAGE 3   

 116   1      
 117   1        /*绾规ā板*/
>>>>>>> six commit
 118   1        AS608_SendData(AS608_Addr >> 24);
 119   1        AS608_SendData(AS608_Addr >> 16);
 120   1        AS608_SendData(AS608_Addr >> 8);
 121   1        AS608_SendData(AS608_Addr);
 122   1      
 123   1        return 0;
 124   1      }
 125          
 126          unsigned char AS608_PackHead2(void)
 127          {
 128   1      
<<<<<<< HEAD
 129   1        /*包头 SendHead*/
 130   1        AS608_SendData(0xEF);
 131   1        AS608_SendData(0x01);
 132   1      
 133   1        /*指纹模块地址*/
=======
 129   1        /*澶*/
 130   1        AS608_SendData(0xEF);
 131   1        AS608_SendData(0x01);
 132   1      
 133   1        /*绾规ā板*/
>>>>>>> six commit
 134   1        AS608_SendData(AS608_Addr >> 24);
 135   1        AS608_SendData(AS608_Addr >> 16);
 136   1        AS608_SendData(AS608_Addr >> 8);
 137   1        AS608_SendData(AS608_Addr);
 138   1      
 139   1        return 0;
 140   1      }
 141          
 142          /**
<<<<<<< HEAD
 143            * @brief  发送包标识
 144            * @param  flag:包标标志
 145            * @retval 无
=======
 143            * @brief  璇
 144            * @param  flag:璇浣
 145            * @retval ?
>>>>>>> six commit
 146            */
 147          void SendFlag(unsigned char flag)
 148          {
 149   1        AS608_SendData(flag);
 150   1      }
 151          
 152          /**
<<<<<<< HEAD
 153            * @brief  发送包长度
 154            * @param  length:包长度
 155            * @retval 无
=======
 153            * @brief  垮害
 154            * @param  length:垮?
 155            * @retval ?
>>>>>>> six commit
 156            */
 157          void SendLength(unsigned short length)
 158          {
 159   1        AS608_SendData(length >> 8);
 160   1        AS608_SendData(length);
 161   1      }
 162          
 163          /**
<<<<<<< HEAD
 164            * @brief  发送指令码
 165            * @param  cmd;指令码
 166            * @retval 无
=======
 164            * @brief  浠ょ
 165            * @param  cmd;浠ょ?
 166            * @retval ?
>>>>>>> six commit
 167            */
 168          void Sendcmd(unsigned char cmd)
 169          {
 170   1        AS608_SendData(cmd);
 171   1      }
 172          
 173          /**
<<<<<<< HEAD
 174            * @brief  发送校验和
 175            * @param  check:检查位
 176            * @retval 无
 177            */
C51 COMPILER V9.59.0.0   DQIOT_FP_SY                                                       02/24/2021 17:18:59 PAGE 4   
=======
 174            * @brief  ￠
 175            * @param  check:妫ヤ
 176            * @retval ?
 177            */
C51 COMPILER V9.59.0.0   DQIOT_FP_SY                                                       02/25/2021 17:42:54 PAGE 4   
>>>>>>> six commit

 178          void SendCheck(unsigned short check)
 179          {
 180   1        AS608_SendData(check >> 8);
 181   1        AS608_SendData(check);
 182   1      }
 183          
 184          /**
<<<<<<< HEAD
 185            * @brief  判断中断接收的数组有没有应答包
 186            * @param  
 187            * waittime为等待中断接收数据的时间(单位1ms)
 188            * length为包长度
 189            * @return 数据包确认码
=======
 185            * @brief  ゆ涓??ユ剁扮娌℃搴绛?
 186            * @param  
 187            * waittime涓虹寰涓?ユ舵版堕?(浣1ms)
 188            * length涓哄垮害
 189            * @return 版纭璁ょ
>>>>>>> six commit
 190            * @note   1 failed
 191            * @see    none
 192            */
 193          static u8 JudgeStr(u16 waittime, u8 length)
 194          {
 195   1        u8 getdata;
 196   1        u8 i = 0, j = 0;
 197   1        //u8 str[8];
 198   1        //str[0] = 0xEF;
 199   1        //str[1] = 0x01;
 200   1        //str[2] = AS608_Addr >> 24;
 201   1        //str[3] = AS608_Addr >> 16;
 202   1        //str[4] = AS608_Addr >> 8;
 203   1        //str[5] = AS608_Addr;
 204   1        //str[6] = 0x07;
 205   1      
 206   1        while (--waittime)
 207   1        {
 208   2          delay_ms(1);
 209   2      
<<<<<<< HEAD
 210   2          /* 接收到一次数据 */
 211   2          if (uart_getbuflen >= 9 + length)
 212   2          {
 213   3            /* 寻找0xEF位置 */
=======
 210   2          /* ユ跺颁娆℃版? */
 211   2          if (uart_getbuflen >= 9 + length)
 212   2          {
 213   3            /* 瀵绘0xEF浣缃 */
>>>>>>> six commit
 214   3            for (i = 0; i < uart_getbuflen; i++)
 215   3            {
 216   4              if (uart_get_buf[i] == 0xEF)
 217   4                break;
 218   4            }
 219   3      
<<<<<<< HEAD
 220   3            /* 判断是否为应答包 */
=======
 220   3            /* ゆ?涓哄绛? */
>>>>>>> six commit
 221   3            if (uart_get_buf[i] == 0xEF && uart_get_buf[i + 1] == 0x01 && uart_get_buf[i + 6] == 0x07 && ((uart_get
             -_buf[i + 7] << 8) + uart_get_buf[i + 8]) == length)
 222   3            {
 223   4              for (i; i < uart_getbuflen; i++)
 224   4              {
 225   5                uart_rec_buff[j] = uart_get_buf[i];
 226   5                j++;
 227   5              }
<<<<<<< HEAD
 228   4              getdata = uart_rec_buff[9]; //确认码
 229   4      
 230   4              /* 清空缓存 */
=======
 228   4              getdata = uart_rec_buff[9]; //纭?璁ょ
 229   4      
 230   4              /* 娓绌虹瀛 */
>>>>>>> six commit
 231   4              uart_getbuflen = 0;
 232   4      
 233   4              return getdata;
 234   4            }
 235   3          }
 236   2        }
 237   1      
 238   1        return 1;
<<<<<<< HEAD
C51 COMPILER V9.59.0.0   DQIOT_FP_SY                                                       02/24/2021 17:18:59 PAGE 5   
=======
C51 COMPILER V9.59.0.0   DQIOT_FP_SY                                                       02/25/2021 17:42:54 PAGE 5   
>>>>>>> six commit

 239   1      }
 240          
 241          #if 0
              /**
<<<<<<< HEAD
                * @brief  从缓冲区读出确认码
                * @param  *i:返回值（确认码）
                * @retval 无
=======
                * @brief  浠缂插鸿诲虹?璁ょ
                * @param  *i:杩硷纭?璁ょ锛?
                * @retval ?
>>>>>>> six commit
                */
              unsigned char  ReturnFlag( unsigned char *i)
              { 
                *i = ReceiveInfo(uart_rec_buff);
                return *i;
              }
              
              unsigned char  ReceiveInfo( unsigned char *rec_data)
              {
                unsigned char *temp_data;
                unsigned short rev_length = 0;
                unsigned char error = 0;
                unsigned char a = 9;
              
                memset(uart_rec_buff,0,sizeof(uart_rec_buff));
              
                do
                {
                  //error = nrf_drv_uart_rx(rec_data,1);
                  //if(error == NRF_ERROR_INTERNAL)
                  //  return 0xFF;
                  if(rec_data[0] == 0xEF)
                    break;
                  if(a==0)
                    return 0xFF;
                }while(a--);
                
              
                rev_length = (rec_data[7]<<8)+rec_data[8];
                temp_data = rec_data+9;
              
                if(rev_length!=0)
                  ;//nrf_drv_uart_rx(temp_data,rev_length);
                else
                  return 0xFF;
              
                AS608_log();
                return temp_data[0];
              }
              #endif
 286          
 287          unsigned char PS_GetEcho(void)
 288          {
<<<<<<< HEAD
 289   1        unsigned char sure; //,p=0;
 290   1      
 291   1        AS608_PackHead2();
 292   1        SendFlag(0x01);
 293   1        SendLength(0x03);
 294   1        Sendcmd(0x53); /*生成特征指令*/
 295   1        SendCheck(0x57);
 296   1      
 297   1        //sure=ReturnFlag(&p);
 298   1        sure = JudgeStr(1000, 0x03);
 299   1      
 300   1        return sure;
C51 COMPILER V9.59.0.0   DQIOT_FP_SY                                                       02/24/2021 17:18:59 PAGE 6   

 301   1      }
 302          
 303          //录入图像 PS_GetImage
 304          //功能:探测手指，探测到后录入指纹图像存于ImageBuffer。
 305          //模块返回确认字
 306          unsigned char PS_GetImage(void)
 307          {
 308   1        unsigned short temp;
 309   1        unsigned char sure; //,p=0;
 310   1        /* 清空缓存 */
 311   1        uart_getbuflen = 0;
 312   1      
 313   1        //delay_ms(300);
 314   1        if (AS608_PackHead() == 1)
 315   1          return 0xFF;
 316   1        SendFlag(0x01); /*命令包标识*/
 317   1        SendLength(0x03);
 318   1        Sendcmd(0x01); /*录指纹指令*/
 319   1        temp = 0x01 + 0x03 + 0x01;
 320   1        SendCheck(temp);
 321   1      
 322   1        // nrf_delay_ms(50); /*等待指纹识别模块处理数据*/
 323   1      
 324   1        // sure = ReturnFlag(&p);
 325   1        sure = JudgeStr(1000, 0x03);
 326   1      
 327   1        return sure;
 328   1      }
 329          
 330          //生成特征 PS_GenChar
 331          //功能:将ImageBuffer中的原始图像生成指纹特征文件存于CharBuffer1或CharBuffer2
 332          //参数:BufferID --> charBuffer1:0x01  charBuffer1:0x02
 333          //模块返回确认字
 334          unsigned char PS_GenChar(unsigned char BufferID)
 335          {
 336   1        unsigned short temp;
 337   1        unsigned char sure; //,p=0;
 338   1      
 339   1        if (AS608_PackHead() == 1)
 340   1          return 0xFF;
 341   1        SendFlag(0x01);
 342   1        SendLength(0x04);
 343   1        Sendcmd(0x02); /*生成特征指令*/
 344   1        AS608_SendData(BufferID);
 345   1        temp = 0x01 + 0x04 + 0x02 + BufferID;
 346   1        SendCheck(temp);
 347   1        //  mmi_dq_log_wakeup_count();
 348   1        // sure = ReturnFlag(&p);
 349   1        sure = JudgeStr(1000, 0x03);
 350   1      
 351   1        return sure;
 352   1      }
 353          
 354          //精确比对两枚指纹特征 PS_Match
 355          //功能:精确比对CharBuffer1 与CharBuffer2 中的特征文件
 356          //模块返回确认字
 357          unsigned char PS_Match(void)
 358          {
 359   1        unsigned short temp;
 360   1        unsigned char sure; //,p=0;
 361   1      
 362   1        if (AS608_PackHead() == 1)
C51 COMPILER V9.59.0.0   DQIOT_FP_SY                                                       02/24/2021 17:18:59 PAGE 7   

 363   1          return 0xFF;
 364   1        SendFlag(0x01);
 365   1        SendLength(0x03);
 366   1        Sendcmd(0x03); /*精确比对指令*/
 367   1        temp = 0x01 + 0x03 + 0x03;
 368   1        SendCheck(temp);
 369   1      
 370   1        // sure = ReturnFlag(&p);
 371   1        sure = JudgeStr(1000, 0x05);
 372   1      
 373   1        return sure;
 374   1      }
 375          //搜索指纹 PS_Search
 376          //功能:以CharBuffer1或CharBuffer2中的特征文件搜索整个或部分指纹库.若搜索到，则返回页码。
 377          //参数:  BufferID @ref CharBuffer1  CharBuffer2
 378          //说明:  模块返回确认字，页码（相配指纹模板）
 379          unsigned char PS_Search(unsigned char BufferID, unsigned short StartPage, unsigned short PageNum, void *p)
 380          {
 381   1        unsigned short temp;
 382   1        unsigned char ensure;
 383   1        //  QUEUE_DATA_TYPE   *rx_data;
 384   1      
 385   1        p = 0;
 386   1      
 387   1        if (AS608_PackHead() == 1)
 388   1          return 0xFF;
 389   1        SendFlag(0x01); //命令包标识
 390   1        SendLength(0x08);
 391   1        Sendcmd(0x04);
 392   1        AS608_SendData(BufferID);
 393   1        AS608_SendData(StartPage >> 8);
 394   1        AS608_SendData(StartPage);
 395   1        AS608_SendData(PageNum >> 8);
 396   1        AS608_SendData(PageNum);
 397   1        temp = 0x01 + 0x08 + 0x04 + BufferID + (StartPage >> 8) + (unsigned char)StartPage + (PageNum >> 8) + (un
             -signed char)PageNum;
 398   1        SendCheck(temp);
 399   1        return ensure;
 400   1      }
 401          
 402          //合并特征（生成模板）PS_RegModel
 403          //功能:将CharBuffer1与CharBuffer2中的特征文件合并生成 模板,结果存于CharBuffer1与CharBuffer2
 404          //说明:  模块返回确认字
 405          unsigned char PS_RegModel(void)
 406          {
 407   1        unsigned short temp;
 408   1        unsigned char sure; //,p=0;
 409   1      
 410   1        if (AS608_PackHead() == 1)
 411   1          return 0xFF;
 412   1        SendFlag(0x01);
 413   1        SendLength(0x03);
 414   1        Sendcmd(0x05); /*合并特征指令*/
 415   1        temp = 0x01 + 0x03 + 0x05;
 416   1        SendCheck(temp);
 417   1      
 418   1        // sure = ReturnFlag(&p);
 419   1        sure = JudgeStr(1000, 0x03);
 420   1      
 421   1        return sure;
 422   1      }
 423          
C51 COMPILER V9.59.0.0   DQIOT_FP_SY                                                       02/24/2021 17:18:59 PAGE 8   

 424          //储存模板 PS_StoreChar
 425          //功能:将 CharBuffer1 或 CharBuffer2 中的模板文件存到 PageID 号flash数据库位置。
 426          //参数:  BufferID @ref charBuffer1:0x01 charBuffer1:0x02
 427          //       PageID（指纹库位置号）
 428          //说明:  模块返回确认字
 429          unsigned char PS_StoreChar(unsigned char BufferID, unsigned short PageID)
 430          {
 431   1        unsigned short temp;
 432   1        unsigned char sure; //,p=0;
 433   1      
 434   1        if (AS608_PackHead() == 1)
 435   1          return 0xFF;
 436   1        SendFlag(0x01);
 437   1        SendLength(0x06);
 438   1        Sendcmd(0x06); /*存储模板指令*/
 439   1        AS608_SendData(BufferID);
 440   1        AS608_SendData(PageID >> 8);
 441   1        AS608_SendData(PageID);
 442   1        temp = 0x01 + 0x06 + 0x06 + BufferID + (PageID >> 8) + (unsigned char)PageID;
 443   1        SendCheck(temp);
 444   1      
 445   1        // sure = ReturnFlag(&p);
 446   1        sure = JudgeStr(1000, 0x03);
 447   1      
 448   1        return sure;
 449   1      }
 450          
 451          //删除模板 PS_DeletChar
 452          //功能:  删除flash数据库中指定ID号开始的N个指纹模板
 453          //参数:  PageID(指纹库模板号)，N删除的模板个数。
 454          //说明:  模块返回确认字
 455          unsigned char PS_DeletChar(unsigned short PageID, unsigned short N)
 456          {
 457   1        unsigned short temp;
 458   1        unsigned char sure; //,p=0;
 459   1      
 460   1        if (AS608_PackHead() == 1)
 461   1          return 0xFF;
 462   1        SendFlag(0x01); //命令包标识
 463   1        SendLength(0x07);
 464   1        Sendcmd(0x0C); /*删除指定指纹模板指令*/
 465   1        AS608_SendData(PageID >> 8);
 466   1        AS608_SendData(PageID);
 467   1        AS608_SendData(N >> 8);
 468   1        AS608_SendData(N);
 469   1        temp = 0x01 + 0x07 + 0x0C + (PageID >> 8) + (unsigned char)PageID + (N >> 8) + (unsigned char)N;
 470   1        SendCheck(temp);
 471   1      
 472   1        //AS608_DELAY_MS(400);
 473   1      
 474   1        // sure = ReturnFlag(&p);
 475   1        sure = JudgeStr(1000, 0x03);
 476   1      
 477   1        return sure;
 478   1      }
 479          
 480          //高速搜索PS_HighSpeedSearch
 481          //功能：以 CharBuffer1或CharBuffer2中的特征文件高速搜索整个或部分指纹库。
 482          //      若搜索到，则返回页码,该指令对于的确存在于指纹库中 ，且登录时质量
 483          //      很好的指纹，会很快给出搜索结果。
 484          //参数:  BufferID， StartPage(起始页)，PageNum（页数）
 485          //说明:  模块返回确认字+页码（相配指纹模板）
C51 COMPILER V9.59.0.0   DQIOT_FP_SY                                                       02/24/2021 17:18:59 PAGE 9   

 486          unsigned char PS_HighSpeedSearch(unsigned char BufferID, unsigned short StartPage, unsigned short PageNum,
             - unsigned short *p)
 487          {
 488   1        unsigned short temp;
 489   1        unsigned char ensure;
 490   1        //unsigned short rc;
 491   1      
 492   1        if (AS608_PackHead() == 1)
 493   1          return 0xFF;
 494   1        SendFlag(0x01);
 495   1        SendLength(0x08);
 496   1        Sendcmd(0x1b); /*高速搜索指纹库指令*/
 497   1        AS608_SendData(BufferID);
 498   1        AS608_SendData(StartPage >> 8);
 499   1        AS608_SendData(StartPage);
 500   1        AS608_SendData(PageNum >> 8);
 501   1        AS608_SendData(PageNum);
 502   1        temp = 0x01 + 0x08 + 0x1b + BufferID + (StartPage >> 8) + (unsigned char)StartPage + (PageNum >> 8) + (un
             -signed char)PageNum;
 503   1        SendCheck(temp);
 504   1      
 505   1        // ensure = ReturnFlag(&rc);
 506   1        ensure = JudgeStr(1000, 0x07);
 507   1      
 508   1        *p = (uart_rec_buff[10] << 8) + uart_rec_buff[11]; //模板号
 509   1      
 510   1        return ensure;
 511   1      }
 512          
 513          //清空指纹库 PS_Empty
 514          //功能:  删除flash数据库中所有指纹模板
 515          //参数:  无
 516          //说明:  模块返回确认字
 517          unsigned char PS_Empty(void)
 518          {
 519   1        unsigned short temp;
 520   1        unsigned char sure; //,p=0;
 521   1      
 522   1        if (AS608_PackHead() == 1)
 523   1          return 0xFF;
 524   1        SendFlag(0x01); //命令包标识
 525   1        SendLength(0x03);
 526   1        Sendcmd(0x0D);
 527   1        temp = 0x01 + 0x03 + 0x0D;
 528   1        SendCheck(temp);
 529   1      
 530   1        // sure = ReturnFlag(&p);
 531   1        sure = JudgeStr(1000, 0x03);
 532   1      
 533   1        return sure;
 534   1      }
 535          
 536          #if 0
              /**
                * @brief  检查STM32与指纹模块的通信连接
                * @param  PS_Addr指纹模块地址
                * @retval 返回值0通讯成功;1表示通讯不成功
=======
 289   1        AS608_PackHead2();
 290   1        SendFlag(0x01);
 291   1        SendLength(0x03);
 292   1        Sendcmd(0x53); /*瑰浠*/
 293   1        SendCheck(0x57);
 294   1      
 295   1        //sure=ReturnFlag(&p);
 296   1        return JudgeStr(1000, 0x03);
 297   1      }
 298          
 299          //褰ュ惧 PS_GetImage
 300          //:㈡锛㈡板褰ユ绾瑰惧瀛浜ImageBuffer?
C51 COMPILER V9.59.0.0   DQIOT_FP_SY                                                       02/25/2021 17:42:54 PAGE 6   

 301          //妯″杩纭?璁ゅ
 302          unsigned char PS_GetImage(void)
 303          {
 304   1        uart_getbuflen = 0;
 305   1        //delay_ms(300);
 306   1        if (AS608_PackHead() == 1)
 307   1          return 0xFF;
 308   1        SendFlag(0x01); /*戒护璇?*/
 309   1        SendLength(0x03);
 310   1        Sendcmd(0x01); /*褰绾规浠?*/
 311   1        SendCheck(0x01 + 0x03 + 0x01);
 312   1      
 313   1        //nrf_delay_ms(50);        /*绛寰绾硅妯″澶版*/
 314   1      
 315   1        // sure = ReturnFlag(&p);
 316   1        return JudgeStr(1000, 0x03);
 317   1      }
 318          
 319          //瑰 PS_GenChar
 320          //:灏ImageBuffer涓?濮惧绾圭瑰浠跺浜CharBuffer1CharBuffer2
 321          //:BufferID --> charBuffer1:0x01  charBuffer1:0x02
 322          //妯″杩纭?璁ゅ
 323          unsigned char PS_GenChar(unsigned char BufferID)
 324          {
 325   1        if (AS608_PackHead() == 1)
 326   1          return 0xFF;
 327   1        SendFlag(0x01);
 328   1        SendLength(0x04);
 329   1        Sendcmd(0x02); /*瑰浠*/
 330   1        AS608_SendData(BufferID);
 331   1        SendCheck(0x01 + 0x04 + 0x02 + BufferID);
 332   1        return JudgeStr(1000, 0x03);
 333   1      }
 334          
 335          //绮剧‘姣?逛袱绾圭瑰? PS_Match
 336          //:绮剧‘姣?CharBuffer1 涓CharBuffer2 涓?瑰浠?
 337          //妯″杩纭?璁ゅ
 338          unsigned char PS_Match(void)
 339          {
 340   1        if (AS608_PackHead() == 1)
 341   1          return 0xFF;
 342   1        SendFlag(0x01);
 343   1        SendLength(0x03);
 344   1        Sendcmd(0x03); /*绮剧‘姣?规浠?*/
 345   1        SendCheck(0x01 + 0x03 + 0x03);
 346   1      
 347   1        // sure = ReturnFlag(&p);
 348   1        return JudgeStr(1000, 0x05);
 349   1      }
 350          //绱㈡绾 PS_Search
 351          //:浠?CharBuffer1CharBuffer2涓?瑰浠舵绱㈡翠?ㄥ绾瑰.ユ绱㈠帮杩
             -椤电?
 352          //:  BufferID @ref CharBuffer1  CharBuffer2
 353          //璇存:  妯″杩纭?璁ゅ锛椤电锛搁绾规ā匡?
 354          unsigned char PS_Search(unsigned char BufferID, unsigned short StartPage, unsigned short PageNum, unsigned
             - short *p)
 355          {
 356   1      
 357   1        unsigned char sure;
 358   1        if (AS608_PackHead() == 1)
 359   1          return 0xFF;
 360   1        SendFlag(0x01); //戒护璇?
C51 COMPILER V9.59.0.0   DQIOT_FP_SY                                                       02/25/2021 17:42:54 PAGE 7   

 361   1        SendLength(0x08);
 362   1        Sendcmd(0x04);
 363   1        AS608_SendData(BufferID);
 364   1        AS608_SendData(StartPage >> 8);
 365   1        AS608_SendData(StartPage);
 366   1        AS608_SendData(PageNum >> 8);
 367   1        AS608_SendData(PageNum);
 368   1        SendCheck(0x01 + 0x08 + 0x04 + BufferID + (StartPage >> 8) + (unsigned char)StartPage + (PageNum >> 8) + 
             -(unsigned char)PageNum);
 369   1        *p = (uart_rec_buff[10] << 8) + uart_rec_buff[11];
 370   1        return sure;
 371   1      }
 372          
 373          //骞剁瑰锛妯℃匡PS_RegModel
 374          //:灏CharBuffer1涓CharBuffer2涓?瑰浠跺骞剁? 妯℃,缁瀛浜CharBuffer1涓CharB
             -uffer2
 375          //璇存:  妯″杩纭?璁ゅ
 376          unsigned char PS_RegModel(void)
 377          {
 378   1        if (AS608_PackHead() == 1)
 379   1          return 0xFF;
 380   1        SendFlag(0x01);
 381   1        SendLength(0x03);
 382   1        Sendcmd(0x05); /*骞剁瑰浠*/
 383   1        SendCheck(0x01 + 0x03 + 0x05);
 384   1      
 385   1        // sure = ReturnFlag(&p);
 386   1        return JudgeStr(1000, 0x03);
 387   1      }
 388          
 389          //ㄥ妯℃ PS_StoreChar
 390          //:灏? CharBuffer1 ? CharBuffer2 涓?妯℃挎浠跺? PageID flash版搴浣缃??
 391          //:  BufferID @ref charBuffer1:0x01 charBuffer1:0x02
 392          //       PageID锛绾瑰浣缃凤
 393          //璇存:  妯″杩纭?璁ゅ
 394          unsigned char PS_StoreChar(unsigned char BufferID, unsigned short PageID)
 395          {
 396   1        unsigned short;
 397   1      
 398   1        if (AS608_PackHead() == 1)
 399   1          return 0xFF;
 400   1        SendFlag(0x01);
 401   1        SendLength(0x06);
 402   1        Sendcmd(0x06); /*瀛ㄦā挎浠*/
 403   1        AS608_SendData(BufferID);
 404   1        AS608_SendData(PageID >> 8);
 405   1        AS608_SendData(PageID);
 406   1        SendCheck(0x01 + 0x06 + 0x06 + BufferID + (PageID >> 8) + (unsigned char)PageID);
 407   1      
 408   1        // sure = ReturnFlag(&p);
 409   1        return JudgeStr(1000, 0x03);
 410   1      }
 411          
 412          //ゆā PS_DeletChar
 413          //:  flash版搴涓瀹ID峰濮N涓?绾规ā
 414          //:  PageID(绾瑰妯℃垮)锛Nょ妯℃夸釜般?
 415          //璇存:  妯″杩纭?璁ゅ
 416          unsigned char PS_DeletChar(unsigned short PageID, unsigned short N)
 417          {
 418   1        unsigned char sure; //,p=0;
 419   1      
 420   1        if (AS608_PackHead() == 1)
C51 COMPILER V9.59.0.0   DQIOT_FP_SY                                                       02/25/2021 17:42:54 PAGE 8   

 421   1          return 0xFF;
 422   1        SendFlag(0x01); //戒护璇?
 423   1        SendLength(0x07);
 424   1        Sendcmd(0x0C); /*ゆ瀹绾规ā挎浠*/
 425   1        AS608_SendData(PageID >> 8);
 426   1        AS608_SendData(PageID);
 427   1        AS608_SendData(N >> 8);
 428   1        AS608_SendData(N);
 429   1        SendCheck(0x01 + 0x07 + 0x0C + (PageID >> 8) + (unsigned char)PageID + (N >> 8) + (unsigned char)N);
 430   1      
 431   1        //AS608_DELAY_MS(400);
 432   1      
 433   1        // sure = ReturnFlag(&p);
 434   1        return JudgeStr(1000, 0x03);
 435   1      }
*** WARNING C280 IN LINE 418 OF source\dqiot_fp_sy.c: 'sure': unreferenced local variable
 436          
 437          //楂绱?PS_HighSpeedSearch
 438          //斤浠 CharBuffer1CharBuffer2涓?瑰浠堕绱㈡翠?ㄥ绾瑰?
 439          //      ユ绱㈠帮杩椤电,璇ユ浠ゅ?逛纭瀛ㄤ绾瑰涓? 锛涓诲惰川?
 440          //      寰濂界绾癸浼寰蹇?缁烘绱㈢?
 441          //:  BufferID锛? StartPage(璧峰?椤)锛PageNum锛椤垫帮
 442          //璇存:  妯″杩纭?璁ゅ+椤电锛搁绾规ā匡
 443          unsigned char PS_HighSpeedSearch(unsigned char BufferID, unsigned short StartPage, unsigned short PageNum,
             - unsigned short *p)
 444          {
 445   1        unsigned char ensure;
 446   1      
 447   1        if (AS608_PackHead() == 1)
 448   1          return 0xFF;
 449   1        SendFlag(0x01);
 450   1        SendLength(0x08);
 451   1        Sendcmd(0x1b); /*楂绱㈡绾瑰浠*/
 452   1        AS608_SendData(BufferID);
 453   1        AS608_SendData(StartPage >> 8);
 454   1        AS608_SendData(StartPage);
 455   1        AS608_SendData(PageNum >> 8);
 456   1        AS608_SendData(PageNum);
 457   1        SendCheck(0x01 + 0x08 + 0x1b + BufferID + (StartPage >> 8) + (unsigned char)StartPage + (PageNum >> 8) + 
             -(unsigned char)PageNum);
 458   1      
 459   1        // ensure = ReturnFlag(&rc);
 460   1        ensure = JudgeStr(1000, 0x07);
 461   1      
 462   1        *p = (uart_rec_buff[10] << 8) + uart_rec_buff[11];
 463   1      
 464   1        return ensure;
 465   1      }
 466          
 467          //娓绌烘绾瑰? PS_Empty
 468          //:  flash版搴涓绾规ā?
 469          //:  ?
 470          //璇存:  妯″杩纭?璁ゅ
 471          unsigned char PS_Empty(void)
 472          {
 473   1        if (AS608_PackHead() == 1)
 474   1          return 0xFF;
 475   1        SendFlag(0x01); //戒护璇?
 476   1        SendLength(0x03);
 477   1        Sendcmd(0x0D);
 478   1        SendCheck(0x01 + 0x03 + 0x0D);
 479   1      
C51 COMPILER V9.59.0.0   DQIOT_FP_SY                                                       02/25/2021 17:42:54 PAGE 9   

 480   1        // sure = ReturnFlag(&p);
 481   1        return JudgeStr(1000, 0x03);
 482   1      }
 483          
 484          #if 0
              /**
                * @brief  妫?STM32涓绾规ā淇¤
                * @param  PS_Addr绾规ā板
                * @retval 杩?0??;1琛ㄧず??涓?
>>>>>>> six commit
                */
              unsigned char PS_Connect(unsigned long *PS_Addr)
              {
                PS_Addr = 0;
                if(AS608_PackHead()==1)
<<<<<<< HEAD
C51 COMPILER V9.59.0.0   DQIOT_FP_SY                                                       02/24/2021 17:18:59 PAGE 10  

=======
>>>>>>> six commit
                  return 0xFF;
                AS608_SendData(0X01);
                AS608_SendData(0X00);
                AS608_SendData(0X00);
                return 1;   
              }
              
<<<<<<< HEAD
              //写系统寄存器 PS_WriteReg
              //功能:  写模块寄存器
              //参数:  寄存器序号RegNum:4\5\6
              //说明:  模块返回确认字
=======
              //绯荤瀵瀛 PS_WriteReg
              //:  妯″瀵瀛
              //:  瀵瀛ㄥRegNum:4\5\6
              //璇存:  妯″杩纭?璁ゅ
>>>>>>> six commit
              unsigned char PS_WriteReg(unsigned char RegNum, unsigned char DATA)
              {
                unsigned short temp;
                unsigned short sure,p=0;
              
                if(AS608_PackHead()==1)
                  return 0xFF;
<<<<<<< HEAD
                SendFlag(0x01);//命令包标识
=======
                SendFlag(0x01);//ら?ｇ
>>>>>>> six commit
                SendLength(0x05);
                Sendcmd(0x0E);
                AS608_SendData(RegNum);
                AS608_SendData(DATA);
                temp = RegNum+DATA+0x01+0x05+0x0E;
                SendCheck(temp);
                sure=ReturnFlag(&p);
                return sure;
              }
<<<<<<< HEAD
              /**
                * @brief  读系统基本参数 PS_ReadSysPara
                * @param  无
                * @return 模块返回确认字 + 基本参数（16bytes）
                * @note   读取模块的基本参数（波特率，包大小等)
                * @see    none
                */
=======
              //璇荤郴缁烘? PS_ReadSysPara
              //:  璇诲妯″烘?帮娉㈢圭锛澶у绛?)
              //:  ?
              //璇存:  妯″杩纭?璁ゅ + 烘帮?16bytes锛?
>>>>>>> six commit
              unsigned char PS_ReadSysPara(void)
              {
                unsigned short temp;
                unsigned char  ensure;
                unsigned char  *send_data;
                unsigned short p=0;
                
                if(AS608_PackHead()==1)
                  return 0xFF;
<<<<<<< HEAD
                SendFlag(0x01);//命令包标识
=======
                SendFlag(0x01);//ら?ｇ
>>>>>>> six commit
                SendLength(0x03);
                Sendcmd(0x0F);
                temp = 0x01+0x03+0x0F;
                SendCheck(temp);
                ensure=ReturnFlag(&p);
                if(send_data)
<<<<<<< HEAD
=======
C51 COMPILER V9.59.0.0   DQIOT_FP_SY                                                       02/25/2021 17:42:54 PAGE 10  

>>>>>>> six commit
                {
              
                }   
                else
                  ensure=0xff;
                if(ensure==0x00)
                {
              
                }
                return ensure;
              }
<<<<<<< HEAD
C51 COMPILER V9.59.0.0   DQIOT_FP_SY                                                       02/24/2021 17:18:59 PAGE 11  

              //设置模块地址 PS_SetAddr
              //功能:  设置模块地址
              //参数:  PS_addr
              //说明:  模块返回确认字
=======
              //璁剧疆妯″板 PS_SetAddr
              //:  璁剧疆妯″板
              //:  PS_addr
              //璇存:  妯″杩纭?璁ゅ
>>>>>>> six commit
              unsigned char PS_SetAddr(unsigned long PS_addr)
              {
                unsigned short temp;
                unsigned char  ensure;
              
                if(AS608_PackHead()==1)
                  return 0xFF;
<<<<<<< HEAD
                SendFlag(0x01);//命令包标识
=======
                SendFlag(0x01);//戒护璇?
>>>>>>> six commit
                SendLength(0x07);
                Sendcmd(0x15);
                AS608_SendData(PS_addr>>24);
                AS608_SendData(PS_addr>>16);
                AS608_SendData(PS_addr>>8);
                AS608_SendData(PS_addr);
                temp = 0x01+0x07+0x15
                +(unsigned char)(PS_addr>>24)+(unsigned char)(PS_addr>>16)
                +(unsigned char)(PS_addr>>8) +(unsigned char)PS_addr;       
                SendCheck(temp);
              
                return ensure;
              }
<<<<<<< HEAD
              //功能： 模块内部为用户开辟了256bytes的FLASH空间用于存用户记事本,
              //  该记事本逻辑上被分成 16 个页。
              //参数:  NotePageNum(0~15),Byte32(要写入内容，32个字节)
              //说明:  模块返回确认字
=======
              //斤? 妯″ㄤ负ㄦ峰杈浜256bytesFLASH绌洪寸ㄤ瀛ㄦ疯?颁?,
              //  璇ヨ?颁?昏涓?? 16 涓?椤点?
              //:  NotePageNum(0~15),Byte32(瑕ュ瀹癸32涓?瀛)
              //璇存:  妯″杩纭?璁ゅ
>>>>>>> six commit
              unsigned char PS_WriteNotepad(unsigned char NotePageNum,unsigned char *Byte32)
              {
                unsigned short temp;
                unsigned char  ensure,i;
                
                *Byte32 = 0;
                
                if(AS608_PackHead()==1)
                  return 0xFF;
<<<<<<< HEAD
                SendFlag(0x01); //命令包标识
=======
                SendFlag(0x01); //戒护璇?
>>>>>>> six commit
                SendLength(36);
                Sendcmd(0x18);
                AS608_SendData(NotePageNum);
                for(i=0;i<32;i++)
                {
                  AS608_SendData(Byte32[i]);
                  temp += Byte32[i];
                }
                temp =0x01+36+0x18+NotePageNum+temp;
                SendCheck(temp);
              
                return ensure;
<<<<<<< HEAD
              }
              //读记事PS_ReadNotepad
              //功能：  读取FLASH用户区的128bytes数据
              //参数:  NotePageNum(0~15)
              //说明:  模块返回确认字+用户信息
=======
C51 COMPILER V9.59.0.0   DQIOT_FP_SY                                                       02/25/2021 17:42:54 PAGE 11  

              }
              //璇昏?颁PS_ReadNotepad
              //斤?  璇诲FLASHㄦ峰虹128bytes版
              //:  NotePageNum(0~15)
              //璇存:  妯″杩纭?璁ゅ+ㄦ蜂俊
>>>>>>> six commit
              unsigned char PS_ReadNotepad(unsigned char NotePageNum,unsigned char *Byte32)
              {
                unsigned short temp;
                unsigned char  ensure;
                
                *Byte32 = 0;
<<<<<<< HEAD
C51 COMPILER V9.59.0.0   DQIOT_FP_SY                                                       02/24/2021 17:18:59 PAGE 12  

                
                if(AS608_PackHead()==1)
                  return 0xFF;
                SendFlag(0x01);//命令包标识
=======
                
                if(AS608_PackHead()==1)
                  return 0xFF;
                SendFlag(0x01);//戒护璇?
>>>>>>> six commit
                SendLength(0x04);
                Sendcmd(0x19);
                AS608_SendData(NotePageNum);
                temp = 0x01+0x04+0x19+NotePageNum;
                SendCheck(temp);
              
                return ensure;
              }
              #endif
<<<<<<< HEAD
 683          
 684          //读有效模板个数 PS_ValidTempleteNum
 685          //功能：读有效模板个数
 686          //参数: 无
 687          //说明: 模块返回确认字+有效模板个数ValidN
 688          unsigned char PS_ValidTempleteNum(unsigned short *ValidN)
 689          {
 690   1        unsigned short temp;
 691   1        unsigned char ensure;
 692   1        unsigned short p = 0;
 693   1      
 694   1        if (AS608_PackHead() == 1)
 695   1          return 0xFF;
 696   1        SendFlag(0x01); //命令包标识
 697   1        SendLength(0x03);
 698   1        Sendcmd(0x1d);
 699   1        temp = 0x01 + 0x03 + 0x1d;
 700   1        SendCheck(temp);
 701   1      
 702   1        // ensure = ReturnFlag(&p);
 703   1        ensure = JudgeStr(1000, 0x05);
 704   1      
 705   1        *ValidN = (uart_rec_buff[10] << 8) + uart_rec_buff[11];
 706   1      
 707   1        return ensure;
 708   1      }
 709          
 710          //自动注册模板 PS_AutoEnRoll
 711          //功能：采集一次指纹注册模板，在指纹库中搜索空位并存储，返回存储ID
 712          //参数: 无
 713          //说明: 模块返回确认字+页码（相配指纹模板）
 714          unsigned char PS_AutoEnRoll(unsigned short id, unsigned char num, unsigned short param)
 715          {
 716   1        unsigned short sum;
 717   1      
 718   1        if (AS608_PackHead() == 1)
 719   1          return 0xFF;
 720   1        SendFlag(0x01); //命令包标识
 721   1        SendLength(0x08);
 722   1        Sendcmd(0x31);
 723   1        AS608_SendData(id >> 8);
 724   1        AS608_SendData(id & 0xFF);
 725   1        AS608_SendData(num);
 726   1        AS608_SendData(param >> 8);
 727   1        AS608_SendData(param & 0xFF);
 728   1        sum = 0x01 + 0x08 + 0x31 + (id >> 8) + (id & 0xFF) + num + (param >> 8) + (param & 0xFF);
 729   1        SendCheck(sum);
 730   1      
 731   1        return 0;
C51 COMPILER V9.59.0.0   DQIOT_FP_SY                                                       02/24/2021 17:18:59 PAGE 13  

 732   1      }
 733          
 734          //自动验证指纹 PS_AutoIdentify
 735          //功能：
 736          //1.自动采集指纹，在指纹库中搜索目标模板并返回搜索结果。
 737          //2.如果目标模板同当前采集的指纹比对得分大于最高阀值，并且目标模板为不完整特征则以采集的特征更新目标模板的
             -空白区域。
 738          //参数: 无
 739          //说明: 模块返回确认字+页码（相配指纹模板）
 740          unsigned char PS_AutoIdentify(unsigned short id, unsigned char level, unsigned short param)
 741          {
 742   1        unsigned short sum;
 743   1      
 744   1        if (AS608_PackHead() == 1)
 745   1          return 0xFF;
 746   1        SendFlag(0x01); //命令包标识
 747   1        SendLength(0x08);
 748   1        Sendcmd(0x32);
 749   1        AS608_SendData(level);
 750   1        AS608_SendData(id >> 8);
 751   1        AS608_SendData(id & 0xFF);
 752   1        AS608_SendData(param >> 8);
 753   1        AS608_SendData(param & 0xFF);
 754   1        sum = 0x01 + 0x08 + 0x32 + (id >> 8) + (id & 0xFF) + level + (param >> 8) + (param & 0xFF);
 755   1        SendCheck(sum);
 756   1      
 757   1        return 0;
 758   1      }
 759          
 760          //与AS608握手 PS_HandShake
 761          //参数: PS_Addr地址指针
 762          //说明: 模块返新地址（正确地址） 返回确认码
 763          unsigned char PS_HandShake(unsigned long *PS_Addr)
 764          {
 765   1        unsigned char ensure;
 766   1        *PS_Addr = 0;
 767   1      
 768   1        if (AS608_PackHead() == 1)
 769   1          return 0xFF;
 770   1        SendFlag(0x01);
 771   1        SendLength(0x03);
 772   1        Sendcmd(0x53);
 773   1        SendCheck(0x57);
 774   1        
 775   1        ensure = JudgeStr(1000, 0x03);
 776   1        return ensure;
 777   1      }
 778          
 779          unsigned char PS_Reset(void)
 780          {
 781   1        return 0;
 782   1      }
 783          
 784          unsigned char PS_Sleep(void)
 785          {
 786   1        unsigned short temp;
 787   1        unsigned char ensure;
 788   1      
 789   1        if (AS608_PackHead() == 1)
 790   1          return 0xFF;
 791   1        SendFlag(0x01); //命令包标识
 792   1        SendLength(0x03);
C51 COMPILER V9.59.0.0   DQIOT_FP_SY                                                       02/24/2021 17:18:59 PAGE 14  

 793   1        Sendcmd(0x60);
 794   1        temp = 0x01 + 0x03 + 0x60;
 795   1        SendCheck(temp);
 796   1        return ensure;
 797   1      }
 798          
 799          //void AS608_log(void)
 800          //{
 801          //  unsigned char i =0;
 802          ////  NRF_LOG_PRINTF_DEBUG("receive :");
 803          //  for(i=0;i<25;i++)
 804          //  {
 805          //    NRF_LOG_PRINTF_DEBUG("%2x ",as608_rec_buff[i]);
 806          //  }
 807          //  NRF_LOG_PRINTF_DEBUG("\n");
 808          //}
 809          
 810          void FP_Light(FP_COLOR_E light_id)
 811          {
 812   1        //  if(fp_flag == FP_LT5X)
 813   1        //  {
 814   1        //#ifdef __FP_LT5X_LIGHT_SUPPORT__
 815   1        unsigned short temp;
 816   1      
 817   1        unsigned char sure = 0; //,p=0;
 818   1        if (light_id == Light_Color)
 819   1          return;
 820   1      
 821   1        if (AS608_PackHead() == 1)
 822   1          return;
 823   1        SendFlag(0x01);
 824   1        SendLength(0x07);
 825   1        Sendcmd(0x41);
 826   1        switch (light_id)
 827   1        {
 828   2        case FP_BLUE:
 829   2          AS608_SendData(0x01);
 830   2          AS608_SendData(0x01);
 831   2          AS608_SendData(0x00);
 832   2          AS608_SendData(0x50);
 833   2          temp = 0x01 + 0x07 + 0x41 + 0x02 + 0x50;
 834   2          break;
 835   2        case FP_GREEN:
 836   2          AS608_SendData(0x01);
 837   2          AS608_SendData(0x02);
 838   2          AS608_SendData(0x02);
 839   2          AS608_SendData(0);
 840   2          temp = 0x01 + 0x07 + 0x41 + 0x05 + 0;
 841   2          break;
 842   2        case FP_RED:
 843   2          AS608_SendData(0x01);
 844   2          AS608_SendData(0x04);
 845   2          AS608_SendData(0x04);
 846   2          AS608_SendData(0);
 847   2          temp = 0x01 + 0x07 + 0x41 + 0x09 + 0;
 848   2          break;
 849   2        case FP_NONE_COLOR:
 850   2          AS608_SendData(0x04);
 851   2          AS608_SendData(0x00);
 852   2          AS608_SendData(0x00);
 853   2          AS608_SendData(0xC8);
 854   2          temp = 0x01 + 0x07 + 0x41 + 0x04 + 0xC8;
C51 COMPILER V9.59.0.0   DQIOT_FP_SY                                                       02/24/2021 17:18:59 PAGE 15  

 855   2          break;
 856   2        }
 857   1        SendCheck(temp);
 858   1      
 859   1        //sure=ReturnFlag(&p);
 860   1        sure = JudgeStr(1000, 0x03);
 861   1        //#endif
 862   1        Light_Color = light_id;
 863   1      
 864   1        //  }
 865   1      }
 866          
 867          FP_COLOR_E FP_Get_Light(void)
 868          {
 869   1        return Light_Color;
 870   1      }
 871          
 872          //#endif//__PREIPHERAL_FP_LT5X_SUPPORT__


MODULE INFORMATION:   STATIC OVERLAYABLE
   CODE SIZE        =   1873    ----
   CONSTANT SIZE    =   ----    ----
   XDATA SIZE       =     25      56
=======
 628          
 629          //璇绘妯℃夸釜? PS_ValidTempleteNum
 630          //斤?绘妯℃夸釜?
 631          //: ?
 632          //璇存: 妯″杩纭?璁ゅ+妯℃夸?ValidN
 633          unsigned char PS_ValidTempleteNum(unsigned short *ValidN)
 634          {
 635   1        unsigned char ensure;
 636   1      
 637   1        if (AS608_PackHead() == 1)
 638   1          return 0xFF;
 639   1        SendFlag(0x01); //戒护璇?
 640   1        SendLength(0x03);
 641   1        Sendcmd(0x1d);
 642   1        SendCheck(0x01 + 0x03 + 0x1d);
 643   1      
 644   1        // ensure = ReturnFlag(&p);
 645   1        ensure = JudgeStr(1000, 0x05);
 646   1      
 647   1        *ValidN = (uart_rec_buff[10] << 8) + uart_rec_buff[11];
 648   1      
 649   1        return ensure;
 650   1      }
 651          
 652          unsigned char PS_AutoEnRoll(unsigned short id, unsigned char num, unsigned short param)
 653          {
 654   1        if (AS608_PackHead() == 1)
 655   1          return 0xFF;
 656   1        SendFlag(0x01); //戒护璇?
 657   1        SendLength(0x08);
 658   1        Sendcmd(0x31);
 659   1        AS608_SendData(id >> 8);
 660   1        AS608_SendData(id & 0xFF);
 661   1        AS608_SendData(num);
 662   1        AS608_SendData(param >> 8);
 663   1        AS608_SendData(param & 0xFF);
 664   1        SendCheck(0x01 + 0x08 + 0x31 + (id >> 8) + (id & 0xFF) + num + (param >> 8) + (param & 0xFF));
 665   1      
C51 COMPILER V9.59.0.0   DQIOT_FP_SY                                                       02/25/2021 17:42:54 PAGE 12  

 666   1        return 0;
 667   1      }
 668          
 669          //?ㄩ璇绾? PS_AutoIdentify
 670          //斤?
 671          //1.?ㄩ绾癸ㄦ绾瑰涓?绱㈢?妯℃垮苟杩绱㈢?
 672          //2.濡?妯℃垮褰绾规瀵瑰澶т楂硷骞朵?妯℃夸负涓瀹
             -寸瑰浠ラ瑰存扮?妯℃跨绌虹藉哄?
 673          //: ?
 674          //璇存: 妯″杩纭?璁ゅ+椤电锛搁绾规ā匡
 675          unsigned char PS_AutoIdentify(unsigned short id, unsigned char level, unsigned short param)
 676          {
 677   1        if (AS608_PackHead() == 1)
 678   1          return 0xFF;
 679   1        SendFlag(0x01); //戒护璇?
 680   1        SendLength(0x08);
 681   1        Sendcmd(0x32);
 682   1        AS608_SendData(level);
 683   1        AS608_SendData(id >> 8);
 684   1        AS608_SendData(id & 0xFF);
 685   1        AS608_SendData(param >> 8);
 686   1        AS608_SendData(param & 0xFF);
 687   1        SendCheck(0x01 + 0x08 + 0x32 + (id >> 8) + (id & 0xFF) + level + (param >> 8) + (param & 0xFF));
 688   1      
 689   1        return 0;
 690   1      }
 691          
 692          //涓AS608℃ PS_HandShake
 693          //: PS_Addr板
 694          //璇存: 妯″杩板板锛?ｇ‘板锛?
 695          unsigned char PS_HandShake(unsigned long *PS_Addr)
 696          {
 697   1        *PS_Addr = 0;
 698   1      
 699   1        if (AS608_PackHead() == 1)
 700   1          return 0xFF;
 701   1        SendFlag(0x01);
 702   1        SendLength(0x03);
 703   1        Sendcmd(0x53);
 704   1        SendCheck(0x57);
 705   1      
 706   1        return JudgeStr(1000, 0x03);
 707   1      }
 708          
 709          unsigned char PS_Reset(void)
 710          {
 711   1        return 0;
 712   1      }
 713          
 714          unsigned char PS_Sleep(void)
 715          {
 716   1        if (AS608_PackHead() == 1)
 717   1          return 0xFF;
 718   1        SendFlag(0x01); //戒护璇?
 719   1        SendLength(0x03);
 720   1        Sendcmd(0x60);
 721   1        SendCheck(0x01 + 0x03 + 0x60);
 722   1        return 0;
 723   1      }
 724          
 725          //void AS608_log(void)
 726          //{
C51 COMPILER V9.59.0.0   DQIOT_FP_SY                                                       02/25/2021 17:42:54 PAGE 13  

 727          //  unsigned char i =0;
 728          ////  NRF_LOG_PRINTF_DEBUG("receive :");
 729          //  for(i=0;i<25;i++)
 730          //  {
 731          //    NRF_LOG_PRINTF_DEBUG("%2x ",as608_rec_buff[i]);
 732          //  }
 733          //  NRF_LOG_PRINTF_DEBUG("\n");
 734          //}
 735          
 736          void FP_Light(FP_COLOR_E light_id)
 737          {
 738   1        //  if(fp_flag == FP_LT5X)
 739   1        //  {
 740   1        //#ifdef __FP_LT5X_LIGHT_SUPPORT__
 741   1        unsigned short temp;
 742   1      
 743   1        unsigned char sure = 0; //,p=0;
 744   1        if (light_id == Light_Color)
 745   1          return;
 746   1      
 747   1        if (AS608_PackHead() == 1)
 748   1          return;
 749   1        SendFlag(0x01);
 750   1        SendLength(0x07);
 751   1        Sendcmd(0x41);
 752   1        switch (light_id)
 753   1        {
 754   2        case FP_BLUE:
 755   2          AS608_SendData(0x01);
 756   2          AS608_SendData(0x01);
 757   2          AS608_SendData(0x00);
 758   2          AS608_SendData(0x50);
 759   2          temp = 0x01 + 0x07 + 0x41 + 0x02 + 0x50;
 760   2          break;
 761   2        case FP_GREEN:
 762   2          AS608_SendData(0x01);
 763   2          AS608_SendData(0x02);
 764   2          AS608_SendData(0x02);
 765   2          AS608_SendData(0);
 766   2          temp = 0x01 + 0x07 + 0x41 + 0x05 + 0;
 767   2          break;
 768   2        case FP_RED:
 769   2          AS608_SendData(0x01);
 770   2          AS608_SendData(0x04);
 771   2          AS608_SendData(0x04);
 772   2          AS608_SendData(0);
 773   2          temp = 0x01 + 0x07 + 0x41 + 0x09 + 0;
 774   2          break;
 775   2        case FP_NONE_COLOR:
 776   2          AS608_SendData(0x04);
 777   2          AS608_SendData(0x00);
 778   2          AS608_SendData(0x00);
 779   2          AS608_SendData(0xC8);
 780   2          temp = 0x01 + 0x07 + 0x41 + 0x04 + 0xC8;
 781   2          break;
 782   2        }
 783   1        SendCheck(temp);
 784   1      
 785   1        //sure=ReturnFlag(&p);
 786   1        sure = JudgeStr(1000, 0x03);
 787   1      
 788   1        // if (sure == 0)
C51 COMPILER V9.59.0.0   DQIOT_FP_SY                                                       02/25/2021 17:42:54 PAGE 14  

 789   1        Light_Color = light_id;
 790   1      
 791   1        //#endif
 792   1      
 793   1        //  }
 794   1      }
 795          
 796          FP_COLOR_E FP_Get_Light(void)
 797          {
 798   1        return Light_Color;
 799   1      }
 800          
 801          FP_COLOR_E FP_Set_Light(FP_COLOR_E light_id)
 802          {
 803   1        Light_Color = light_id;
 804   1        return Light_Color;
 805   1      }
 806          
 807          unsigned char FP_Get_Start_Flag(void)
 808          {
 809   1        if (uart_getbuflen > 0)
 810   1        {
 811   2          unsigned char i;
 812   2      
 813   2          for (i = 0; i < uart_getbuflen; i++)
 814   2          {
 815   3            if (uart_get_buf[i] == 0x55)
 816   3            {
 817   4              uart_getbuflen = 0;
 818   4              return 1;
 819   4            }
 820   3          }
 821   2        }
 822   1        return 0;
 823   1      }
 824          
 825          //#endif//__PREIPHERAL_FP_LT5X_SUPPORT__


MODULE INFORMATION:   STATIC OVERLAYABLE
   CODE SIZE        =   1948    ----
   CONSTANT SIZE    =   ----    ----
   XDATA SIZE       =     25      55
>>>>>>> six commit
   PDATA SIZE       =   ----    ----
   DATA SIZE        =   ----    ----
   IDATA SIZE       =   ----    ----
   BIT SIZE         =   ----    ----
   EDATA SIZE       =   ----    ----
   HDATA SIZE       =   ----    ----
   XDATA CONST SIZE =   ----    ----
   FAR CONST SIZE   =   ----    ----
END OF MODULE INFORMATION.


<<<<<<< HEAD
C51 COMPILATION COMPLETE.  0 WARNING(S),  0 ERROR(S)
=======
C51 COMPILATION COMPLETE.  1 WARNING(S),  0 ERROR(S)
>>>>>>> six commit
