C51 COMPILER V9.59.0.0   DQIOT_DRV_TOUCH                                                   04/23/2021 10:12:25 PAGE 1   


C51 COMPILER V9.59.0.0, COMPILATION OF MODULE DQIOT_DRV_TOUCH
OBJECT MODULE PLACED IN .\output\dqiot_drv_touch.obj
COMPILER INVOKED BY: D:\Keil_v5\C51\BIN\C51.EXE source\dqiot_drv_touch.c LARGE OMF2 OPTIMIZE(8,SPEED) BROWSE INCDIR(.\in
                    -clude;.\Library\byd_standard_peripheral\include;.\byd_api\byd_key\include;.\byd_api\byd_mifare\include;.\byd_tool_comm;.
                    -\byd_rfid;.\mmi_inc) DEBUG PRINT(.\list\dqiot_drv_touch.lst) TABS(2) OBJECT(.\output\dqiot_drv_touch.obj)

line level    source

   1          #ifndef __DQIOT_DRV_TOUCH_C__
   2          #define __DQIOT_DRV_TOUCH_C__
   3          
   4          #include "dqiot_drv.h"
   5          #include "byd_ctk.h"
   6          #include "byd_init.h"
   7          
   8          /*
   9          parameter: 
  10            none
  11          return :
  12            none
  13          */
  14          void dqiot_drv_touch_init(void)
  15          {
  16   1      #ifdef BYD_CTK_ENABLE
  17   1        byd_ctk_init();
  18   1      #endif
  19   1      }
  20          
  21          /*
  22          parameter: 
  23            none
  24          return :
  25            none
  26          */
  27          uint8_t dqiot_drv_touch_check(void)
  28          {
  29   1      #ifdef BYD_CTK_ENABLE
  30   1        CSD_ENABLE();
  31   1        byd_ctk_normal();
  32   1        CSD_DISABLE();
  33   1      #endif
  34   1        if(g_bTouchFlag) return 1;
  35   1      
  36   1        return 0;
  37   1      }
  38          
  39          /*
  40          parameter: 
  41            none
  42          return :
  43            none
  44          */
  45          uint8_t dqiot_drv_touch_work(void)
  46          {
  47   1        u8 i = 0xFF;
  48   1      #ifdef BYD_CTK_ENABLE
  49   1        byd_ctk_normal();
  50   1        if(g_bTouchFlag)//tk touch
  51   1        {
  52   2          i = byd_get_maxkey();
  53   2        }
C51 COMPILER V9.59.0.0   DQIOT_DRV_TOUCH                                                   04/23/2021 10:12:25 PAGE 2   

  54   1      
  55   1      #endif
  56   1        return i;
  57   1      }
  58          
  59          /*
  60          parameter: 
  61            none
  62          return :
  63            none
  64          */
  65          uint8_t dqiot_drv_get_touch_flag(void)
  66          {
  67   1        return byd_get_touch_flag();
  68   1      }
  69          
  70          /*
  71          parameter: 
  72            none
  73          return :
  74            none
  75          */
  76          uint8_t dqiot_drv_get_touch_value(void)
  77          {
  78   1        if(byd_get_touch_flag())
  79   1          return byd_get_touch_index();
  80   1        else
  81   1          return 0xFF;
  82   1      }
  83          
  84          #endif


MODULE INFORMATION:   STATIC OVERLAYABLE
   CODE SIZE        =     67    ----
   CONSTANT SIZE    =   ----    ----
   XDATA SIZE       =   ----       1
   PDATA SIZE       =   ----    ----
   DATA SIZE        =   ----    ----
   IDATA SIZE       =   ----    ----
   BIT SIZE         =   ----    ----
   EDATA SIZE       =   ----    ----
   HDATA SIZE       =   ----    ----
   XDATA CONST SIZE =   ----    ----
   FAR CONST SIZE   =   ----    ----
END OF MODULE INFORMATION.


C51 COMPILATION COMPLETE.  0 WARNING(S),  0 ERROR(S)
