C51 COMPILER V9.60.0.0   DQIOT_UART                                                        12/14/2020 21:04:03 PAGE 1   


C51 COMPILER V9.60.0.0, COMPILATION OF MODULE DQIOT_UART
OBJECT MODULE PLACED IN .\output\dqiot_uart.obj
COMPILER INVOKED BY: C:\Keil_v5\C51\BIN\C51.EXE mmi_src\dqiot_uart.c LARGE OMF2 OPTIMIZE(8,SPEED) BROWSE INCDIR(.\includ
                    -e;.\Library\byd_standard_peripheral\include;.\byd_api\byd_key\include;.\byd_api\byd_mifare\include;.\byd_tool_comm;.\byd
                    -_rfid;.\mmi_inc) DEBUG PRINT(.\list\dqiot_uart.lst) TABS(2) OBJECT(.\output\dqiot_uart.obj)

line level    source

   1          /* Copyright (c) 2014 Nordic Semiconductor. All Rights Reserved.
   2           *
   3           * The information contained herein is property of Nordic Semiconductor ASA.
   4           * Terms and conditions of usage are described in detail in NORDIC
   5           * SEMICONDUCTOR STANDARD SOFTWARE LICENSE AGREEMENT.
   6           *
   7           * Licensees are granted free, non-transferable use of the information. NO
   8           * WARRANTY of ANY KIND is provided. This heading must NOT be removed from
   9           * the file.
  10           *
  11           */
  12          
  13          /** @file
  14           * @defgroup uart_example_main main.c
  15           * @{
  16           * @ingroup uart_example
  17           * @brief UART Example Application main file.
  18           *
  19           * This file contains the source code for a sample application using UART.
  20           * 
  21           */
  22          #ifndef __DQIOT_UART_C__
  23          #define __DQIOT_UART_C__
  24          
  25          #include "string.h"
  26          #include "dqiot_uart.h"
  27          #include "mcu02_uart.h"
  28          
  29          unsigned char uart_SendBuffer[15];
  30          unsigned char uart_sendbuflen = 0;
  31          unsigned char uart_SendLen = 0;
  32          
  33          //dqiot_uart_callback uart_callback;
  34          
  35          
  36          //void dqiot_uart_set_callback(dqiot_uart_callback cb)
  37          //{
  38          //  uart_callback = cb;
  39          //}
  40          
  41          
  42          void dqiot_uart_sendData(unsigned char const * const p_data, unsigned char length)
  43          {
  44   1        unsigned char i = 0;
  45   1        memset(uart_SendBuffer,0,15);
  46   1        memcpy(uart_SendBuffer,p_data,length);
  47   1        uart_sendbuflen = length;
  48   1        uart_SendLen= 0;
  49   1      
  50   1        for(i=0;i<length;i++)
  51   1        {
  52   2          uart_tx_byte(UART0,uart_SendBuffer[i]);
  53   2        }
C51 COMPILER V9.60.0.0   DQIOT_UART                                                        12/14/2020 21:04:03 PAGE 2   

  54   1      }
  55          
  56          void dqiot_uart_sendNext(void)
  57          {
  58   1        if(uart_SendLen == 0)
  59   1          //nrf_delay_ms(10);
  60   1        if(uart_SendLen<uart_sendbuflen)
  61   1        {
  62   2          //nrf_drv_uart_tx(&uart_SendBuffer[uart_SendLen],1);
  63   2          uart_SendLen++;
  64   2        }
  65   1      }
  66          #endif //__DQIOT_UART_C__
  67          


MODULE INFORMATION:   STATIC OVERLAYABLE
   CODE SIZE        =    134    ----
   CONSTANT SIZE    =   ----    ----
   XDATA SIZE       =     17       5
   PDATA SIZE       =   ----    ----
   DATA SIZE        =   ----    ----
   IDATA SIZE       =   ----    ----
   BIT SIZE         =   ----    ----
   EDATA SIZE       =   ----    ----
   HDATA SIZE       =   ----    ----
   XDATA CONST SIZE =   ----    ----
   FAR CONST SIZE   =   ----    ----
END OF MODULE INFORMATION.


C51 COMPILATION COMPLETE.  0 WARNING(S),  0 ERROR(S)
