C51 COMPILER V9.59.0.0   DQIOT_DRV_RFID                                                    03/11/2021 16:18:43 PAGE 1   


C51 COMPILER V9.59.0.0, COMPILATION OF MODULE DQIOT_DRV_RFID
OBJECT MODULE PLACED IN .\output\dqiot_drv_rfid.obj
COMPILER INVOKED BY: D:\Keil_v5\C51\BIN\C51.EXE source\dqiot_drv_rfid.c LARGE OMF2 OPTIMIZE(8,SPEED) BROWSE INCDIR(.\inc
                    -lude;.\Library\byd_standard_peripheral\include;.\byd_api\byd_key\include;.\byd_api\byd_mifare\include;.\byd_tool_comm;.\
                    -byd_rfid;.\mmi_inc) DEBUG PRINT(.\list\dqiot_drv_rfid.lst) TABS(2) OBJECT(.\output\dqiot_drv_rfid.obj)

line level    source

   1          #ifndef __DQIOT_DRV_RFID_C__
   2          #define __DQIOT_DRV_RFID_C__
   3          #include "mmi_feature.h"
   4          #ifdef __LOCK_RFID_CARD_SUPPORT__
   5          
   6          #include "byd_init.h"
   7          #include "dqiot_drv.h"
   8          #include "byd_mifare.h"
   9          #include "iso14443.h"
  10          #include "delay.h"
  11          #include "byd_adc.h"
  12          // #include "stdio.h"
  13          
  14          static unsigned short adc_last_value = 0;
  15          /*
  16          parameter: 
  17            none
  18          return :
  19            none
  20          */
  21          void dqiot_drv_rfid_init(void)
  22          {
  23   1      #if 1 //MIFARE_EN
  24   1        rfid_config();
  25   1      #endif
  26   1      }
  27          
  28          /*
  29          parameter: 
  30            none
  31          return :
  32            none
  33          */
  34          uint8_t dqiot_drv_rfid_check(void)
  35          {
  36   1      #if 1 //MIFARE_EN
  37   1        unsigned short adc_value = 0;
  38   1        unsigned short temp = 0;
  39   1        unsigned char ret = 0;
  40   1      
  41   1        RFID_ENABLE();
  42   1        ADC_ENABLE();
  43   1        delay_us(20);
  44   1        temp = get_adc_data(ADC_CHANNEL_7);
  45   1        RFID_DISABLE();
  46   1        ADC_DISABLE();
  47   1      
  48   1        adc_value = temp;
  49   1      
  50   1        // printf("adc value %d\n", (int)adc_value);
  51   1      
  52   1        if (adc_last_value == 0)
  53   1        {
C51 COMPILER V9.59.0.0   DQIOT_DRV_RFID                                                    03/11/2021 16:18:43 PAGE 2   

  54   2          adc_last_value = adc_value;
  55   2        }
  56   1        if (adc_value > 500)
  57   1        {
  58   2          if (adc_value < adc_last_value - 30 || adc_value > adc_last_value + 30) //(adc_value > adc_last_value + 
             -50)||(adc_value < adc_last_value - 50))
  59   2          {
  60   3            return 1;
  61   3          }
  62   2        }
  63   1      #endif
  64   1        return 0;
  65   1      }
  66          
  67          /*
  68          parameter: 
  69            none
  70          return :
  71            none
  72          */
  73          uint8_t dqiot_drv_rfid_get_card_number(uint8_t *uid)
  74          {
  75   1        uint8_t ret = 0;
  76   1        RFID_ENABLE();
  77   1        if (get_card_number(uid) == RETURN_OK)
  78   1          ret = 1;
  79   1        else
  80   1          ret = 0;
  81   1      
  82   1        if (adc_last_value == 0 && ret == 0)
  83   1          dqiot_drv_rfid_check();
  84   1      
  85   1        RFID_DISABLE();
  86   1        return ret;
  87   1      }
  88          #endif
  89          #endif


MODULE INFORMATION:   STATIC OVERLAYABLE
   CODE SIZE        =    160    ----
   CONSTANT SIZE    =   ----    ----
   XDATA SIZE       =      6       2
   PDATA SIZE       =   ----    ----
   DATA SIZE        =   ----    ----
   IDATA SIZE       =   ----    ----
   BIT SIZE         =   ----    ----
   EDATA SIZE       =   ----    ----
   HDATA SIZE       =   ----    ----
   XDATA CONST SIZE =   ----    ----
   FAR CONST SIZE   =   ----    ----
END OF MODULE INFORMATION.


C51 COMPILATION COMPLETE.  0 WARNING(S),  0 ERROR(S)
