C51 COMPILER V9.59.0.0   MAIN                                                              02/19/2021 17:29:46 PAGE 1   


C51 COMPILER V9.59.0.0, COMPILATION OF MODULE MAIN
OBJECT MODULE PLACED IN .\output\main.obj
COMPILER INVOKED BY: D:\Keil_v5\C51\BIN\C51.EXE source\main.c LARGE OMF2 OPTIMIZE(8,SPEED) BROWSE INCDIR(.\include;.\Lib
                    -rary\byd_standard_peripheral\include;.\byd_api\byd_key\include;.\byd_api\byd_mifare\include;.\byd_tool_comm;.\byd_rfid;.
                    -\mmi_inc) DEBUG PRINT(.\list\main.lst) TABS(2) OBJECT(.\output\main.obj)

line level    source

   1          /*!
   2              \file  main.c
   3              \brief main file
   4          */
   5          
   6          #include "main.h"
   7          #include "dqiot_drv.h"
   8          #include "mmi_ms.h"
   9          #include "mmi_fs.h"
  10          #include "mmi_fps.h"
  11          #include "mmi_sys.h"
  12          #include "mmi_audio.h"
  13          #include "mmi_bsp.h"
  14          //#include "stdio.h"
  15          
  16          #define LVDT_EN 1 /* lvdtµÁ—πºÏ≤‚ */
  17          #define ADCVDT_EN 1 /* adcµÁ—πºÏ≤‚ */
  18          
  19          extern uint16_t timer0_count;
  20          
  21          void system_init(void)
  22          {
  23   1        DisableGlobalInterrupt();
  24   1      
  25   1        clock_config(SYS_CLOCK_SEL);
  26   1      
  27   1        BOR_ENABLE();     //power off reset
  28   1        PLL_WAKE_TIME_SET(0); //idle mode wake time
  29   1      
  30   1      #if TRACEMODE_EN
                byd_tracemode_init(0x54, GPIO_PE4_PE5); //debug init
              #endif
  33   1      
  34   1        EnableGlobalInterrupt();
  35   1      
  36   1        XTAL_32K_ENABLE();
  37   1        delay_ms(1500);
  38   1      }
  39          
  40          int main(void)
  41          {
  42   1        unsigned char i = 0;
  43   1      
  44   1        WDT_DISABLE();
  45   1      
  46   1        system_init();
  47   1      
  48   1        mmi_dq_bsp_init();
  49   1      
  50   1        mmi_dq_key_init();
  51   1      
  52   1        mmi_dq_fp_init();
  53   1      
C51 COMPILER V9.59.0.0   MAIN                                                              02/19/2021 17:29:46 PAGE 2   

  54   1        mmi_dq_rfid_init();
  55   1      
  56   1        mmi_dq_aud_init();
  57   1      
  58   1        byd_adc_init();
  59   1      
  60   1        wdt_init(WDT_TIME_2304MS);
  61   1      
  62   1        WDT_ENABLE();
  63   1      
  64   1      #if LVDT_EN     // µ ±ºÏ≤‚
  65   1        lvdt_init(1); /* µÁ—πºÏ≤‚≥ı ºªØ */
  66   1      #endif
  67   1      
  68   1      #if ADCVDT_EN //ø™ª˙ºÏ≤‚
  69   1        adc_VolT(); /* adcµÁ—πºÏ≤‚3.55v */
  70   1      #endif
  71   1      
  72   1        mmi_dq_sys_init();
  73   1      
  74   1        if (mmi_dq_fs_get_init_flag() == FDS_INIT_INVALID)
  75   1        {
  76   2          //mmi_dq_ms_set_sys_state(SYS_STATUS_ADD_ADMIN_PWD);
  77   2      
  78   2          mmi_dq_sys_chg_admin_pwd();
  79   2        }
  80   1        else
  81   1          mmi_dq_ms_set_sys_state(SYS_STATUS_IDLE);
  82   1      
  83   1        //printf("main while satrt");
  84   1      
  85   1        while (1)
  86   1        {
  87   2      #if LVDT_EN
  88   2          lvdt_VolT(); /* µÁ—πºÏ≤‚3v */
  89   2      #endif
  90   2      
  91   2          if (SYS_STATUS_ENTER_SLEEP == mmi_dq_ms_get_sys_state())
  92   2          {
  93   3            //TIMER2_ENABLE();
  94   3      
  95   3            lowpower_idle();
  96   3      
  97   3            mmi_sleep_task_proc();
  98   3          }
  99   2          else if (SYS_STATUS_WAIT_FOR_ENTER_SLEEP == mmi_dq_ms_get_sys_state())
 100   2          {
 101   3            WDT_CTRL = WDT_TIME_2304MS;
 102   3      
 103   3            mmi_wait_sleep_task_proc();
 104   3          }
 105   2          else
 106   2          {
 107   3            mmi_task_proc();
 108   3          }
 109   2      
 110   2          mmi_dq_ms_sys_msg_handle();
 111   2        }
 112   1      }


MODULE INFORMATION:   STATIC OVERLAYABLE
C51 COMPILER V9.59.0.0   MAIN                                                              02/19/2021 17:29:46 PAGE 3   

   CODE SIZE        =    142    ----
   CONSTANT SIZE    =   ----    ----
   XDATA SIZE       =      4       1
   PDATA SIZE       =   ----    ----
   DATA SIZE        =   ----    ----
   IDATA SIZE       =   ----    ----
   BIT SIZE         =   ----    ----
   EDATA SIZE       =   ----    ----
   HDATA SIZE       =   ----    ----
   XDATA CONST SIZE =   ----    ----
   FAR CONST SIZE   =   ----    ----
END OF MODULE INFORMATION.


C51 COMPILATION COMPLETE.  0 WARNING(S),  0 ERROR(S)
