C51 COMPILER V9.59.0.0   MCU02_LOWPOWER                                                    02/25/2021 18:05:26 PAGE 1   


C51 COMPILER V9.59.0.0, COMPILATION OF MODULE MCU02_LOWPOWER
OBJECT MODULE PLACED IN .\output\mcu02_lowpower.obj
COMPILER INVOKED BY: D:\Keil_v5\C51\BIN\C51.EXE Library\byd_standard_peripheral\source\mcu02_lowpower.c LARGE OMF2 OPTIM
                    -IZE(8,SPEED) BROWSE INCDIR(.\include;.\Library\byd_standard_peripheral\include;.\byd_api\byd_key\include;.\byd_api\byd_m
                    -ifare\include;.\byd_tool_comm;.\byd_rfid;.\mmi_inc) DEBUG PRINT(.\list\mcu02_lowpower.lst) TABS(2) OBJECT(.\output\mcu02
                    -_lowpower.obj)

line level    source

   1          /*!
   2              \file  mcu02_lowpower.c
   3              \brief lowpower driver
   4          */
   5          
   6          /*
   7              Copyright (C) 2020 BYD
   8          
   9              2020-05-12, V1.0.0, firmware for mcu02
  10          */
  11          #include "mcu02_lowpower.h"
  12          /*!
  13              \brief      idle
  14              \param[in]  none
  15              \param[out] none
  16              \retval     none
  17          */
  18          void lowpower_idle(void)
  19          {
  20   1        PCON |= 0x01; 
  21   1      }
  22          /*!
  23              \brief      wait
  24              \param[in]  none
  25              \param[out] none
  26              \retval     none
  27          */
  28          void lowpower_wait(void)
  29          {
  30   1        SYS_CLK_CFG |= 0x10;  
  31   1      }


MODULE INFORMATION:   STATIC OVERLAYABLE
   CODE SIZE        =      8    ----
   CONSTANT SIZE    =   ----    ----
   XDATA SIZE       =   ----    ----
   PDATA SIZE       =   ----    ----
   DATA SIZE        =   ----    ----
   IDATA SIZE       =   ----    ----
   BIT SIZE         =   ----    ----
   EDATA SIZE       =   ----    ----
   HDATA SIZE       =   ----    ----
   XDATA CONST SIZE =   ----    ----
   FAR CONST SIZE   =   ----    ----
END OF MODULE INFORMATION.


C51 COMPILATION COMPLETE.  0 WARNING(S),  0 ERROR(S)
