C51 COMPILER V9.59.0.0   MCU02_CLOCK                                                       04/19/2021 17:34:43 PAGE 1   


C51 COMPILER V9.59.0.0, COMPILATION OF MODULE MCU02_CLOCK
OBJECT MODULE PLACED IN .\output\mcu02_clock.obj
COMPILER INVOKED BY: D:\Keil_v5\C51\BIN\C51.EXE Library\byd_standard_peripheral\source\mcu02_clock.c LARGE OMF2 OPTIMIZE
                    -(8,SPEED) BROWSE INCDIR(.\include;.\Library\byd_standard_peripheral\include;.\byd_api\byd_key\include;.\byd_api\byd_mifa
                    -re\include;.\byd_tool_comm;.\byd_rfid;.\mmi_inc) DEBUG PRINT(.\list\mcu02_clock.lst) TABS(2) OBJECT(.\output\mcu02_clock
                    -.obj)

line level    source

   1          /*!
   2              \file  mcu02_clock.c
   3              \brief clock driver
   4          */
   5          
   6          /*
   7              Copyright (C) 2018 BYD
   8          
   9              2020-03-31, V1.0.0, firmware for mcu02
  10          */
  11          
  12          #include "mcu02_clock.h"
  13          
  14          /*!
  15              \brief      sys clock select
  16              \param[in]  sys_clock_sel: system clock select Mhz
  17                      SYS_CLK_1M: system 1Mhz
  18                      SYS_CLK_4M: system 4Mhz
  19                      SYS_CLK_8M: system 8Mhz
  20                      SYS_CLK_12M: system 12Mhz
  21              \param[out] none
  22              \retval     none
  23          */
  24          void clock_config(uint8_t sys_clock_sel)
  25          {
  26   1        SYS_CLK_CFG &= ~(0x0e);
  27   1        SYS_CLK_CFG |= (0x0E&(sys_clock_sel<<1));
  28   1        SYS_CLK_ON; 
  29   1      } 
  30          /*!
  31              \brief      get sys clock
  32              \param[in]  none
  33              \param[out] none
  34              \retval     none
  35          */
  36          uint8_t get_clock_freq(void)
  37          {
  38   1          uint8_t sys_clock;
  39   1      
  40   1        sys_clock = (SYS_CLK_CFG & 0x0e)>>1;
  41   1      
  42   1        if(SYS_CLK_12M == sys_clock)
  43   1        {
  44   2           return SYS_CLK_12M;
  45   2        }
  46   1        else if(SYS_CLK_8M == sys_clock)
  47   1        {
  48   2          return SYS_CLK_8M;
  49   2        }
  50   1        else if(SYS_CLK_4M == sys_clock)
  51   1        {
  52   2          return SYS_CLK_4M;
C51 COMPILER V9.59.0.0   MCU02_CLOCK                                                       04/19/2021 17:34:43 PAGE 2   

  53   2        }
  54   1        else
  55   1        {
  56   2          return SYS_CLK_1M;
  57   2        }
  58   1      }


MODULE INFORMATION:   STATIC OVERLAYABLE
   CODE SIZE        =     50    ----
   CONSTANT SIZE    =   ----    ----
   XDATA SIZE       =   ----    ----
   PDATA SIZE       =   ----    ----
   DATA SIZE        =   ----    ----
   IDATA SIZE       =   ----    ----
   BIT SIZE         =   ----    ----
   EDATA SIZE       =   ----    ----
   HDATA SIZE       =   ----    ----
   XDATA CONST SIZE =   ----    ----
   FAR CONST SIZE   =   ----    ----
END OF MODULE INFORMATION.


C51 COMPILATION COMPLETE.  0 WARNING(S),  0 ERROR(S)
