C51 COMPILER V9.59.0.0   MCU02_IIC                                                         04/09/2021 11:56:16 PAGE 1   


C51 COMPILER V9.59.0.0, COMPILATION OF MODULE MCU02_IIC
OBJECT MODULE PLACED IN .\output\mcu02_iic.obj
COMPILER INVOKED BY: D:\Keil_v5\C51\BIN\C51.EXE Library\byd_standard_peripheral\source\mcu02_iic.c LARGE OMF2 OPTIMIZE(8
                    -,SPEED) BROWSE INCDIR(.\include;.\Library\byd_standard_peripheral\include;.\byd_api\byd_key\include;.\byd_api\byd_mifare
                    -\include;.\byd_tool_comm;.\byd_rfid;.\mmi_inc) DEBUG PRINT(.\list\mcu02_iic.lst) TABS(2) OBJECT(.\output\mcu02_iic.obj)

line level    source

   1          /*!
   2              \file  mcu02_iic.c
   3              \brief iic driver
   4          */
   5          
   6          /*
   7              Copyright (C) 2020 BYD
   8          
   9              2020-07-15, V1.0.0, firmware for mcu02
  10          */
  11          #include "mcu02_iic.h"
  12          
  13          
  14          /*!
  15              \brief      iic port select
  16              \param[in]  port_select : select PC4/PC5 or PE4/PE5 as iic port
  17                \arg      GPIO_PC4_PC5 or GPIO_PE4_PE5
  18              \param[out] none
  19              \retval     none
  20          */
  21          void iic_port_select(uint8_t port_select)
  22          {
  23   1          REG_ADDR = PERIPH_IO_SEL1;    
  24   1        if(port_select == GPIO_PC4_PC5){    
  25   2          REG_DATA &= ~0x10;
  26   2        }else if(port_select == GPIO_PE4_PE5){
  27   2          REG_DATA |= 0x10;
  28   2        }
  29   1      }
  30          


MODULE INFORMATION:   STATIC OVERLAYABLE
   CODE SIZE        =     23    ----
   CONSTANT SIZE    =   ----    ----
   XDATA SIZE       =   ----    ----
   PDATA SIZE       =   ----    ----
   DATA SIZE        =   ----    ----
   IDATA SIZE       =   ----    ----
   BIT SIZE         =   ----    ----
   EDATA SIZE       =   ----    ----
   HDATA SIZE       =   ----    ----
   XDATA CONST SIZE =   ----    ----
   FAR CONST SIZE   =   ----    ----
END OF MODULE INFORMATION.


C51 COMPILATION COMPLETE.  0 WARNING(S),  0 ERROR(S)
