C51 COMPILER V9.59.0.0   MCU02_ADC                                                         03/04/2021 16:35:01 PAGE 1   


C51 COMPILER V9.59.0.0, COMPILATION OF MODULE MCU02_ADC
OBJECT MODULE PLACED IN .\output\mcu02_adc.obj
COMPILER INVOKED BY: D:\Keil_v5\C51\BIN\C51.EXE Library\byd_standard_peripheral\source\mcu02_adc.c LARGE OMF2 OPTIMIZE(8
                    -,SPEED) BROWSE INCDIR(.\include;.\Library\byd_standard_peripheral\include;.\byd_api\byd_key\include;.\byd_api\byd_mifare
                    -\include;.\byd_tool_comm;.\byd_rfid;.\mmi_inc) DEBUG PRINT(.\list\mcu02_adc.lst) TABS(2) OBJECT(.\output\mcu02_adc.obj)

line level    source

   1          /*!
   2              \file  mcu02_adc.c
   3              \brief adc driver
   4          */
   5          
   6          /*
   7              Copyright (C) 2020 BYD
   8          
   9              2020-05-08, V1.0.0, firmware for mcu02
  10          */
  11          #include "mcu02_adc.h"
  12          
  13          
  14          /*!
  15              \brief      close all adc io function
  16              \param[in]  none
  17              \param[out] none
  18              \retval     none
  19          */        
  20          void adc_io_reset(void)
  21          {
  22   1        ADC_IO_CGF0();
  23   1        ADC_IO_CGF1();
  24   1        ADC_IO_CGF2();
  25   1        ADC_IO_CGF3();
  26   1        ADC_IO_CGF4();
  27   1        ADC_IO_CGF5();  
  28   1      }
  29          


MODULE INFORMATION:   STATIC OVERLAYABLE
   CODE SIZE        =     32    ----
   CONSTANT SIZE    =   ----    ----
   XDATA SIZE       =   ----    ----
   PDATA SIZE       =   ----    ----
   DATA SIZE        =   ----    ----
   IDATA SIZE       =   ----    ----
   BIT SIZE         =   ----    ----
   EDATA SIZE       =   ----    ----
   HDATA SIZE       =   ----    ----
   XDATA CONST SIZE =   ----    ----
   FAR CONST SIZE   =   ----    ----
END OF MODULE INFORMATION.


C51 COMPILATION COMPLETE.  0 WARNING(S),  0 ERROR(S)
