<<<<<<< HEAD
C51 COMPILER V9.59.0.0   MMI_MOTOR                                                         02/24/2021 17:19:10 PAGE 1   
=======
C51 COMPILER V9.59.0.0   MMI_MOTOR                                                         02/25/2021 17:43:02 PAGE 1   
>>>>>>> six commit


C51 COMPILER V9.59.0.0, COMPILATION OF MODULE MMI_MOTOR
OBJECT MODULE PLACED IN .\output\mmi_motor.obj
COMPILER INVOKED BY: D:\Keil_v5\C51\BIN\C51.EXE mmi_src\mmi_motor.c LARGE OMF2 OPTIMIZE(8,SPEED) BROWSE INCDIR(.\include
                    -;.\Library\byd_standard_peripheral\include;.\byd_api\byd_key\include;.\byd_api\byd_mifare\include;.\byd_tool_comm;.\byd_
                    -rfid;.\mmi_inc) DEBUG PRINT(.\list\mmi_motor.lst) TABS(2) OBJECT(.\output\mmi_motor.obj)

line level    source

   1          
   2          
   3          #include "mmi_motor.h"
   4          #include "dqiot_drv_motor.h"
   5          
   6          
   7          
   8          /*
   9          parameter: 
  10            none
  11          return :
  12            none
  13          */
  14          void mmi_dq_motor_turn_right(void)
  15          {
  16   1        dqiot_drv_motor_turn_right();
  17   1        return;
  18   1      }
  19          
  20          /*
  21          parameter: 
  22            none
  23          return :
  24            none
  25          */
  26          void mmi_dq_motor_turn_back(void)
  27          {
  28   1        dqiot_drv_motor_turn_back();
  29   1        return;
  30   1      }
  31          
  32          
  33          /*
  34          parameter: 
  35            none
  36          return :
  37            none
  38          */
  39          void mmi_dq_motor_stop(void)
  40          {
  41   1        dqiot_drv_motor_stop();
  42   1        return;
  43   1      }
  44          
  45          
  46          
  47          
  48          
  49          
  50          
  51          
  52          
  53          
<<<<<<< HEAD
C51 COMPILER V9.59.0.0   MMI_MOTOR                                                         02/24/2021 17:19:10 PAGE 2   
=======
C51 COMPILER V9.59.0.0   MMI_MOTOR                                                         02/25/2021 17:43:02 PAGE 2   
>>>>>>> six commit

  54          


MODULE INFORMATION:   STATIC OVERLAYABLE
   CODE SIZE        =      9    ----
   CONSTANT SIZE    =   ----    ----
   XDATA SIZE       =   ----    ----
   PDATA SIZE       =   ----    ----
   DATA SIZE        =   ----    ----
   IDATA SIZE       =   ----    ----
   BIT SIZE         =   ----    ----
   EDATA SIZE       =   ----    ----
   HDATA SIZE       =   ----    ----
   XDATA CONST SIZE =   ----    ----
   FAR CONST SIZE   =   ----    ----
END OF MODULE INFORMATION.


C51 COMPILATION COMPLETE.  0 WARNING(S),  0 ERROR(S)
