<<<<<<< HEAD
C51 COMPILER V9.59.0.0   MMI_BSP                                                           02/24/2021 17:19:09 PAGE 1   
=======
C51 COMPILER V9.59.0.0   MMI_BSP                                                           02/25/2021 17:43:02 PAGE 1   
>>>>>>> six commit


C51 COMPILER V9.59.0.0, COMPILATION OF MODULE MMI_BSP
OBJECT MODULE PLACED IN .\output\mmi_bsp.obj
COMPILER INVOKED BY: D:\Keil_v5\C51\BIN\C51.EXE mmi_src\mmi_bsp.c LARGE OMF2 OPTIMIZE(8,SPEED) BROWSE INCDIR(.\include;.
                    -\Library\byd_standard_peripheral\include;.\byd_api\byd_key\include;.\byd_api\byd_mifare\include;.\byd_tool_comm;.\byd_rf
                    -id;.\mmi_inc) DEBUG PRINT(.\list\mmi_bsp.lst) TABS(2) OBJECT(.\output\mmi_bsp.obj)

line level    source

   1          #ifndef __MMI_BSP_C__
   2          #define __MMI_BSP_C__
   3          
   4          #include "mmi_fps.h"
   5          #include "mmi_feature.h"
   6          #include "dqiot_drv.h"
   7          
   8          /*
   9          parameter: 
  10            none
  11          return :
  12            none
  13          */
  14          void mmi_dq_bsp_init(void)
  15          {
  16   1        dqiot_drv_gpio_init();
  17   1        
  18   1        dqiot_drv_ext_ldo_on();
  19   1      
  20   1        dqiot_drv_key_led_on();
  21   1      
  22   1        
  23   1        dqiot_drv_timer2_init();
  24   1        
  25   1        dqiot_drv_timer2_start();
  26   1        return;
  27   1      }
  28          
  29          /*
  30          parameter: 
  31            none
  32          return :
  33            none
  34          */
  35          void mmi_dq_bsp_wake_up(void)
  36          {
  37   1        dqiot_drv_wake_up();
  38   1      
  39   1      
  40   1      }
  41          
  42          /*
  43          parameter: 
  44            none
  45          return :
  46            none
  47          */
  48          void mmi_dq_bsp_enter_sleep(void)
  49          {
  50   1        dqiot_drv_enter_sleep();
  51   1      
  52   1      }
  53          #endif
<<<<<<< HEAD
C51 COMPILER V9.59.0.0   MMI_BSP                                                           02/24/2021 17:19:09 PAGE 2   
=======
C51 COMPILER V9.59.0.0   MMI_BSP                                                           02/25/2021 17:43:02 PAGE 2   
>>>>>>> six commit



MODULE INFORMATION:   STATIC OVERLAYABLE
   CODE SIZE        =     21    ----
   CONSTANT SIZE    =   ----    ----
   XDATA SIZE       =      4    ----
   PDATA SIZE       =   ----    ----
   DATA SIZE        =   ----    ----
   IDATA SIZE       =   ----    ----
   BIT SIZE         =   ----    ----
   EDATA SIZE       =   ----    ----
   HDATA SIZE       =   ----    ----
   XDATA CONST SIZE =   ----    ----
   FAR CONST SIZE   =   ----    ----
END OF MODULE INFORMATION.


C51 COMPILATION COMPLETE.  0 WARNING(S),  0 ERROR(S)
