C51 COMPILER V9.59.0.0   MMI_COM                                                           03/06/2021 11:30:39 PAGE 1   


C51 COMPILER V9.59.0.0, COMPILATION OF MODULE MMI_COM
OBJECT MODULE PLACED IN .\output\mmi_com.obj
COMPILER INVOKED BY: D:\Keil_v5\C51\BIN\C51.EXE mmi_src\mmi_com.c LARGE OMF2 OPTIMIZE(8,SPEED) BROWSE INCDIR(.\include;.
                    -\Library\byd_standard_peripheral\include;.\byd_api\byd_key\include;.\byd_api\byd_mifare\include;.\byd_tool_comm;.\byd_rf
                    -id;.\mmi_inc) DEBUG PRINT(.\list\mmi_com.lst) TABS(2) OBJECT(.\output\mmi_com.obj)

line level    source

   1          #ifndef __MMI_COM_C__
   2          #define __MMI_COM_C__
   3          
   4          #include "mmi_com.h"
   5          #include "mmi_audio.h"
   6          
   7          const msg_aud_id_list msg_aud_list[] = 
   8          {
   9            //系统
  10            { 
  11              STR_ID_SYSTEM,
  12              AUD_ID_SYSTEM
  13              #ifdef __AUDIO_BUSY_NOT_SUPPOT__
                  ,0xff
                  #endif
  16            },
  17            //系统
  18            {
  19              STR_ID_SYSTEM2,
  20              AUD_ID_SYSTEM2
  21              #ifdef __AUDIO_BUSY_NOT_SUPPOT__
                  ,0xff
                  #endif
  24            },
  25            {
  26              STR_ID_PASSWORD,
  27              AUD_ID_SYS_PASSWORD
  28              #ifdef __AUDIO_BUSY_NOT_SUPPOT__
                  ,0xff
                  #endif
  31            },//密码
  32            {
  33              STR_ID_FINGERPRINT,
  34              AUD_ID_SYS_FP
  35              #ifdef __AUDIO_BUSY_NOT_SUPPOT__
                  ,0xff
                  #endif
  38            },//指纹
  39            {
  40              STR_ID_RF_CARD,
  41              AUD_ID_SYS_RFCARD
  42              #ifdef __AUDIO_BUSY_NOT_SUPPOT__
                  ,0xff
                  #endif
  45            },//RF卡
  46            {
  47              STR_ID_ADMIN,
  48              AUD_ID_SYS_ADMIN
  49              #ifdef __AUDIO_BUSY_NOT_SUPPOT__
                  ,0xff
                  #endif
  52            },//管理员
  53            {
C51 COMPILER V9.59.0.0   MMI_COM                                                           03/06/2021 11:30:39 PAGE 2   

  54              STR_ID_SETTING,
  55              AUD_ID_SYS_SETTING
  56              #ifdef __AUDIO_BUSY_NOT_SUPPOT__
                  ,0xff
                  #endif
  59            },//设置
  60            {
  61              STR_ID_INPUT_68_PWD,
  62              AUD_ID_INPUT_68_PWD
  63              #ifdef __AUDIO_BUSY_NOT_SUPPOT__
                  ,0xff
                  #endif
  66            },//请输入6-8位密码
  67            {
  68              STR_ID_PRESS_HASH_END,
  69          
  70              0xFF
  71              #ifdef __AUDIO_BUSY_NOT_SUPPOT__
                  ,0xff
                  #endif
  74            },//按#键结束
  75            {
  76              STR_ID_PWD_LEN_68,
  77              AUD_ID_PWD_68_LEN
  78              #ifdef __AUDIO_BUSY_NOT_SUPPOT__
                  ,0xff
                  #endif
  81            },//密码应为6-8位
  82            {
  83              STR_ID_INPUT_PWD_AGAIN,
  84              AUD_ID_PWD_INPUT_AGAIN
  85              #ifdef __AUDIO_BUSY_NOT_SUPPOT__
                  ,0xff
                  #endif
  88            },//请再次输入密码
  89            {
  90              STR_ID_ADD_PWD_SUCESS,
  91              AUD_ID_ADD_PWD_SUCESS
  92              #ifdef __AUDIO_BUSY_NOT_SUPPOT__
                  ,0xff
                  #endif
  95            },//号密码添加成功
  96            {
  97              STR_ID_PWD_WRONG,
  98              AUD_ID_PWD_NOT_SAME
  99              #ifdef __AUDIO_BUSY_NOT_SUPPOT__
                  ,0xff
                  #endif
 102            },//两次输入的密码不一致
 103            {
 104              STR_ID_PWD_WRONG_RETRY,
 105              AUD_ID_PWD_NOT_SAME_RETRY
 106              #ifdef __AUDIO_BUSY_NOT_SUPPOT__
                  ,0xff
                  #endif
 109            },//两次输入的密码不一致
 110            {
 111              STR_ID_ADD_CONINUE_CONFIRM,
 112              AUD_ID_CONTINUE_ADD_PWD
 113              #ifdef __AUDIO_BUSY_NOT_SUPPOT__
                  ,0xff
                  #endif
C51 COMPILER V9.59.0.0   MMI_COM                                                           03/06/2021 11:30:39 PAGE 3   

 116            },//继续添加请按#，返回请按*
 117            {
 118              STR_ID_ADD_FAIL,
 119              AUD_ID_ADD_FAIL
 120              #ifdef __AUDIO_BUSY_NOT_SUPPOT__
                  ,0xff
                  #endif
 123            },//添加失败，请联系管理员
 124            {
 125              STR_ID_PWD_FULL,
 126              AUD_ID_PWD_FULL
 127              #ifdef __AUDIO_BUSY_NOT_SUPPOT__
                  ,0xff
                  #endif
 130            },//密码已满，请联系管理员
 131            {
 132              STR_ID_INPUT_OLD_PWD,
 133              AUD_ID_INPUT_OLD_PWD
 134              #ifdef __AUDIO_BUSY_NOT_SUPPOT__
                  ,0xff
                  #endif
 137            },//请输入旧密码
 138            {
 139              STR_ID_PWD_NOT_EXIST,
 140              AUD_ID_PWD_NOT_EXIST
 141              #ifdef __AUDIO_BUSY_NOT_SUPPOT__
                  ,0xff
                  #endif
 144            },//密码不存在，请重新输入
 145            {
 146              STR_ID_INPUT_NEW_PWD,
 147              AUD_ID_INPUT_NEW_PWD
 148              #ifdef __AUDIO_BUSY_NOT_SUPPOT__
                  ,0xff
                  #endif
 151            },//请输入新密码
 152            {
 153              STR_ID_INPUT_NEW_PWD_AGAIN,
 154              AUD_ID_INPUT_NEW_PWD_AGAIN
 155              #ifdef __AUDIO_BUSY_NOT_SUPPOT__
                  ,0xff
                  #endif
 158            },//请再次输入新密码
 159            {
 160              STR_ID_CHG_PWD_SUCESS,
 161              AUD_ID_CHG_PWD_SUCESS
 162              #ifdef __AUDIO_BUSY_NOT_SUPPOT__
                  ,0xff
                  #endif
 165            },//号密码修改成功
 166            {
 167              STR_ID_CHG_FAIL,
 168              AUD_ID_CHG_FAIL
 169              #ifdef __AUDIO_BUSY_NOT_SUPPOT__
                  ,0xff
                  #endif
 172            },//修改失败，请联系管理员
 173            {
 174              STR_ID_PWD_NOT_SAME,
 175              AUD_ID_PWD_OLD_NEW_NOT_SAME
 176              #ifdef __AUDIO_BUSY_NOT_SUPPOT__
                  ,0xff
C51 COMPILER V9.59.0.0   MMI_COM                                                           03/06/2021 11:30:39 PAGE 4   

                  #endif
 179            },//新旧密码不能一致
 180            {
 181              STR_ID_CHG_CONTINUE_CONFIRM,
 182              AUD_ID_CHG_CONTINUE_CONFIRM
 183              #ifdef __AUDIO_BUSY_NOT_SUPPOT__
                  ,0xff
                  #endif
 186            },//继续修改请按#，返回请按*
 187            {
 188              STR_ID_INPUT_DEL_PWD_NUM,
 189              AUD_ID_INPUT_DEL_NUM
 190              #ifdef __AUDIO_BUSY_NOT_SUPPOT__
                  ,0xff
                  #endif
 193            },//请输入要删除的编号或密码
 194            {
 195              STR_NUM_NOT_EXIST,
 196              AUD_ID_NUM_NOT_EXIST
 197              #ifdef __AUDIO_BUSY_NOT_SUPPOT__
                  ,0xff
                  #endif
 200            },//编号不存在，请重新输入
 201            {
 202              STR_ID_DEL_PWD_CONFIRM,
 203              AUD_ID_DEL_PWD_CONFIRM
 204              #ifdef __AUDIO_BUSY_NOT_SUPPOT__
                  ,0xff
                  #endif
 207            },//号密码按#确认删除，取消请按*
 208            {
 209              STR_ID_INPUT_DEL_PWD_AGAIN,
 210              AUD_ID_INPUT_DEL_PWD_AGAIN
 211              #ifdef __AUDIO_BUSY_NOT_SUPPOT__
                  ,0xff
                  #endif
 214            },//请再次输入要删除的密码
 215            {
 216              STR_ID_DEL_PWD_SUCESS,
 217              AUD_ID_DEL_PWD_SUCESS
 218              #ifdef __AUDIO_BUSY_NOT_SUPPOT__
                  ,0xff
                  #endif
 221            },//号密码删除成功
 222            {
 223              STR_ID_DEL_FAIL,
 224              AUD_ID_DEL_FAIL
 225              #ifdef __AUDIO_BUSY_NOT_SUPPOT__
                  ,0xff
                  #endif
 228            },//删除失败，请联系管理员
 229            {
 230              STR_ID_DEL_CONTINUE_CONFIRM,
 231              AUD_ID_DEL_CONFIRM
 232              #ifdef __AUDIO_BUSY_NOT_SUPPOT__
                  ,0xff
                  #endif
 235            },//继续删除请按#，返回请按*
 236            {
 237              STR_ID_CLR_PWD_CONFIRM,
 238              AUD_ID_CLR_PWD_CONFIRM
 239              #ifdef __AUDIO_BUSY_NOT_SUPPOT__
C51 COMPILER V9.59.0.0   MMI_COM                                                           03/06/2021 11:30:39 PAGE 5   

                  ,0xff
                  #endif
 242            },//按#确认删除所有密码，取消请按*
 243            {
 244              STR_ID_CLR_PWD_SUCESS,
 245              AUD_ID_CLR_PWD_SUCESS
 246              #ifdef __AUDIO_BUSY_NOT_SUPPOT__
                  ,0xff
                  #endif
 249            },//删除所有密码成功
 250            {
 251              STR_ID_CLR_PWD_FAIL,
 252              AUD_ID_CLR_PWD_FAIL
 253              #ifdef __AUDIO_BUSY_NOT_SUPPOT__
                  ,0xff
                  #endif
 256            },//删除所有密码失败
 257            {
 258              STR_ID_PRESS_FP,
 259              AUD_ID_PRESS_FP
 260              #ifdef __AUDIO_BUSY_NOT_SUPPOT__
                  ,0xff
                  #endif
 263            },//请按手指
 264            {
 265              STR_ID_PRESS_FP_AGAIN,
 266              AUD_ID_PRESS_FP_AGAIN
 267              #ifdef __AUDIO_BUSY_NOT_SUPPOT__
                  ,0xff
                  #endif
 270            },//请再按一次
 271            {
 272              STR_ID_ADD_FP_SUCESS,
 273              AUD_ID_ADD_FP_SUCESS
 274            },//号指纹添加成功
 275            {
 276              STR_ID_FP_NOT_SAME,
 277              AUD_ID_FP_NOT_SAME
 278              #ifdef __AUDIO_BUSY_NOT_SUPPOT__
                  ,0xff
                  #endif
 281            },//新旧指纹不能一致
 282            {
 283              STR_ID_FP_EXIST,
 284              AUD_ID_FP_EXIST
 285              #ifdef __AUDIO_BUSY_NOT_SUPPOT__
                  ,0xff
                  #endif
 288            },//指纹重复，请换个手指
 289            {
 290              STR_ID_ADD_FAIL_RETRY,
 291              AUD_ID_ADD_FAIL_RETRY
 292              #ifdef __AUDIO_BUSY_NOT_SUPPOT__
                  ,0xff
                  #endif
 295            },//添加失败，请重试
 296            {
 297              STR_ID_FP_FULL,
 298              AUD_ID_FP_FULL
 299              #ifdef __AUDIO_BUSY_NOT_SUPPOT__
                  ,0xff
                  #endif
C51 COMPILER V9.59.0.0   MMI_COM                                                           03/06/2021 11:30:39 PAGE 6   

 302            },//指纹已满，请联系管理员
 303            {
 304              STR_ID_PRESS_OLD_FP,
 305              AUD_ID_PRESS_OLD_FP
 306            },//请按旧指纹
 307            {
 308              STR_ID_PRESS_NEW_FP,
 309              AUD_ID_PRESS_NEW_FP
 310              #ifdef __AUDIO_BUSY_NOT_SUPPOT__
                  ,0xff
                  #endif
 313            },//请按新指纹
 314            {
 315              STR_ID_PRESS_NEW_FP_AGAIN,
 316              AUD_ID_PRESS_NEW_FP_AGAIN
 317              #ifdef __AUDIO_BUSY_NOT_SUPPOT__
                  ,0xff
                  #endif
 320            },//请再按一次新指纹
 321            {
 322              STR_ID_FP_TWICE_NOT_SAME,
 323              AUD_ID_FP_TWICE_NOT_SAME
 324              #ifdef __AUDIO_BUSY_NOT_SUPPOT__
                  ,0xff
                  #endif
 327            },//两次输入的指纹不一致
 328            {
 329              STR_ID_CHG_FP_SUCESS,
 330              AUD_ID_CHG_FP_SUCESS
 331              #ifdef __AUDIO_BUSY_NOT_SUPPOT__
                  ,0xff
                  #endif
 334            },//号指纹修改成功
 335            {
 336              STR_ID_CHG_FAIL_RETRY,
 337              AUD_ID_CHG_FAIL_RETRY
 338              #ifdef __AUDIO_BUSY_NOT_SUPPOT__
                  ,0xff
                  #endif
 341            },//修改失败，请重试
 342            {
 343              STR_ID_INPUT_DEL_FP_NUM,
 344              AUD_ID_INPUT_DEL_FP_NUM
 345              #ifdef __AUDIO_BUSY_NOT_SUPPOT__
                  ,0xff
                  #endif
 348            },//请输入要删除的编号或指纹
 349            {
 350              STR_ID_FP_NOT_EXIST,
 351              AUD_ID_FP_NOT_EXIST
 352              #ifdef __AUDIO_BUSY_NOT_SUPPOT__
                  ,0xff
                  #endif
 355            },//指纹不存在，请重新输入
 356            {
 357              STR_ID_DEL_FP_CONFIRM,
 358              AUD_ID_DEL_FP_CONFIRM
 359              #ifdef __AUDIO_BUSY_NOT_SUPPOT__
                  ,0xff
                  #endif
 362            },//号指纹按#确认删除，取消请按*
 363            {
C51 COMPILER V9.59.0.0   MMI_COM                                                           03/06/2021 11:30:39 PAGE 7   

 364              STR_ID_PRESS_DEL_FP_AGAIN,
 365              AUD_ID_PRESS_DEL_FP_AGAIN
 366              #ifdef __AUDIO_BUSY_NOT_SUPPOT__
                  ,0xff
                  #endif
 369            },//请再按一次要删除的指纹
 370            {
 371              STR_ID_DEL_FP_SUCESS,
 372              AUD_ID_DEL_FP_SUCESS
 373              #ifdef __AUDIO_BUSY_NOT_SUPPOT__
                  ,0xff
                  #endif
 376            },//号指纹删除成功
 377            {
 378              STR_ID_DEL_FAIL_RETRY,
 379              AUD_ID_DEL_FAIL_RETRY
 380              #ifdef __AUDIO_BUSY_NOT_SUPPOT__
                  ,0xff
                  #endif
 383            },//删除失败，请重试
 384            {
 385              STR_ID_CLR_FP_CONFIRM,
 386              AUD_ID_CLR_FP_CONFIRM
 387              #ifdef __AUDIO_BUSY_NOT_SUPPOT__
                  ,0xff
                  #endif
 390            },//按#确认删除所有指纹，取消请按*
 391            {
 392              STR_ID_CLR_FP_SUCESS,
 393              AUD_ID_CLR_FP_SUCESS
 394              #ifdef __AUDIO_BUSY_NOT_SUPPOT__
                  ,0xff
                  #endif
 397            },//删除所有指纹成功
 398            {
 399              STR_ID_CLR_FP_FAIL,
 400              AUD_ID_CLR_FP_FAIL
 401              #ifdef __AUDIO_BUSY_NOT_SUPPOT__
                  ,0xff
                  #endif
 404            },//删除所有指纹失败
 405            {
 406              STR_ID_PRESS_RFCARD,
 407              AUD_ID_PRESS_RFCARD
 408              #ifdef __AUDIO_BUSY_NOT_SUPPOT__
                  ,0xff
                  #endif
 411            },//请刷卡
 412            {
 413              STR_ID_PRESS_RFCARD_AGAIN,
 414              AUD_ID_PRESS_RFCARD_AGAIN
 415              #ifdef __AUDIO_BUSY_NOT_SUPPOT__
                  ,0xff
                  #endif
 418            },//请再刷一次
 419            {
 420              STR_ID_ADD_RFCARD_SUCESS,
 421              AUD_ID_ADD_RFCARD_SUCESS
 422              #ifdef __AUDIO_BUSY_NOT_SUPPOT__
                  ,0xff
                  #endif
 425            },//号RF卡添加成功
C51 COMPILER V9.59.0.0   MMI_COM                                                           03/06/2021 11:30:39 PAGE 8   

 426            {
 427              STR_ID_RFCARD_EXIST,
 428              AUD_ID_RFCARD_EXIST
 429              #ifdef __AUDIO_BUSY_NOT_SUPPOT__
                  ,0xff
                  #endif
 432            },//RF卡已存在，请换张卡
 433            {
 434              STR_ID_RFCARD_FULL,
 435              AUD_ID_RFCARD_FULL
 436              #ifdef __AUDIO_BUSY_NOT_SUPPOT__
                  ,0xff
                  #endif
 439            },//RF卡已满，请联系管理员
 440            {
 441              STR_ID_PRESS_OLD_RFCARD,
 442              AUD_ID_PRESS_OLD_RFCARD
 443              #ifdef __AUDIO_BUSY_NOT_SUPPOT__
                  ,0xff
                  #endif
 446            },//请刷旧卡
 447            {
 448              STR_ID_PRESS_NEW_RFCARD,
 449              AUD_ID_PRESS_NEW_RFCARD
 450              #ifdef __AUDIO_BUSY_NOT_SUPPOT__
                  ,0xff
                  #endif
 453            },//请刷新卡
 454            {
 455              STR_ID_PRESS_NEW_RFCARD_AGAIN,
 456              AUD_ID_PRESS_NEW_RFCARD_AGAIN
 457              #ifdef __AUDIO_BUSY_NOT_SUPPOT__
                  ,0xff
                  #endif
 460            },//请再刷一次新卡
 461            {
 462              STR_ID_CHG_RFCARD_SUCESS,
 463              AUD_ID_CHG_RFCARD_SUCESS
 464              #ifdef __AUDIO_BUSY_NOT_SUPPOT__
                  ,0xff
                  #endif
 467            },//号RF卡修改成功
 468            {
 469              STR_ID_RFCARD_NOT_SAME,
 470              AUD_ID_RFCARD_NOT_SAME
 471              #ifdef __AUDIO_BUSY_NOT_SUPPOT__
                  ,0xff
                  #endif
 474            },//新旧RF卡不能一致
 475            {
 476              STR_ID_INPUT_DEL_RFCARD_NUM,
 477              AUD_ID_INPUT_DEL_RFCARD_NUM
 478              #ifdef __AUDIO_BUSY_NOT_SUPPOT__
                  ,0xff
                  #endif
 481            },//请输入要删除的编号或RF卡
 482            {
 483              STR_ID_RFCARD_NOT_EXIST,
 484              AUD_ID_RFCARD_NOT_EXIST
 485              #ifdef __AUDIO_BUSY_NOT_SUPPOT__
                  ,0xff
                  #endif
C51 COMPILER V9.59.0.0   MMI_COM                                                           03/06/2021 11:30:39 PAGE 9   

 488            },//RF卡不存在，请重新输入
 489            {
 490              STR_ID_RFCARD_DEL_CONFIRM,
 491              AUD_ID_DEL_RFCARD_CONFIRM
 492              #ifdef __AUDIO_BUSY_NOT_SUPPOT__
                  ,0xff
                  #endif
 495            },//号RF卡按#确认删除，取消请按*
 496            {
 497              STR_ID_PRESS_DEL_RFCARD_AGAIN,
 498              AUD_ID_PRESS_DEL_RFCARD_AGAIN
 499              #ifdef __AUDIO_BUSY_NOT_SUPPOT__
                  ,0xff
                  #endif
 502            },//请再刷一次要删除的RF卡
 503            {
 504              STR_ID_DEL_RFCARD_SUCESS,
 505              AUD_ID_DEL_RFCARD_SUCESS
 506              #ifdef __AUDIO_BUSY_NOT_SUPPOT__
                  ,0xff
                  #endif
 509            },//号RF卡删除成功
 510            {
 511              STR_ID_CLR_RFCARD_CONTINUE_CONFIRM,
 512              AUD_ID_CLR_RFCARD_CONFIRM
 513              #ifdef __AUDIO_BUSY_NOT_SUPPOT__
                  ,0xff
                  #endif
 516            },//按#确认删除所有RF卡，取消请按*
 517            {
 518              STR_ID_CLR_RFCARD_SUCESS,
 519              AUD_ID_CLR_RFCARD_SUCESS
 520              #ifdef __AUDIO_BUSY_NOT_SUPPOT__
                  ,0xff
                  #endif
 523            },//删除所有RF卡成功
 524            {
 525              STR_ID_CLR_RFCARD_FAIL,
 526              AUD_ID_CLR_RFCARD_FAIL
 527              #ifdef __AUDIO_BUSY_NOT_SUPPOT__
                  ,0xff
                  #endif
 530            },//删除所有RF卡失败
 531            {
 532              STR_ID_INPUT_OLD_ADMIN_PWD,
 533              AUD_ID_INPUT_ADMIN_PWD
 534              #ifdef __AUDIO_BUSY_NOT_SUPPOT__
                  ,0xff
                  #endif
 537            },//请输入旧管理员密码
 538            {
 539            
 540              STR_ID_INPUT_NEW_ADMIN_PWD,
 541              AUD_ID_INPUT_NEW_ADMIN_PWD
 542              #ifdef __AUDIO_BUSY_NOT_SUPPOT__
                  ,0xff
                  #endif
 545            },//请输入新管理员密码
 546            {
 547              STR_ID_INPUT_NEW_ADMIN_PWD_AGAIN,
 548              AUD_ID_INPUT_NEW_ADMIN_PWD_AGAIN
 549              #ifdef __AUDIO_BUSY_NOT_SUPPOT__
C51 COMPILER V9.59.0.0   MMI_COM                                                           03/06/2021 11:30:39 PAGE 10  

                  ,0xff
                  #endif
 552            },//请再次输入新管理员密码
 553            {
 554              STR_ID_CHG_ADMIN_PWD_SUCESS,
 555              AUD_ID_CHG_ADMIN_PWD_SUCESS
 556              #ifdef __AUDIO_BUSY_NOT_SUPPOT__
                  ,0xff
                  #endif
 559            },//管理员密码修改成功
 560            {
 561              STR_ID_PWD_EXIST,
 562              AUD_ID_PWD_EXIST
 563              #ifdef __AUDIO_BUSY_NOT_SUPPOT__
                  ,0xff
                  #endif
 566            },//密码已存在，请重新输入
 567            {
 568              STR_ID_PRESS_NEW_ADMIN_FP,
 569              AUD_ID_NEW_ADMIN_FP
 570              #ifdef __AUDIO_BUSY_NOT_SUPPOT__
                  ,0xff
                  #endif
 573            },//请按新的管理员指纹
 574            {
 575              STR_ID_PRESS_NEW_ADMIN_FP_AGAIN,
 576              AUD_ID_PRESS_FP_AGAIN
 577              #ifdef __AUDIO_BUSY_NOT_SUPPOT__
                  ,0xff
                  #endif
 580            },//请再按一次
 581            {
 582              STR_ID_ADD_NO1_ADMIN_FP_SUCESS,
 583              AUD_ID_ADD_NO1_ADMIN_FP_SUCESS
 584              #ifdef __AUDIO_BUSY_NOT_SUPPOT__
                  ,0xff
                  #endif
 587            },//1号管理指纹添加成功
 588            {
 589              STR_ID_ADD_NO2_ADMIN_FP_SUCESS,
 590              AUD_ID_ADD_NO2_ADMIN_FP_SUCESS
 591              #ifdef __AUDIO_BUSY_NOT_SUPPOT__
                  ,0xff
                  #endif
 594            },//2号管理指纹添加成功
 595            {
 596              STR_ID_PRO_AUDIO,
 597              AUD_ID_SYS_PRO_AUDIO
 598              #ifdef __AUDIO_BUSY_NOT_SUPPOT__
                  ,0xff
                  #endif
 601            },//提示音
 602            {
 603              STR_ID_CLOSE_PRO_AUDIO_SUCESS,
 604              AUD_ID_CLOSE_PRO_AUDIO_SUCESS
 605              #ifdef __AUDIO_BUSY_NOT_SUPPOT__
                  ,0xff
                  #endif
 608            },//关闭提示音成功
 609            {
 610              STR_ID_CLOSE_PRO_AUDIO_FAIL,
 611              AUD_ID_CLOSE_PRO_AUDIO_FAIL
C51 COMPILER V9.59.0.0   MMI_COM                                                           03/06/2021 11:30:39 PAGE 11  

 612              #ifdef __AUDIO_BUSY_NOT_SUPPOT__
                  ,0xff
                  #endif
 615            },//关闭提示音失败
 616            {
 617              STR_ID_OPEN_PRO_AUDIO_SUCESS,
 618              AUD_ID_OPEN_PRO_AUDIO_SUCESS
 619              #ifdef __AUDIO_BUSY_NOT_SUPPOT__
                  ,0xff
                  #endif
 622            },//开启提示音成功
 623            {
 624              STR_ID_OPEN_PRO_AUDIO_FAIL,
 625              AUD_ID_OPEN_PRO_AUDIO_FAIL
 626              #ifdef __AUDIO_BUSY_NOT_SUPPOT__
                  ,0xff
                  #endif
 629            },//开启提示音失败
 630            {
 631              STR_ID_DBL_OPEN_MODE,
 632              AUD_ID_SYS_DBL_OPEN_MODE
 633              #ifdef __AUDIO_BUSY_NOT_SUPPOT__
                  ,0xff
                  #endif
 636            },//双开门方式
 637            {
 638              STR_ID_SIN_OPEN_MODE_SUCESS,
 639              AUD_ID_SIN_OPEN_MODE_SUCESS
 640              #ifdef __AUDIO_BUSY_NOT_SUPPOT__
                  ,0xff
                  #endif
 643            },//单开门方式设置成功
 644            {
 645              STR_ID_SIN_OPEN_MODE_FAIL,
 646              AUD_ID_SIN_OPEN_MODE_FAIL
 647              #ifdef __AUDIO_BUSY_NOT_SUPPOT__
                  ,0xff
                  #endif
 650            },//单开门方式设置失败
 651            {
 652              STR_ID_DBL_OPEN_MODE_SUCESS,
 653              AUD_ID_DBL_OPEN_MODE_SUCESS
 654              #ifdef __AUDIO_BUSY_NOT_SUPPOT__
                  ,0xff
                  #endif
 657            },//双开门方式设置成功
 658            {
 659              STR_ID_DBL_OPEN_MODE_FAIL,
 660              AUD_ID_DBL_OPEN_MODE_FAIL
 661              #ifdef __AUDIO_BUSY_NOT_SUPPOT__
                  ,0xff
                  #endif
 664            },//双开门方式设置失败
 665            {
 666              STR_ID_RESTORE_SUCESS,
 667              AUD_ID_RESTORE_SUCESS
 668              #ifdef __AUDIO_BUSY_NOT_SUPPOT__
                  ,0xff
                  #endif
 671            },//恢复出厂设置成功
 672            {
 673              STR_ID_RESTORE_FAIL,
C51 COMPILER V9.59.0.0   MMI_COM                                                           03/06/2021 11:30:39 PAGE 12  

 674              AUD_ID_RESTORE_FAIL
 675              #ifdef __AUDIO_BUSY_NOT_SUPPOT__
                  ,0xff
                  #endif
 678            },//恢复出厂设置失败
 679            {
 680              STR_ID_ADD_ADMIN_PWD,
 681              AUD_ID_ADD_ADMIN_PWD_FIRST
 682              #ifdef __AUDIO_BUSY_NOT_SUPPOT__
                  ,0xff
                  #endif
 685            },//请添加管理员密码
 686            {
 687              STR_ID_ADD_ADMIN_PWD_SUCESS,
 688              AUD_ID_ADD_ADMIN_PWD_INIT_SUCESS
 689              #ifdef __AUDIO_BUSY_NOT_SUPPOT__
                  ,0xff
                  #endif
 692            },//管理员密码添加成功
 693            {
 694              STR_ID_INPUT_ADMIN_PWD,
 695              AUD_ID_INPUT_ADMIN_PWD
 696              #ifdef __AUDIO_BUSY_NOT_SUPPOT__
                  ,0xff
                  #endif
 699            },//请输入管理员密码
 700            {
 701              STR_ID_INPUT_ADMIN_PWD_AGAIN,
 702              AUD_ID_INPUT_ADMIN_PWD_INIT_AGAIN
 703              #ifdef __AUDIO_BUSY_NOT_SUPPOT__
                  ,0xff
                  #endif
 706            },//请再次输入管理员密码
 707            {
 708              STR_ID_OPEN_DOOR,
 709              AUD_ID_DOOR_OPEN
 710              #ifdef __AUDIO_BUSY_NOT_SUPPOT__
                  ,0xff
                  #endif
 713            },//已开锁
 714            {
 715              STR_ID_CLOSE_DOOR,
 716              AUD_ID_DOOR_CLOSE
 717              #ifdef __AUDIO_BUSY_NOT_SUPPOT__
                  ,0xff
                  #endif
 720            },//已关锁
 721            {
 722              STR_ID_PWD_WRONG_TRY,
 723              AUD_ID_PWD_WRONG_TRY
 724              #ifdef __AUDIO_BUSY_NOT_SUPPOT__
                  ,0xff
                  #endif
 727            },//密码错误,请重试
 728            {
 729              STR_ID_FP_WRONG_TRY,
 730              AUD_ID_FP_WRONG_TRY
 731              #ifdef __AUDIO_BUSY_NOT_SUPPOT__
                  ,0xff
                  #endif
 734            },//指纹错误，请重试
 735            {
C51 COMPILER V9.59.0.0   MMI_COM                                                           03/06/2021 11:30:39 PAGE 13  

 736              STR_ID_RF_WRONG_TRY,
 737              AUD_ID_RFCARD_WRONG_TRY
 738              #ifdef __AUDIO_BUSY_NOT_SUPPOT__
                  ,0xff
                  #endif
 741            },//RF卡错误，请重试
 742            {
 743              STR_ID_WRONG_EXCEED,
 744              AUD_ID_RONG_TIMES_EXCEED
 745              #ifdef __AUDIO_BUSY_NOT_SUPPOT__
                  ,0xff
                  #endif
 748            },//错误次数已超限制，请分钟后重试
 749            {
 750              STR_ID_LOW_BATTERY,
 751              AUD_ID_LOW_BATTERY
 752              #ifdef __AUDIO_BUSY_NOT_SUPPOT__
                  ,0xff
                  #endif
 755            },//电量低，请及时更换电池
 756            {
 757              STR_ID_CHG_ADMIN_PWD,
 758              AUD_ID_SYS_CHG_ADMIN_PWD
 759              #ifdef __AUDIO_BUSY_NOT_SUPPOT__
                  ,0xff
                  #endif
 762            },//修改管理员密码
 763            {
 764              STR_ID_CHG_ADMIN_FP,
 765              AUD_ID_SYS_CHG_ADMIN_FP
 766              #ifdef __AUDIO_BUSY_NOT_SUPPOT__
                  ,0xff
                  #endif
 769            },//修改管理员指纹
 770            {
 771              STR_ID_OPEN_MODE,
 772              AUD_ID_SYS_OPEN_MODE
 773              #ifdef __AUDIO_BUSY_NOT_SUPPOT__
                  ,0xff
                  #endif
 776            },//开门方式
 777            {
 778              STR_ID_ADD_ADMIN_PWD_FIRST,
 779              AUD_ID_ADD_ADMIN_PWD_FIRST
 780              #ifdef __AUDIO_BUSY_NOT_SUPPOT__
                  ,0xff
                  #endif
 783            },//为了您的使用安全，请先添加管理员密码，按#键结束
 784            {
 785              STR_ID_RESTORE_LOCK_CONTINUE_CONFIRM,
 786              AUD_ID_RESTORE_LOCK_CONTINUE_CONFIRM
 787              #ifdef __AUDIO_BUSY_NOT_SUPPOT__
                  ,0xff
                  #endif
 790            },//按#恢复出厂设置，取消请按*
 791            {
 792              STR_ID_FM_KEY_INPUT,
 793              AUD_ID_FM_KEY_INPUT
 794              #ifdef __AUDIO_BUSY_NOT_SUPPOT__
                  ,0xff
                  #endif
 797            },//请测试所有按键
C51 COMPILER V9.59.0.0   MMI_COM                                                           03/06/2021 11:30:39 PAGE 14  

 798            {
 799              STR_ID_FM_MOTO,
 800              AUD_ID_FM_MOTO
 801              #ifdef __AUDIO_BUSY_NOT_SUPPOT__
                  ,0xff
                  #endif
 804            },//马达测试，通过请按#, 失败请按*
 805            {
 806              STR_ID_FM_RESET,
 807              AUD_ID_FM_RESET
 808              #ifdef __AUDIO_BUSY_NOT_SUPPOT__
                  ,0xff
                  #endif
 811            },//复位键测试，请按复位键
 812            {
 813              STR_ID_FM_TEST_PASS,
 814              AUD_ID_FM_TEST_PASS
 815              #ifdef __AUDIO_BUSY_NOT_SUPPOT__
                  ,0xff
                  #endif
 818            },//测试通过
 819            {
 820              STR_ID_FM_TEST_FAIL,
 821              AUD_ID_FM_TEST_FAIL
 822              #ifdef __AUDIO_BUSY_NOT_SUPPOT__
                  ,0xff
                  #endif
 825            },//测试失败
 826            {
 827              STR_ID_APP_SYN,
 828              AUD_ID_APP_SYN
 829              #ifdef __AUDIO_BUSY_NOT_SUPPOT__
                  ,0xff
                  #endif
 832            },//请使用APP同步时间
 833            {
 834              STR_ID_APP_ADD_SUC,
 835              AUD_ID_APP_ADD_SUC
 836              #ifdef __AUDIO_BUSY_NOT_SUPPOT__
                  ,0xff
                  #endif
 839            },//app添加成功
 840            {
 841              STR_ID_APP_ADD_FAIL,
 842              AUD_ID_APP_ADD_FAIL
 843              #ifdef __AUDIO_BUSY_NOT_SUPPOT__
                  ,0xff
                  #endif
 846            },//app添加成功
 847            {
 848              STR_ID_SET_SUCESS,
 849              AUD_ID_SET_SUCESS
 850              #ifdef __AUDIO_BUSY_NOT_SUPPOT__
                  ,0xff
                  #endif
 853            },
 854            {
 855              STR_ID_MAX_COUNT,
 856              0xFF
 857              #ifdef __AUDIO_BUSY_NOT_SUPPOT__
                  ,0xff
                  #endif
C51 COMPILER V9.59.0.0   MMI_COM                                                           03/06/2021 11:30:39 PAGE 15  

 860            },
 861            {
 862              STR_ID_INVALID_ID,
 863              0xFF
 864              #ifdef __AUDIO_BUSY_NOT_SUPPOT__
                  ,0xff
                  #endif
 867            }
 868          };
 869          #endif//__MMI_COM_C__


MODULE INFORMATION:   STATIC OVERLAYABLE
   CODE SIZE        =   ----    ----
   CONSTANT SIZE    =   ----    ----
   XDATA SIZE       =    246    ----
   PDATA SIZE       =   ----    ----
   DATA SIZE        =   ----    ----
   IDATA SIZE       =   ----    ----
   BIT SIZE         =   ----    ----
   EDATA SIZE       =   ----    ----
   HDATA SIZE       =   ----    ----
   XDATA CONST SIZE =   ----    ----
   FAR CONST SIZE   =   ----    ----
END OF MODULE INFORMATION.


C51 COMPILATION COMPLETE.  0 WARNING(S),  0 ERROR(S)
