C51 COMPILER V9.59.0.0   MMI_RST                                                           03/01/2021 18:11:30 PAGE 1   


C51 COMPILER V9.59.0.0, COMPILATION OF MODULE MMI_RST
OBJECT MODULE PLACED IN .\output\mmi_rst.obj
COMPILER INVOKED BY: D:\Keil_v5\C51\BIN\C51.EXE mmi_src\mmi_rst.c LARGE OMF2 OPTIMIZE(8,SPEED) BROWSE INCDIR(.\include;.
                    -\Library\byd_standard_peripheral\include;.\byd_api\byd_key\include;.\byd_api\byd_mifare\include;.\byd_tool_comm;.\byd_rf
                    -id;.\mmi_inc) DEBUG PRINT(.\list\mmi_rst.lst) TABS(2) OBJECT(.\output\mmi_rst.obj)

line level    source

   1          #ifndef __MMI_RST_C__
   2          #define __MMI_RST_C__
   3          
   4          #include "dqiot_drv.h"
   5          #include "mmi_feature.h"
   6          #include "mmi_rst.h"
   7          #include "mmi_ms.h"
   8          #include "mmi_queue.h"
   9          
  10          static unsigned char rst_flag = 0;
  11          static unsigned int  rst_count = 0;
  12          /*
  13          parameter: 
  14            none
  15          return :
  16            none
  17          */
  18          void mmi_dq_rst_init(void)
  19          {
  20   1      
  21   1      
  22   1      }
  23          
  24          /*
  25          parameter: 
  26            none
  27          return :
  28            none
  29          */
  30          unsigned char mmi_dq_rst_timer_event(void)
  31          {
  32   1        unsigned char ret = 0;
  33   1        if(dqiot_drv_get_reset_pin() == 0)
  34   1        {
  35   2          if(rst_flag == 0)
  36   2          {
  37   3            rst_count ++;
  38   3            if(rst_count >= 40)
  39   3            {
  40   4              rst_flag = 1;
  41   4              //mmi_dq_ms_set_msg_que(QUE_EVENT_RST,QUE_PRO_LOW,0);
  42   4            }
  43   3          } 
  44   2        }
  45   1        else 
  46   1        {
  47   2          rst_count = 0;
  48   2          rst_flag = 0;
  49   2          ret = 1;
  50   2        }
  51   1        return ret;
  52   1      }
  53          
C51 COMPILER V9.59.0.0   MMI_RST                                                           03/01/2021 18:11:30 PAGE 2   

  54          /*
  55          parameter: 
  56            none
  57          return :
  58            none
  59          */
  60          unsigned char mmi_dq_rst_get_pin(void)
  61          {
  62   1        return dqiot_drv_get_reset_pin();
  63   1      
  64   1      }
  65          
  66          /*
  67          parameter: 
  68            none
  69          return :
  70            none
  71          */
  72          unsigned char mmi_dq_rst_get_state(void)
  73          {
  74   1        if(rst_flag == 1)
  75   1        {
  76   2          rst_flag = 2;
  77   2          return 1;
  78   2        }
  79   1        return 0;
  80   1      
  81   1      }
  82          
  83          
  84          
  85          #endif


MODULE INFORMATION:   STATIC OVERLAYABLE
   CODE SIZE        =     97    ----
   CONSTANT SIZE    =   ----    ----
   XDATA SIZE       =      7       1
   PDATA SIZE       =   ----    ----
   DATA SIZE        =   ----    ----
   IDATA SIZE       =   ----    ----
   BIT SIZE         =   ----    ----
   EDATA SIZE       =   ----    ----
   HDATA SIZE       =   ----    ----
   XDATA CONST SIZE =   ----    ----
   FAR CONST SIZE   =   ----    ----
END OF MODULE INFORMATION.


C51 COMPILATION COMPLETE.  0 WARNING(S),  0 ERROR(S)
