C51 COMPILER V9.59.0.0   MMI_AUDIO                                                         04/28/2021 17:03:28 PAGE 1   


C51 COMPILER V9.59.0.0, COMPILATION OF MODULE MMI_AUDIO
OBJECT MODULE PLACED IN .\output\mmi_audio.obj
COMPILER INVOKED BY: D:\Keil_v5\C51\BIN\C51.EXE mmi_src\mmi_audio.c LARGE OMF2 OPTIMIZE(8,SPEED) BROWSE INCDIR(.\include
                    -;.\Library\byd_standard_peripheral\include;.\byd_api\byd_key\include;.\byd_api\byd_mifare\include;.\byd_tool_comm;.\byd_
                    -rfid;.\mmi_inc) DEBUG PRINT(.\list\mmi_audio.lst) TABS(2) OBJECT(.\output\mmi_audio.obj)

line level    source

   1          #ifndef __MMI_AUD_C__
   2          #define __MMI_AUD_C__
   3          
   4          #include "mmi_audio.h"
   5          #include "dqiot_drv_audio.h"
   6          #include "mmi_com.h"
   7          #include "mmi_fs.h"
   8          
   9          #ifdef __LOCK_AUDIO_SUPPORT__
  10          #ifdef __AUD_PLAY_BY_ARR__
  11          
  12          const unsigned char aud_play_arr[] =
  13            {
  14          #if 0
                AUD_BASE_ID_INPUT_68_PWD,AUD_BASE_ID_INPUT_END,0,   //AUD_ID_INPUT_68_PWD = 0,//请输入6-8位密码，
             -#键结束
                AUD_BASE_ID_PWD_68_LEN,AUD_BASE_ID_REINPUT,0,     //AUD_ID_PWD_68_LEN = 3,//密码应为6-8位，请重新
             -入
                AUD_BASE_ID_PWD_INPUT_AGAIN,AUD_BASE_ID_INPUT_END,0,  //AUD_ID_PWD_INPUT_AGAIN = 6,//请再次输入密码
             -，按#键结束
                AUD_BASE_ID_CONTINUE,AUD_BASE_ID_INPUT_BACK,0,      //AUD_ID_CONTINUE = 9,//继续请按#，返回按*
                AUD_BASE_ID_FAIL,AUD_BASE_ID_CONTACT_ADMIN,0,     //AUD_ID_ADD_PWD_FAIL = 12,//添加失败，请联系管
             -员
                AUD_BASE_ID_INPUT_OLD_PWD,AUD_BASE_ID_INPUT_END,0,    //AUD_ID_INPUT_OLD_PWD = 15,//请输入旧密码，
             -#键结束
                AUD_BASE_ID_PWD_NOT_EXIST,AUD_BASE_ID_REINPUT,0,    //AUD_ID_PWD_NOT_EXIST = 18,//密码不存在，请重
             -输入
                AUD_BASE_ID_INPUT_NEW_PWD,AUD_BASE_ID_INPUT_END,0,    //AUD_ID_INPUT_NEW_PWD = 21,//请输入新密码，
             -#键结束
                AUD_BASE_ID_PWD_INPUT_AGAIN,AUD_BASE_ID_INPUT_END,0,  //AUD_ID_INPUT_NEW_PWD_AGAIN = 24,//请再输入新
             -码，按#键结束
                                            //AUD_ID_CHG_FAIL = 12,//修改失败，请联系管理员
                                            //AUD_ID_DEL_FAIL = 12,//删除失败，请联系管理员
                AUD_BASE_ID_INPUT_DEL_PWD,AUD_BASE_ID_INPUT_END,0,    //AUD_ID_INPUT_DEL_NUM = 27,//请输入要删除的
             -号或密码，按#键结束
                AUD_BASE_ID_NUM_NOT_EXIST,AUD_BASE_ID_REINPUT,0,    //AUD_ID_NUM_NOT_EXIST = 30,//编号不存在，请重
             -输入
                AUD_BASE_ID_INPUT_CONFIRM,AUD_BASE_ID_INPUT_BACK,0,   //AUD_ID_DEL_PWD_CONFIRM = 33,//号密码按#键确
             -删除，取消请按*键
                                            //AUD_ID_DEL_CONFIRM = 9,//继续删除请按#，返回请按*
                                            //AUD_ID_CLR_PWD_CONFIRM = 33,//按#键确认删除所有密码，取消请按*键
                AUD_BASE_ID_FAIL,AUD_BASE_ID_RETRY,0,         //AUD_ID_ADD_FAIL_RETRY = 36,//添加失败，请重试
                                            //AUD_ID_CHG_FAIL_RETRY = 36,//修改失败，请重试
                                            //AUD_ID_CHG_CONTINUE_CONFIRM = 9,//继续修改请按#，返回请按*
                //0x27
                AUD_BASE_ID_FP_NOT_EXIST,AUD_BASE_ID_REINPUT,0,     //AUD_ID_FP_NOT_EXIST = 39,//指纹不存在，请重
             -输入
                                            //AUD_ID_DEL_FP_CONFIRM = 33,//号指纹按#确认删除，取消请按*
                                            //AUD_ID_DEL_FAIL_RETRY = 36,//删除失败，请重试
                                            //AUD_ID_CLR_FP_CONFIRM = 33,//按#确认删除所有指纹，取消请按*
                AUD_BASE_ID_RFCARD_NOT_EXIST,AUD_BASE_ID_REINPUT,0,   //AUD_ID_RFCARD_NOT_EXIST = 42,//RF卡不存在，
             -重新输入
                                            //AUD_ID_DEL_RFCARD_CONFIRM = 33,//号RF卡按#确认删除，取消请按*
C51 COMPILER V9.59.0.0   MMI_AUDIO                                                         04/28/2021 17:03:28 PAGE 2   

                                            //AUD_ID_CLR_RFCARD_CONFIRM = 33,//按#确认删除所有RF卡，取消请按*
                AUD_BASE_ID_INPUT_ADMIN_PWD,AUD_BASE_ID_INPUT_END,0,  //AUD_ID_INPUT_ADMIN_PWD = 45,//请输入管理员
             -码，按#键结束
                                            //AUD_ID_INPUT_NEW_ADMIN_PWD = 0,//请输入新管理员密码，按#键结束
                //
                                            //AUD_ID_INPUT_NEW_ADMIN_PWD_AGAIN = 6,//请再次输入新管理员密码，按#键结束
                AUD_BASE_ID_PWD_EXIST,AUD_BASE_ID_REINPUT,0,      //AUD_ID_PWD_EXIST = 48,//密码已存在，请重新输
             -
                AUD_BASE_ID_ADD_ADMIN_PWD_FIRST,AUD_BASE_ID_INPUT_END,0,//AUD_ID_ADD_ADMIN_PWD_FIRST = 51,//为了您的
             -用安全，请先添加管理员密码，按#键结束
                                            //AUD_ID_INPUT_ADMIN_PWD_INIT_AGAIN = 6,//请再次输入管理员密码，按#键结束
                AUD_BASE_ID_PWD_WRONG,AUD_BASE_ID_RETRY,0,        //AUD_ID_PWD_WRONG_TRY = 54,//密码错误,请重试
                AUD_BASE_ID_FP_WRONG,AUD_BASE_ID_RETRY,0,       //AUD_ID_FP_WRONG_TRY = 57,//指纹错误，请重试
                AUD_BASE_ID_RFCARD_WRONG,AUD_BASE_ID_RETRY,0,     //AUD_ID_RFCARD_WRONG_TRY = 60,//RF卡错误，请重试
                //
                AUD_BASE_ID_SYS_NUM_1,AUD_BASE_ID_SYS_CHG_ADMIN_PWD,
                AUD_BASE_ID_SYS_NUM_2,AUD_BASE_ID_SYS_CHG_ADMIN_FP,AUD_BASE_ID_INPUT_BACK,0,    //AUD_ID_SYS_ADMIN = 63,//
             -理员
                AUD_BASE_ID_SYS_NUM_1,AUD_BASE_ID_SYS_PRO_AUDIO,
                AUD_BASE_ID_SYS_NUM_2,AUD_BASE_ID_SYS_OPEN_MODE,AUD_BASE_ID_INPUT_BACK,0, //AUD_ID_SYS_SETTING = 69,//设
             -置
                AUD_BASE_ID_SYS_NUM_1,AUD_BASE_ID_SYS_NO1_ADMIN_FP,
                AUD_BASE_ID_SYS_NUM_2,AUD_BASE_ID_SYS_NO2_ADMIN_FP,AUD_BASE_ID_INPUT_BACK,0,    //AUD_ID_SYS_CHG_ADMIN_FP =
             - 75,//修改管理员指纹
                AUD_BASE_ID_SYS_NUM_1,AUD_BASE_ID_SYS_OPEN_PRO_AUDIO,
                AUD_BASE_ID_SYS_NUM_2,AUD_BASE_ID_SYS_CLOSE_PRO_AUDIO,AUD_BASE_ID_INPUT_BACK,0,   //AUD_ID_SYS_PRO_AUDIO =
             - 81,//提示音
                AUD_BASE_ID_SYS_NUM_1,AUD_BASE_ID_SYS_SIN_OPEN_MODE,
                AUD_BASE_ID_SYS_NUM_2,AUD_BASE_ID_SYS_DBL_OPEN_MODE,AUD_BASE_ID_INPUT_BACK,0,//AUD_ID_SYS_OPEN_MODE = 87,
             -//开门方式
              
                AUD_BASE_ID_SYS_NUM_1,AUD_BASE_ID_SYS_ADMIN,
                AUD_BASE_ID_SYS_NUM_2,AUD_BASE_ID_SYS_SETTING,
                AUD_BASE_ID_SYS_NUM_3,AUD_BASE_ID_SYS_RESTORE,AUD_BASE_ID_INPUT_BACK,0,   //AUD_ID_SYSTEM2 = 93,//系统2
              
                AUD_BASE_ID_SYS_NUM_1,AUD_BASE_ID_SYS_ADD_PWD,
                AUD_BASE_ID_SYS_NUM_2,AUD_BASE_ID_SYS_DEL_PWD,
                AUD_BASE_ID_SYS_NUM_3,AUD_BASE_ID_SYS_CLR_PWD,AUD_BASE_ID_INPUT_BACK,0,   //AUD_ID_SYS_PASSWORD = 101,//
             -码
                AUD_BASE_ID_SYS_NUM_1,AUD_BASE_ID_SYS_ADD_FP,
                AUD_BASE_ID_SYS_NUM_2,AUD_BASE_ID_SYS_DEL_FP,
                AUD_BASE_ID_SYS_NUM_3,AUD_BASE_ID_SYS_CLR_FP,AUD_BASE_ID_INPUT_BACK,0,      //AUD_ID_SYS_FP = 109,//指纹
                AUD_BASE_ID_SYS_NUM_1,AUD_BASE_ID_SYS_ADD_RFCARD,
                AUD_BASE_ID_SYS_NUM_2,AUD_BASE_ID_SYS_DEL_RFCARD,
                AUD_BASE_ID_SYS_NUM_3,AUD_BASE_ID_SYS_CLR_RFCARD,AUD_BASE_ID_INPUT_BACK,0,    //AUD_ID_SYS_RFCARD = 117,//R
             -F卡
              
              
                AUD_BASE_ID_NOT_SAME,AUD_BASE_ID_REINPUT,0,//AUD_ID_PWD_NOT_SAME_RETRY   = 125//两次输入的密码不
             -致,请重新输入
              
                AUD_BASE_ID_SYS_NUM_1,AUD_BASE_ID_SYS_CHG_ADMIN_PWD,
                AUD_BASE_ID_INPUT_BACK,0,   //AUD_ID_SYS_ADMIN2 = 128,//管理员
              #if 1
              #ifdef __LOCK_RFID_CARD_SUPPORT__
              #if defined(__LOCK_FP_SUPPORT__) || defined(__LOCK_FP_SUPPORT2__) || defined(__LOCK_FP_SUPPORT1_2__)
                AUD_BASE_ID_SYS_NUM_1,AUD_BASE_ID_SYS_PASSWORD,
                AUD_BASE_ID_SYS_NUM_2,AUD_BASE_ID_SYS_FP,
                AUD_BASE_ID_SYS_NUM_3,AUD_BASE_ID_SYS_RFCARD,
                AUD_BASE_ID_SYS_NUM_4,AUD_BASE_ID_SYS_ADMIN,
                AUD_BASE_ID_SYS_NUM_5,AUD_BASE_ID_SYS_SETTING,
                AUD_BASE_ID_SYS_NUM_6,AUD_BASE_ID_SYS_RESTORE,AUD_BASE_ID_INPUT_BACK,0,   //AUD_ID_SYSTEM = 132,//系统
C51 COMPILER V9.59.0.0   MMI_AUDIO                                                         04/28/2021 17:03:28 PAGE 3   

              #else 
                AUD_BASE_ID_SYS_NUM_1,AUD_BASE_ID_SYS_PASSWORD,
                AUD_BASE_ID_SYS_NUM_2,AUD_BASE_ID_SYS_RFCARD,
                AUD_BASE_ID_SYS_NUM_3,AUD_BASE_ID_SYS_ADMIN,
                AUD_BASE_ID_SYS_NUM_4,AUD_BASE_ID_SYS_SETTING,
                AUD_BASE_ID_SYS_NUM_5,AUD_BASE_ID_SYS_RESTORE,AUD_BASE_ID_INPUT_BACK,0,   //AUD_ID_SYSTEM = 132,//系统
              #endif
              #else
                AUD_BASE_ID_SYS_NUM_1,AUD_BASE_ID_SYS_PASSWORD,
                AUD_BASE_ID_SYS_NUM_2,AUD_BASE_ID_SYS_FP,
                AUD_BASE_ID_SYS_NUM_3,AUD_BASE_ID_SYS_ADMIN,
                AUD_BASE_ID_SYS_NUM_4,AUD_BASE_ID_SYS_SETTING,
                AUD_BASE_ID_SYS_NUM_5,AUD_BASE_ID_SYS_RESTORE,AUD_BASE_ID_INPUT_BACK,0,   //AUD_ID_SYSTEM = 132,//系统
              #endif
              #endif
              
                //AUD_BASE_ID_SYS_DBL_OPEN_MODE,AUD_BASE_ID_PRESS_FP,0,//AUD_ID_DBL_OPEN_MODE_FP = 145
                //AUD_BASE_ID_SYS_DBL_OPEN_MODE,AUD_BASE_ID_INPUT_68_PWD,0,//AUD_ID_DBL_OPEN_MODE_PASSWORD = 148
              
                    //AUD_ID_ADD_PWD_FULL = 12,//密码已满，请联系管理员
                    //AUD_ID_FP_ADD_FULL = 12,//指纹已满，请联系管理员
                    //AUD_ID_RFCARD_FULL = 12,//RF卡已满，请联系管理员
              #else
 115          
 116              AUD_BASE_ID_INPUT_68_PWD, AUD_BASE_ID_INPUT_END, 0,    //AUD_ID_INPUT_68_PWD = 0,//请输入6-8位密码
             -，按#键结束
 117              AUD_BASE_ID_PWD_68_LEN, AUD_BASE_ID_REINPUT, 0,      //AUD_ID_PWD_68_LEN = 3,//密码应为6-8位，请
             -新输入
 118              AUD_BASE_ID_PWD_INPUT_AGAIN, AUD_BASE_ID_INPUT_END, 0, //AUD_ID_PWD_INPUT_AGAIN = 6,//请再次输入密
             -码，按#键结束
 119              AUD_BASE_ID_CONTINUE, AUD_BASE_ID_INPUT_BACK, 0,     //AUD_ID_CONTINUE = 9,//继续请按#，返回按*
 120              AUD_BASE_ID_FAIL, AUD_BASE_ID_CONTACT_ADMIN, 0,      //AUD_ID_ADD_PWD_FAIL = 12,//添加失败，请联
             -管理员
 121              AUD_BASE_ID_PWD_NOT_EXIST, AUD_BASE_ID_REINPUT, 0,     //AUD_ID_PWD_NOT_EXIST = 15,//密码不存在，
             -重新输入
 122                                           //AUD_ID_DEL_FAIL = 12,//删除失败，请联系管理员
 123              AUD_BASE_ID_INPUT_DEL_PWD, AUD_BASE_ID_INPUT_END, 0,   //AUD_ID_INPUT_DEL_NUM = 18,//请输入要删除
             -编号或密码，按#键结束
 124              AUD_BASE_ID_INPUT_CONFIRM, AUD_BASE_ID_INPUT_BACK, 0,  //AUD_ID_DEL_PWD_CONFIRM = 21,//号密码按#键
             -认删除，取消请按*键
 125                                           //AUD_ID_DEL_CONFIRM = 9,//继续删除请按#，返回请按*
 126                                           //AUD_ID_CLR_PWD_CONFIRM = 21,//按#键确认删除所有密码，取消请按*键
 127              AUD_BASE_ID_FAIL, AUD_BASE_ID_RETRY, 0,          //AUD_ID_ADD_FAIL_RETRY = 24,//添加失败，请重试
 128              //0x27
 129              AUD_BASE_ID_FP_NOT_EXIST, AUD_BASE_ID_REINPUT, 0,    //AUD_ID_FP_NOT_EXIST = 27,//指纹不存在，请
             -新输入
 130                                           //AUD_ID_DEL_FP_CONFIRM = 21,//号指纹按#确认删除，取消请按*
 131                                           //AUD_ID_DEL_FAIL_RETRY = 24,//删除失败，请重试
 132                                           //AUD_ID_CLR_FP_CONFIRM = 21,//按#确认删除所有指纹，取消请按*
 133              AUD_BASE_ID_RFCARD_NOT_EXIST, AUD_BASE_ID_REINPUT, 0,  //AUD_ID_RFCARD_NOT_EXIST = 30,//RF卡不存在
             -请重新输入
 134                                           //AUD_ID_DEL_RFCARD_CONFIRM = 21,//号RF卡按#确认删除，取消请按*
 135                                           //AUD_ID_CLR_RFCARD_CONFIRM = 21,//按#确认删除所有RF卡，取消请按*
 136              AUD_BASE_ID_INPUT_ADMIN_PWD, AUD_BASE_ID_INPUT_END, 0, //AUD_ID_INPUT_ADMIN_PWD = 33,//请输入管理
             -密码，按#键结束
 137                                           //AUD_ID_INPUT_NEW_ADMIN_PWD = 0,//请输入新管理员密码，按#键结束
 138              //
 139              //AUD_ID_INPUT_NEW_ADMIN_PWD_AGAIN = 6,//请再次输入新管理员密码，按#键结束
 140              AUD_BASE_ID_PWD_EXIST, AUD_BASE_ID_REINPUT, 0,         //AUD_ID_PWD_EXIST = 36,//密码已存在，请重
             -输入
 141              AUD_BASE_ID_ADD_ADMIN_PWD_FIRST, AUD_BASE_ID_INPUT_END, 0, //AUD_ID_ADD_ADMIN_PWD_FIRST = 39,//为了您
             -的使用安全，请先添加管理员密码，按#键结束
C51 COMPILER V9.59.0.0   MMI_AUDIO                                                         04/28/2021 17:03:28 PAGE 4   

 142                                             //AUD_ID_INPUT_ADMIN_PWD_INIT_AGAIN = 6,//请再次输入管理员密码，按#键结
             -
 143              AUD_BASE_ID_PWD_WRONG, AUD_BASE_ID_RETRY, 0,         //AUD_ID_PWD_WRONG_TRY = 42,//密码错误,请重试
 144              AUD_BASE_ID_FP_WRONG, AUD_BASE_ID_RETRY, 0,          //AUD_ID_FP_WRONG_TRY = 45,//指纹错误，请重试
 145              AUD_BASE_ID_RFCARD_WRONG, AUD_BASE_ID_RETRY, 0,        //AUD_ID_RFCARD_WRONG_TRY = 48,//RF卡错误，请
             -试
 146              //
 147              AUD_BASE_ID_SYS_NUM_1, AUD_BASE_ID_SYS_CHG_ADMIN_PWD,
 148              AUD_BASE_ID_SYS_NUM_2, AUD_BASE_ID_SYS_CHG_ADMIN_FP, AUD_BASE_ID_INPUT_BACK, 0, //AUD_ID_SYS_ADMIN = 51,
             -//管理员
 149              AUD_BASE_ID_SYS_NUM_1, AUD_BASE_ID_SYS_PRO_AUDIO,
 150              AUD_BASE_ID_SYS_NUM_2, AUD_BASE_ID_SYS_OPEN_MODE,AUD_BASE_ID_INPUT_BACK, 0, //AUD_ID_SYS_SETTING = 57,//
             -设置
 151              AUD_BASE_ID_SYS_NUM_1, AUD_BASE_ID_SYS_NO1_ADMIN_FP,
 152              AUD_BASE_ID_SYS_NUM_2, AUD_BASE_ID_SYS_NO2_ADMIN_FP, AUD_BASE_ID_INPUT_BACK, 0, //AUD_ID_SYS_CHG_ADMIN_F
             -P = 63,//修改管理员指纹
 153              AUD_BASE_ID_SYS_NUM_1, AUD_BASE_ID_SYS_OPEN_PRO_AUDIO,
 154              AUD_BASE_ID_SYS_NUM_2, AUD_BASE_ID_SYS_CLOSE_PRO_AUDIO, AUD_BASE_ID_INPUT_BACK, 0, //AUD_ID_SYS_PRO_AUDI
             -O = 69,//提示音
 155              AUD_BASE_ID_SYS_NUM_1, AUD_BASE_ID_SYS_SIN_OPEN_MODE,
 156              AUD_BASE_ID_SYS_NUM_2, AUD_BASE_ID_SYS_DBL_OPEN_MODE, AUD_BASE_ID_INPUT_BACK, 0, //AUD_ID_SYS_OPEN_MODE 
             -= 75,//开门方式
 157          
 158              AUD_BASE_ID_SYS_NUM_1, AUD_BASE_ID_SYS_ADMIN,
 159              AUD_BASE_ID_SYS_NUM_2, AUD_BASE_ID_SYS_SETTING,
 160              AUD_BASE_ID_SYS_NUM_3, AUD_BASE_ID_SYS_RESTORE, AUD_BASE_ID_INPUT_BACK, 0, //AUD_ID_SYSTEM2 = 81,//系
             -2
 161          
 162              AUD_BASE_ID_SYS_NUM_1, AUD_BASE_ID_SYS_ADD_PWD,
 163              AUD_BASE_ID_SYS_NUM_2, AUD_BASE_ID_SYS_DEL_PWD,
 164              AUD_BASE_ID_SYS_NUM_3, AUD_BASE_ID_SYS_CLR_PWD, AUD_BASE_ID_INPUT_BACK, 0, //AUD_ID_SYS_PASSWORD = 89,//
             -密码
 165              AUD_BASE_ID_SYS_NUM_1, AUD_BASE_ID_SYS_ADD_FP,
 166              AUD_BASE_ID_SYS_NUM_2, AUD_BASE_ID_SYS_DEL_FP,
 167              AUD_BASE_ID_SYS_NUM_3, AUD_BASE_ID_SYS_CLR_FP, AUD_BASE_ID_INPUT_BACK, 0, //AUD_ID_SYS_FP = 97,//指纹
 168              AUD_BASE_ID_SYS_NUM_1, AUD_BASE_ID_SYS_ADD_RFCARD,
 169              AUD_BASE_ID_SYS_NUM_2, AUD_BASE_ID_SYS_DEL_RFCARD,
 170              AUD_BASE_ID_SYS_NUM_3, AUD_BASE_ID_SYS_CLR_RFCARD, AUD_BASE_ID_INPUT_BACK, 0, //AUD_ID_SYS_RFCARD = 105,
             -//RF卡
 171          
 172              AUD_BASE_ID_NOT_SAME, AUD_BASE_ID_REINPUT, 0, //AUD_ID_PWD_NOT_SAME_RETRY  = 113//两次输入的密码
             -一致,请重新输入
 173          
 174              AUD_BASE_ID_SYS_NUM_1, AUD_BASE_ID_SYS_CHG_ADMIN_PWD,
 175              AUD_BASE_ID_INPUT_BACK, 0, //AUD_ID_SYS_ADMIN2 = 116,//管理员
 176          
 177          #ifdef __LOCK_WIFI_SUPPORT__
 178          #ifdef __LOCK_110_SUPPORT__
 179          
 180              AUD_BASE_ID_SYS_NUM_1, AUD_BASE_ID_SYS_PASSWORD,
 181              AUD_BASE_ID_SYS_NUM_2, AUD_BASE_ID_SYS_FP,
 182              AUD_BASE_ID_INPUT_BACK, 0, //AUD_ID_SYS_110 = 120
 183          
 184              AUD_BASE_ID_SYS_NUM_1, AUD_BASE_ID_SYS_ADD_FP,
 185              AUD_BASE_ID_SYS_NUM_2, AUD_BASE_ID_SYS_DEL_FP,
 186              AUD_BASE_ID_INPUT_BACK, 0, //AUD_ID_SYS_FP_110 = 126
 187          
 188          #ifdef __LOCK_RFID_CARD_SUPPORT__
 189          #if defined(__LOCK_FP_SUPPORT__)
                  AUD_BASE_ID_SYS_NUM_1, AUD_BASE_ID_SYS_PASSWORD,
                  AUD_BASE_ID_SYS_NUM_2, AUD_BASE_ID_SYS_FP,
                  AUD_BASE_ID_SYS_NUM_3, AUD_BASE_ID_SYS_RFCARD,
C51 COMPILER V9.59.0.0   MMI_AUDIO                                                         04/28/2021 17:03:28 PAGE 5   

                  AUD_BASE_ID_SYS_NUM_4, AUD_BASE_ID_SYS_ADMIN,
                  AUD_BASE_ID_SYS_NUM_5, AUD_BASE_ID_SYS_SETTING,
                  AUD_BASE_ID_SYS_NUM_6, AUD_BASE_ID_SYS_RESTORE,
                  AUD_BASE_ID_SYS_NUM_7, AUD_BASE_ID_SYS_WIFI,
                  AUD_BASE_ID_SYS_NUM_8, AUD_BASE_ID_SYSTEM_XIEPO,
                  AUD_BASE_ID_INPUT_BACK, 0, //AUD_ID_SYSTEM = 132,//系统
              #else
 200              AUD_BASE_ID_SYS_NUM_1, AUD_BASE_ID_SYS_PASSWORD,
 201              AUD_BASE_ID_SYS_NUM_2, AUD_BASE_ID_SYS_RFCARD,
 202              AUD_BASE_ID_SYS_NUM_3, AUD_BASE_ID_SYS_ADMIN,
 203              AUD_BASE_ID_SYS_NUM_4, AUD_BASE_ID_SYS_SETTING,
 204              AUD_BASE_ID_SYS_NUM_5, AUD_BASE_ID_SYS_RESTORE,
 205              AUD_BASE_ID_SYS_NUM_6, AUD_BASE_ID_SYS_WIFI,
 206              AUD_BASE_ID_SYS_NUM_7, AUD_BASE_ID_SYSTEM_XIEPO,
 207              AUD_BASE_ID_INPUT_BACK, 0, //AUD_ID_SYSTEM = 132,//系统
 208          #endif //fp
 209          #else
              #if defined(__LOCK_FP_SUPPORT__)
                  AUD_BASE_ID_SYS_NUM_1, AUD_BASE_ID_SYS_PASSWORD,
                  AUD_BASE_ID_SYS_NUM_2, AUD_BASE_ID_SYS_FP,
                  AUD_BASE_ID_SYS_NUM_3, AUD_BASE_ID_SYS_ADMIN,
                  AUD_BASE_ID_SYS_NUM_4, AUD_BASE_ID_SYS_SETTING,
                  AUD_BASE_ID_SYS_NUM_5, AUD_BASE_ID_SYS_RESTORE,
                  AUD_BASE_ID_SYS_NUM_6, AUD_BASE_ID_SYS_WIFI,
                  AUD_BASE_ID_SYS_NUM_7, AUD_BASE_ID_SYSTEM_XIEPO,
                  AUD_BASE_ID_INPUT_BACK, 0, //AUD_ID_SYSTEM = 132,//系统
              #else
                  AUD_BASE_ID_SYS_NUM_1, AUD_BASE_ID_SYS_PASSWORD,
                  AUD_BASE_ID_SYS_NUM_2, AUD_BASE_ID_SYS_ADMIN,
                  AUD_BASE_ID_SYS_NUM_3, AUD_BASE_ID_SYS_SETTING,
                  AUD_BASE_ID_SYS_NUM_4, AUD_BASE_ID_SYS_RESTORE,
                  AUD_BASE_ID_SYS_NUM_5, AUD_BASE_ID_SYS_WIFI,
                  AUD_BASE_ID_SYS_NUM_6, AUD_BASE_ID_SYSTEM_XIEPO,
                  AUD_BASE_ID_INPUT_BACK, 0, //AUD_ID_SYSTEM = 132,//系统
              
              #endif //fp
              #endif //rfid
 230          
 231          #else //__LOCK_110_SUPPORT__
              #ifdef __LOCK_RFID_CARD_SUPPORT__
              #if defined(__LOCK_FP_SUPPORT__)
                  AUD_BASE_ID_SYS_NUM_1, AUD_BASE_ID_SYS_PASSWORD,
                  AUD_BASE_ID_SYS_NUM_2, AUD_BASE_ID_SYS_FP,
                  AUD_BASE_ID_SYS_NUM_3, AUD_BASE_ID_SYS_RFCARD,
                  AUD_BASE_ID_SYS_NUM_4, AUD_BASE_ID_SYS_ADMIN,
                  AUD_BASE_ID_SYS_NUM_5, AUD_BASE_ID_SYS_SETTING,
                  AUD_BASE_ID_SYS_NUM_6, AUD_BASE_ID_SYS_RESTORE,
                  AUD_BASE_ID_SYS_NUM_7, AUD_BASE_ID_SYS_WIFI,
                  AUD_BASE_ID_INPUT_BACK, 0, //AUD_ID_SYSTEM = 120,//系统
              #else
                  AUD_BASE_ID_SYS_NUM_1, AUD_BASE_ID_SYS_PASSWORD,
                  AUD_BASE_ID_SYS_NUM_2, AUD_BASE_ID_SYS_RFCARD,
                  AUD_BASE_ID_SYS_NUM_3, AUD_BASE_ID_SYS_ADMIN,
                  AUD_BASE_ID_SYS_NUM_4, AUD_BASE_ID_SYS_SETTING,
                  AUD_BASE_ID_SYS_NUM_5, AUD_BASE_ID_SYS_RESTORE,
                  AUD_BASE_ID_SYS_NUM_6, AUD_BASE_ID_SYS_WIFI,
                  AUD_BASE_ID_INPUT_BACK, 0, //AUD_ID_SYSTEM = 120,//系统
              #endif //fp
              #else
              #if defined(__LOCK_FP_SUPPORT__)
                  AUD_BASE_ID_SYS_NUM_1, AUD_BASE_ID_SYS_PASSWORD,
                  AUD_BASE_ID_SYS_NUM_2, AUD_BASE_ID_SYS_FP,
C51 COMPILER V9.59.0.0   MMI_AUDIO                                                         04/28/2021 17:03:28 PAGE 6   

                  AUD_BASE_ID_SYS_NUM_3, AUD_BASE_ID_SYS_ADMIN,
                  AUD_BASE_ID_SYS_NUM_4, AUD_BASE_ID_SYS_SETTING,
                  AUD_BASE_ID_SYS_NUM_5, AUD_BASE_ID_SYS_RESTORE,
                  AUD_BASE_ID_SYS_NUM_6, AUD_BASE_ID_SYS_WIFI,
                  AUD_BASE_ID_INPUT_BACK, 0, //AUD_ID_SYSTEM = 120,//系统
              #else
                  AUD_BASE_ID_SYS_NUM_1, AUD_BASE_ID_SYS_PASSWORD,
                  AUD_BASE_ID_SYS_NUM_2, AUD_BASE_ID_SYS_ADMIN,
                  AUD_BASE_ID_SYS_NUM_3, AUD_BASE_ID_SYS_SETTING,
                  AUD_BASE_ID_SYS_NUM_4, AUD_BASE_ID_SYS_RESTORE,
                  AUD_BASE_ID_SYS_NUM_5, AUD_BASE_ID_SYS_WIFI,
                  AUD_BASE_ID_INPUT_BACK, 0, //AUD_ID_SYSTEM = 120,//系统
              #endif //fp
              #endif //rfid
              
              #endif //__LOCK_110_SUPPORT__
 271          
 272          #else //__LOCK_WIFI_SUPPORT__
              
              #ifdef __LOCK_RFID_CARD_SUPPORT__
              #if defined(__LOCK_FP_SUPPORT__)
                  AUD_BASE_ID_SYS_NUM_1, AUD_BASE_ID_SYS_PASSWORD,
                  AUD_BASE_ID_SYS_NUM_2, AUD_BASE_ID_SYS_FP,
                  AUD_BASE_ID_SYS_NUM_3, AUD_BASE_ID_SYS_RFCARD,
                  AUD_BASE_ID_SYS_NUM_4, AUD_BASE_ID_SYS_ADMIN,
                  AUD_BASE_ID_SYS_NUM_5, AUD_BASE_ID_SYS_SETTING,
                  AUD_BASE_ID_SYS_NUM_6, AUD_BASE_ID_SYS_RESTORE,
                  AUD_BASE_ID_INPUT_BACK, 0, //AUD_ID_SYSTEM = 120,//系统
              #else
                  AUD_BASE_ID_SYS_NUM_1, AUD_BASE_ID_SYS_PASSWORD,
                  AUD_BASE_ID_SYS_NUM_2, AUD_BASE_ID_SYS_RFCARD,
                  AUD_BASE_ID_SYS_NUM_3, AUD_BASE_ID_SYS_ADMIN,
                  AUD_BASE_ID_SYS_NUM_4, AUD_BASE_ID_SYS_SETTING,
                  AUD_BASE_ID_SYS_NUM_5, AUD_BASE_ID_SYS_RESTORE,
                  AUD_BASE_ID_INPUT_BACK, 0, //AUD_ID_SYSTEM = 120,//系统
              #endif //fp
              #else
              #if defined(__LOCK_FP_SUPPORT__)
                  AUD_BASE_ID_SYS_NUM_1, AUD_BASE_ID_SYS_PASSWORD,
                  AUD_BASE_ID_SYS_NUM_2, AUD_BASE_ID_SYS_FP,
                  AUD_BASE_ID_SYS_NUM_3, AUD_BASE_ID_SYS_ADMIN,
                  AUD_BASE_ID_SYS_NUM_4, AUD_BASE_ID_SYS_SETTING,
                  AUD_BASE_ID_SYS_NUM_5, AUD_BASE_ID_SYS_RESTORE,
                  AUD_BASE_ID_INPUT_BACK, 0, //AUD_ID_SYSTEM = 120,//系统
              #else
                  AUD_BASE_ID_SYS_NUM_1, AUD_BASE_ID_SYS_PASSWORD,
                  AUD_BASE_ID_SYS_NUM_2, AUD_BASE_ID_SYS_ADMIN,
                  AUD_BASE_ID_SYS_NUM_3, AUD_BASE_ID_SYS_SETTING,
                  AUD_BASE_ID_SYS_NUM_4, AUD_BASE_ID_SYS_RESTORE,
                  AUD_BASE_ID_INPUT_BACK, 0, //AUD_ID_SYSTEM = 120,//系统
              #endif //fp
              #endif //rfid
              
              #endif
 309          
 310          //AUD_BASE_ID_SYS_DBL_OPEN_MODE,AUD_BASE_ID_PRESS_FP,0,//AUD_ID_DBL_OPEN_MODE_FP = 145
 311          //AUD_BASE_ID_SYS_DBL_OPEN_MODE,AUD_BASE_ID_INPUT_68_PWD,0,//AUD_ID_DBL_OPEN_MODE_PASSWORD = 148
 312          
 313          //AUD_ID_ADD_PWD_FULL = 12,//密码已满，请联系管理员
 314          //AUD_ID_FP_ADD_FULL = 12,//指纹已满，请联系管理员
 315          //AUD_ID_RFCARD_FULL = 12,//RF卡已满，请联系管理员
 316          
C51 COMPILER V9.59.0.0   MMI_AUDIO                                                         04/28/2021 17:03:28 PAGE 7   

 317          #endif
 318          };
 319          
 320          #endif
 321          
 322          /*
 323          parameter: 
 324            none
 325          return :
 326            none
 327          */
 328          void mmi_dq_aud_init(void)
 329          {
 330   1        dqiot_drv_audio_init();
 331   1      }
 332          
 333          /*
 334          parameter: 
 335            none
 336          return :
 337            none
 338          */
 339          AUD_PLAY_ID mmi_dq_aud_get_audio_id(unsigned char text_id)
 340          {
 341   1        unsigned char i = 0;
 342   1      
 343   1        for (i = 0; msg_aud_list[i].msg_id < STR_ID_MAX_COUNT; i++)
 344   1        {
 345   2          if (msg_aud_list[i].msg_id == text_id)
 346   2          {
 347   3            break;
 348   3          }
 349   2        }
 350   1      
 351   1        return msg_aud_list[i].aud_id;
 352   1      }
 353          
 354          /*
 355          parameter: 
 356            none
 357          return :
 358            none
 359          */
 360          void mmi_dq_aud_play_with_id(unsigned char aud_id)
 361          {
 362   1      #ifdef __AUD_PLAY_BY_ARR__
 363   1        if (aud_id < AUD_BASE_ID_MAX)
 364   1          dqiot_drv_audio_play(aud_id);
 365   1      #if 0
                else if(aud_id == AUD_ID_SYSTEM)
                {
                  unsigned char num = 1;
                  dqiot_drv_audio_play(AUD_BASE_ID_SYS_NUM_0 + num);
                  dqiot_drv_audio_play(AUD_BASE_ID_SYS_PASSWORD);
                  num++;
              #if defined(__LOCK_FP_SUPPORT__) || defined(__LOCK_FP_SUPPORT2__)
                  dqiot_drv_audio_play(AUD_BASE_ID_SYS_NUM_0 + num);
                  dqiot_drv_audio_play(AUD_BASE_ID_SYS_FP);
                  num++;
              #elif defined(__LOCK_FP_SUPPORT1_2__)
                  if(mmi_dq_fp_get_type() != FP_NONE)
                  {
C51 COMPILER V9.59.0.0   MMI_AUDIO                                                         04/28/2021 17:03:28 PAGE 8   

                    dqiot_drv_audio_play(AUD_BASE_ID_SYS_NUM_0 + num);
                    dqiot_drv_audio_play(AUD_BASE_ID_SYS_FP);
                    num++;
                  }
              #endif
              #ifdef __LOCK_RFID_CARD_SUPPORT__ 
                  if(mmi_dq_rfid_get_init_state() == 0)
                  {
                    dqiot_drv_audio_play(AUD_BASE_ID_SYS_NUM_0 + num);
                    dqiot_drv_audio_play(AUD_BASE_ID_SYS_RFCARD);
                    num++;
                  }
              #endif
                  dqiot_drv_audio_play(AUD_BASE_ID_SYS_NUM_0 + num);
                  dqiot_drv_audio_play(AUD_BASE_ID_SYS_ADMIN);
                  num++;
                  dqiot_drv_audio_play(AUD_BASE_ID_SYS_NUM_0 + num);
                  dqiot_drv_audio_play(AUD_BASE_ID_SYS_SETTING);
                  num++;
                  dqiot_drv_audio_play(AUD_BASE_ID_SYS_NUM_0 + num);
                  dqiot_drv_audio_play(AUD_BASE_ID_SYS_RESTORE);
                  dqiot_drv_audio_play(AUD_BASE_ID_INPUT_BACK);
                }
              #endif
 403   1        else
 404   1        {
 405   2          unsigned char a = aud_id - AUD_BASE_ID_MAX;
 406   2          while (aud_play_arr[a] != 0)
 407   2          {
 408   3            dqiot_drv_audio_play(aud_play_arr[a]);
 409   3            a++;
 410   3          }
 411   2        }
 412   1      #else
                dqiot_drv_audio_play(aud_id);
              #endif
 415   1      
 416   1        return;
 417   1      }
 418          
 419          /*
 420          parameter: 
 421            none
 422          return :
 423            none
 424          */
 425          void mmi_dq_aud_play_key_num(unsigned char key_val)
 426          {
 427   1        mmi_dq_aud_stop();
 428   1        //if(mmi_dq_sys_get_pro_sound_state())
 429   1        //  mmi_dq_aud_play_with_id(AUD_ID_PRO_AUDIO,NULL);
 430   1        mmi_dq_aud_play_with_id(AUD_ID_SYS_NUM_0 + key_val);
 431   1      }
 432          
 433          /*
 434          parameter: 
 435            none
 436          return :
 437            none
 438          */
 439          void mmi_dq_aud_play_key_tone(void)
 440          {
C51 COMPILER V9.59.0.0   MMI_AUDIO                                                         04/28/2021 17:03:28 PAGE 9   

 441   1        mmi_dq_aud_stop();
 442   1        if (mmi_dq_fs_get_pro_sound_state() != 0)
 443   1          mmi_dq_aud_play_with_id(AUD_ID_PRO_AUDIO);
 444   1      }
 445          /*
 446          parameter: 
 447            none
 448          return :
 449            none
 450          */
 451          void mmi_dq_aud_stop(void)
 452          {
 453   1        dqiot_drv_audio_stop();
 454   1      }
 455          
 456          /*
 457          parameter: 
 458            none
 459          return :
 460            none
 461          */
 462          unsigned char mmi_dq_aud_get_state(void)
 463          {
 464   1        return dqiot_drv_audio_get_state();
 465   1      }
 466          
 467          /*
 468          parameter: 
 469            none
 470          return :
 471            none
 472          */
 473          unsigned char mmi_dq_aud_get_end_flag(void)
 474          {
 475   1        return dqiot_drv_audio_get_end_flag();
 476   1      }
 477          #endif
 478          #endif //__MMI_AUD_C__


MODULE INFORMATION:   STATIC OVERLAYABLE
   CODE SIZE        =    154    ----
   CONSTANT SIZE    =   ----    ----
   XDATA SIZE       =    148       3
   PDATA SIZE       =   ----    ----
   DATA SIZE        =   ----    ----
   IDATA SIZE       =   ----    ----
   BIT SIZE         =   ----    ----
   EDATA SIZE       =   ----    ----
   HDATA SIZE       =   ----    ----
   XDATA CONST SIZE =   ----    ----
   FAR CONST SIZE   =   ----    ----
END OF MODULE INFORMATION.


C51 COMPILATION COMPLETE.  0 WARNING(S),  0 ERROR(S)
